<?xml version="1.0" encoding="UTF-8" ?>
<testsuite tests="8" failures="0" name="com.ejwa.orm.model.dao.CustomerDAOTest" time="1.071" errors="0" skipped="0">
  <properties>
[...]
</properties>
  <testcase classname="com.ejwa.orm.model.dao.CustomerDAOTest" name="checkThatRegister_customer_signup_email_passwordMatchesCorrectly" time="0.444"/>
  <testcase classname="com.ejwa.orm.model.dao.CustomerDAOTest" name="checkThatFindCustomerMatchingHomeAdressMatchesCorrectly" time="0.12"/>
  <testcase classname="com.ejwa.orm.model.dao.CustomerDAOTest" name="checkThatAuthenticateCustomerMatchesCorrectly" time="0.091"/>
  <testcase classname="com.ejwa.orm.model.dao.CustomerDAOTest" name="checkThatFindCustomerMatchingLastNameMatchesCorrectly" time="0.088"/>
  <testcase classname="com.ejwa.orm.model.dao.CustomerDAOTest" name="checkThatFindCustomerMatchingFirstNameMatchesCorrectly" time="0.098"/>
  <testcase classname="com.ejwa.orm.model.dao.CustomerDAOTest" name="checkThatFindCustomerMatchingFShippingAdressMatchesCorrectly" time="0.073"/>
  <testcase classname="com.ejwa.orm.model.dao.CustomerDAOTest" name="checkThatFindCustomerMatchingIDMatchesCorrectly" time="0.065"/>
  <testcase classname="com.ejwa.orm.model.dao.CustomerDAOTest" name="checkThatis_registered_CustomerCorrectly" time="0.092"/>
</testsuite>