<?xml version="1.0" encoding="UTF-8"?>
<testsuite xmlns:xsi="http://www.w3.org/2001/XMLSchema-instance" xsi:noNamespaceSchemaLocation="https://maven.apache.org/surefire/maven-surefire-plugin/xsd/surefire-test-report.xsd" name="com.ejwa.orm.model.dao.ClothingItemDAOTest" time="1.85" tests="7" errors="0" skipped="1" failures="0">
  <properties>
[...]
</properties>
  <testcase name="checkThatfindMaxClothingItemPricefindsMax" classname="com.ejwa.orm.model.dao.ClothingItemDAOTest" time="0.141"/>
  <testcase name="checkFindClothingItemsWithFilters" classname="com.ejwa.orm.model.dao.ClothingItemDAOTest" time="0.052"/>
  <testcase name="checkThatFindClothingItemsMatchingNameMatchesCorrectly" classname="com.ejwa.orm.model.dao.ClothingItemDAOTest" time="0.035"/>
  <testcase name="checkThatfindMinClothingItemPricefindsMin" classname="com.ejwa.orm.model.dao.ClothingItemDAOTest" time="0.03"/>
  <testcase name="checkThatFindClothingItemsBySearchLabelFindsCorrect" classname="com.ejwa.orm.model.dao.ClothingItemDAOTest" time="0.044"/>
  <testcase name="checkThatFindClothingItemMatchingIDMatchesCorrectly" classname="com.ejwa.orm.model.dao.ClothingItemDAOTest" time="0.036"/>
  <testcase name="checkRemoveAllClothingItems" classname="com.ejwa.orm.model.dao.ClothingItemDAOTest" time="0">
    <skipped/>
  </testcase>
</testsuite>