<?xml version="1.0" encoding="UTF-8" ?>
<testsuite tests="1" failures="0" name="com.ejwa.orm.model.dao.CarDAOTest" time="0.04" errors="1" skipped="0">
  <properties>
[...]
</properties>
  <testcase classname="com.ejwa.orm.model.dao.CarDAOTest" name="checkThatFindCarsMatchingNameMatchesCorrectly" time="0.04">
    <error message="ArquillianServletRunner not found. Could not determine ContextRoot from ProtocolMetadata, please contact DeployableContainer developer." type="java.lang.IllegalArgumentException">java.lang.IllegalArgumentException: ArquillianServletRunner not found. Could not determine ContextRoot from ProtocolMetadata, please contact DeployableContainer developer.
	at org.jboss.arquillian.protocol.servlet.ServletUtil.determineBaseURI(ServletUtil.java:61)
	at org.jboss.arquillian.protocol.servlet.ServletURIHandler.locateTestServlet(ServletURIHandler.java:54)
	at org.jboss.arquillian.protocol.servlet.ServletMethodExecutor.invoke(ServletMethodExecutor.java:75)
	at org.jboss.arquillian.container.test.impl.execution.RemoteTestExecuter.execute(RemoteTestExecuter.java:103)
	at java.base/jdk.internal.reflect.NativeMethodAccessorImpl.invoke0(Native Method)
	at java.base/jdk.internal.reflect.NativeMethodAccessorImpl.invoke(NativeMethodAccessorImpl.java:62)
	at java.base/jdk.internal.reflect.DelegatingMethodAccessorImpl.invoke(DelegatingMethodAccessorImpl.java:43)
	at java.base/java.lang.reflect.Method.invoke(Method.java:567)
	at org.jboss.arquillian.core.impl.ObserverImpl.invoke(ObserverImpl.java:86)
	at org.jboss.arquillian.core.impl.EventContextImpl.invokeObservers(EventContextImpl.java:103)
	at org.jboss.arquillian.core.impl.EventContextImpl.proceed(EventContextImpl.java:90)
	at org.jboss.arquillian.core.impl.ManagerImpl.fire(ManagerImpl.java:133)
	at org.jboss.arquillian.core.impl.ManagerImpl.fire(ManagerImpl.java:105)
	at org.jboss.arquillian.core.impl.EventImpl.fire(EventImpl.java:62)
	at org.jboss.arquillian.container.test.impl.execution.ClientTestExecuter.execute(ClientTestExecuter.java:52)
	at java.base/jdk.internal.reflect.NativeMethodAccessorImpl.invoke0(Native Method)
	at java.base/jdk.internal.reflect.NativeMethodAccessorImpl.invoke(NativeMethodAccessorImpl.java:62)
	at java.base/jdk.internal.reflect.DelegatingMethodAccessorImpl.invoke(DelegatingMethodAccessorImpl.java:43)
	at java.base/java.lang.reflect.Method.invoke(Method.java:567)
	at org.jboss.arquillian.core.impl.ObserverImpl.invoke(ObserverImpl.java:86)
	at org.jboss.arquillian.core.impl.EventContextImpl.invokeObservers(EventContextImpl.java:103)
	at org.jboss.arquillian.core.impl.EventContextImpl.proceed(EventContextImpl.java:90)
	at org.jboss.arquillian.container.test.impl.client.ContainerEventController.createContext(ContainerEventController.java:128)
	at org.jboss.arquillian.container.test.impl.client.ContainerEventController.createTestContext(ContainerEventController.java:118)
	at java.base/jdk.internal.reflect.NativeMethodAccessorImpl.invoke0(Native Method)
	at java.base/jdk.internal.reflect.NativeMethodAccessorImpl.invoke(NativeMethodAccessorImpl.java:62)
	at java.base/jdk.internal.reflect.DelegatingMethodAccessorImpl.invoke(DelegatingMethodAccessorImpl.java:43)
	at java.base/java.lang.reflect.Method.invoke(Method.java:567)
	at org.jboss.arquillian.core.impl.ObserverImpl.invoke(ObserverImpl.java:86)
	at org.jboss.arquillian.core.impl.EventContextImpl.proceed(EventContextImpl.java:95)
	at org.jboss.arquillian.test.impl.TestContextHandler.createSuiteContext(TestContextHandler.java:69)
	at java.base/jdk.internal.reflect.NativeMethodAccessorImpl.invoke0(Native Method)
	at java.base/jdk.internal.reflect.NativeMethodAccessorImpl.invoke(NativeMethodAccessorImpl.java:62)
	at java.base/jdk.internal.reflect.DelegatingMethodAccessorImpl.invoke(DelegatingMethodAccessorImpl.java:43)
	at java.base/java.lang.reflect.Method.invoke(Method.java:567)
	at org.jboss.arquillian.core.impl.ObserverImpl.invoke(ObserverImpl.java:86)
	at org.jboss.arquillian.core.impl.EventContextImpl.proceed(EventContextImpl.java:95)
	at org.jboss.arquillian.test.impl.TestContextHandler.createTestContext(TestContextHandler.java:116)
	at java.base/jdk.internal.reflect.NativeMethodAccessorImpl.invoke0(Native Method)
	at java.base/jdk.internal.reflect.NativeMethodAccessorImpl.invoke(NativeMethodAccessorImpl.java:62)
	at java.base/jdk.internal.reflect.DelegatingMethodAccessorImpl.invoke(DelegatingMethodAccessorImpl.java:43)
	at java.base/java.lang.reflect.Method.invoke(Method.java:567)
	at org.jboss.arquillian.core.impl.ObserverImpl.invoke(ObserverImpl.java:86)
	at org.jboss.arquillian.core.impl.EventContextImpl.proceed(EventContextImpl.java:95)
	at org.jboss.arquillian.test.impl.TestContextHandler.createClassContext(TestContextHandler.java:83)
	at java.base/jdk.internal.reflect.NativeMethodAccessorImpl.invoke0(Native Method)
	at java.base/jdk.internal.reflect.NativeMethodAccessorImpl.invoke(NativeMethodAccessorImpl.java:62)
	at java.base/jdk.internal.reflect.DelegatingMethodAccessorImpl.invoke(DelegatingMethodAccessorImpl.java:43)
	at java.base/java.lang.reflect.Method.invoke(Method.java:567)
	at org.jboss.arquillian.core.impl.ObserverImpl.invoke(ObserverImpl.java:86)
	at org.jboss.arquillian.core.impl.EventContextImpl.proceed(EventContextImpl.java:95)
	at org.jboss.arquillian.core.impl.ManagerImpl.fire(ManagerImpl.java:133)
	at org.jboss.arquillian.test.impl.EventTestRunnerAdaptor.test(EventTestRunnerAdaptor.java:122)
	at org.jboss.arquillian.junit.Arquillian$8.evaluate(Arquillian.java:330)
	at org.jboss.arquillian.junit.Arquillian$4.evaluate(Arquillian.java:212)
	at org.jboss.arquillian.junit.Arquillian.multiExecute(Arquillian.java:376)
	at org.jboss.arquillian.junit.Arquillian.access$200(Arquillian.java:54)
	at org.jboss.arquillian.junit.Arquillian$5.evaluate(Arquillian.java:223)
	at org.jboss.arquillian.junit.Arquillian$7.evaluate(Arquillian.java:293)
	at org.junit.runners.ParentRunner.runLeaf(ParentRunner.java:325)
	at org.junit.runners.BlockJUnit4ClassRunner.runChild(BlockJUnit4ClassRunner.java:78)
	at org.junit.runners.BlockJUnit4ClassRunner.runChild(BlockJUnit4ClassRunner.java:57)
	at org.junit.runners.ParentRunner$3.run(ParentRunner.java:290)
	at org.junit.runners.ParentRunner$1.schedule(ParentRunner.java:71)
	at org.junit.runners.ParentRunner.runChildren(ParentRunner.java:288)
	at org.junit.runners.ParentRunner.access$000(ParentRunner.java:58)
	at org.junit.runners.ParentRunner$2.evaluate(ParentRunner.java:268)
	at org.jboss.arquillian.junit.Arquillian$2.evaluate(Arquillian.java:174)
	at org.jboss.arquillian.junit.Arquillian.multiExecute(Arquillian.java:376)
	at org.jboss.arquillian.junit.Arquillian.access$200(Arquillian.java:54)
	at org.jboss.arquillian.junit.Arquillian$3.evaluate(Arquillian.java:185)
	at org.junit.runners.ParentRunner.run(ParentRunner.java:363)
	at org.jboss.arquillian.junit.Arquillian.run(Arquillian.java:140)
	at org.apache.maven.surefire.junit4.JUnit4Provider.execute(JUnit4Provider.java:252)
	at org.apache.maven.surefire.junit4.JUnit4Provider.executeTestSet(JUnit4Provider.java:141)
	at org.apache.maven.surefire.junit4.JUnit4Provider.invoke(JUnit4Provider.java:112)
	at java.base/jdk.internal.reflect.NativeMethodAccessorImpl.invoke0(Native Method)
	at java.base/jdk.internal.reflect.NativeMethodAccessorImpl.invoke(NativeMethodAccessorImpl.java:62)
	at java.base/jdk.internal.reflect.DelegatingMethodAccessorImpl.invoke(DelegatingMethodAccessorImpl.java:43)
	at java.base/java.lang.reflect.Method.invoke(Method.java:567)
	at org.apache.maven.surefire.util.ReflectionUtils.invokeMethodWithArray(ReflectionUtils.java:189)
	at org.apache.maven.surefire.booter.ProviderFactory$ProviderProxy.invoke(ProviderFactory.java:165)
	at org.apache.maven.surefire.booter.ProviderFactory.invokeProvider(ProviderFactory.java:85)
	at org.apache.maven.surefire.booter.ForkedBooter.runSuitesInProcess(ForkedBooter.java:115)
	at org.apache.maven.surefire.booter.ForkedBooter.main(ForkedBooter.java:75)
</error>
    <system-err>Feb 11, 2020 9:47:55 AM com.sun.enterprise.v3.server.CommonClassLoaderServiceImpl findDerbyClient
INFO: Cannot find javadb client jar file, derby jdbc driver will not be available by default.
Feb 11, 2020 9:47:55 AM com.sun.enterprise.v3.server.CommonClassLoaderServiceImpl findH2Client
INFO: Cannot find h2db client jar file, h2 jdbc driver will not be available by default.
Feb 11, 2020 9:47:56 AM org.hibernate.validator.internal.util.Version &lt;clinit&gt;
INFO: HV000001: Hibernate Validator null
Feb 11, 2020 9:47:58 AM com.sun.enterprise.v3.services.impl.GrizzlyProxy start0
INFO: Network Listener http-listener started in: 919ms - bound to [/0.0.0.0:7070]
Feb 11, 2020 9:47:58 AM org.glassfish.grizzly.http2.Http2AddOn setup
WARNING: TLS ALPN (Application-Layer Protocol Negotiation) support is not available. HTTP/2 support will not be enabled.
Feb 11, 2020 9:47:58 AM com.sun.enterprise.v3.services.impl.GrizzlyProxy start0
INFO: Network Listener https-listener started in: 6ms - bound to [/0.0.0.0:8182]
Feb 11, 2020 9:47:58 AM com.sun.enterprise.v3.services.impl.GrizzlyProxy start0
INFO: Network Listener admin-listener started in: 4ms - bound to [/0.0.0.0:4848]
Feb 11, 2020 9:47:58 AM com.sun.enterprise.v3.services.impl.GrizzlyService postConstruct
INFO: Grizzly 2.4.3 started in: 1,528ms - bound to [http-listener:7070, https-listener:8182, admin-listener:4848]
Feb 11, 2020 9:48:01 AM com.hazelcast.instance.AddressPicker
INFO: [LOCAL] [development] [3.12] Using bind address: /10.0.0.105:4900
Feb 11, 2020 9:48:01 AM com.hazelcast.instance.AddressPicker
INFO: [LOCAL] [development] [3.12] Using public address: /10.0.0.105:4900
Feb 11, 2020 9:48:01 AM com.hazelcast.system
INFO: [10.0.0.105]:4900 [development] [3.12] Hazelcast 3.12 (20190409 - 915d83a) starting at [10.0.0.105]:4900
Feb 11, 2020 9:48:01 AM com.hazelcast.system
INFO: [10.0.0.105]:4900 [development] [3.12] Copyright (c) 2008-2019, Hazelcast, Inc. All Rights Reserved.
Feb 11, 2020 9:48:01 AM com.hazelcast.instance.Node
INFO: [10.0.0.105]:4900 [development] [3.12] A non-empty group password is configured for the Hazelcast member. Since version 3.8.2, members with the same group name, but with different group passwords (that do not use authentication) form a cluster. The group password configuration will be removed completely in a future release.
Feb 11, 2020 9:48:01 AM com.hazelcast.spi.impl.operationservice.impl.BackpressureRegulator
INFO: [10.0.0.105]:4900 [development] [3.12] Backpressure is disabled
Feb 11, 2020 9:48:02 AM com.hazelcast.instance.Node
INFO: [10.0.0.105]:4900 [development] [3.12] Activating Discovery SPI Joiner
Feb 11, 2020 9:48:02 AM com.hazelcast.spi.impl.operationexecutor.impl.OperationExecutorImpl
INFO: [10.0.0.105]:4900 [development] [3.12] Starting 4 partition threads and 3 generic threads (1 dedicated for priority tasks)
Feb 11, 2020 9:48:02 AM com.hazelcast.internal.diagnostics.Diagnostics
INFO: [10.0.0.105]:4900 [development] [3.12] Diagnostics disabled. To enable add -Dhazelcast.diagnostics.enabled=true to the JVM arguments.
Feb 11, 2020 9:48:02 AM com.hazelcast.core.LifecycleService
INFO: [10.0.0.105]:4900 [development] [3.12] [10.0.0.105]:4900 is STARTING
Feb 11, 2020 9:48:04 AM com.hazelcast.nio.tcp.TcpIpConnector
INFO: [10.0.0.105]:4900 [development] [3.12] Connecting to /10.0.0.105:5900, timeout: 10000, bind-any: true
Feb 11, 2020 9:48:04 AM com.hazelcast.nio.tcp.TcpIpConnector
INFO: [10.0.0.105]:4900 [development] [3.12] Connecting to /172.18.3.161:5900, timeout: 10000, bind-any: true
Feb 11, 2020 9:48:04 AM com.hazelcast.nio.tcp.TcpIpConnector
INFO: [10.0.0.105]:4900 [development] [3.12] Connecting to /192.168.56.1:5900, timeout: 10000, bind-any: true
Feb 11, 2020 9:48:04 AM com.hazelcast.nio.tcp.TcpIpConnector
INFO: [10.0.0.105]:4900 [development] [3.12] Connecting to /10.0.75.1:5900, timeout: 10000, bind-any: true
Feb 11, 2020 9:48:04 AM com.hazelcast.nio.tcp.TcpIpConnector
INFO: [10.0.0.105]:4900 [development] [3.12] Connecting to /172.30.144.1:5900, timeout: 10000, bind-any: true
Feb 11, 2020 9:48:06 AM com.hazelcast.nio.tcp.TcpIpConnector
INFO: [10.0.0.105]:4900 [development] [3.12] Could not connect to: /10.0.75.1:5900. Reason: SocketException[Connection refused: no further information to address /10.0.75.1:5900]
Feb 11, 2020 9:48:06 AM com.hazelcast.nio.tcp.TcpIpConnector
INFO: [10.0.0.105]:4900 [development] [3.12] Could not connect to: /10.0.0.105:5900. Reason: SocketException[Connection refused: no further information to address /10.0.0.105:5900]
Feb 11, 2020 9:48:06 AM com.hazelcast.nio.tcp.TcpIpConnector
INFO: [10.0.0.105]:4900 [development] [3.12] Could not connect to: /172.18.3.161:5900. Reason: SocketException[Connection refused: no further information to address /172.18.3.161:5900]
Feb 11, 2020 9:48:06 AM com.hazelcast.nio.tcp.TcpIpConnector
INFO: [10.0.0.105]:4900 [development] [3.12] Could not connect to: /192.168.56.1:5900. Reason: SocketException[Connection refused: no further information to address /192.168.56.1:5900]
Feb 11, 2020 9:48:06 AM com.hazelcast.nio.tcp.TcpIpConnector
INFO: [10.0.0.105]:4900 [development] [3.12] Could not connect to: /172.30.144.1:5900. Reason: SocketException[Connection refused: no further information to address /172.30.144.1:5900]
Feb 11, 2020 9:48:06 AM com.hazelcast.internal.cluster.impl.DiscoveryJoiner
INFO: [10.0.0.105]:4900 [development] [3.12] [192.168.56.1]:5900 is added to the blacklist.
Feb 11, 2020 9:48:06 AM com.hazelcast.internal.cluster.impl.DiscoveryJoiner
INFO: [10.0.0.105]:4900 [development] [3.12] [172.18.3.161]:5900 is added to the blacklist.
Feb 11, 2020 9:48:06 AM com.hazelcast.internal.cluster.impl.DiscoveryJoiner
INFO: [10.0.0.105]:4900 [development] [3.12] [10.0.0.105]:5900 is added to the blacklist.
Feb 11, 2020 9:48:06 AM com.hazelcast.internal.cluster.impl.DiscoveryJoiner
INFO: [10.0.0.105]:4900 [development] [3.12] [10.0.75.1]:5900 is added to the blacklist.
Feb 11, 2020 9:48:06 AM com.hazelcast.internal.cluster.impl.DiscoveryJoiner
INFO: [10.0.0.105]:4900 [development] [3.12] [172.30.144.1]:5900 is added to the blacklist.
Feb 11, 2020 9:48:07 AM com.hazelcast.internal.cluster.ClusterService
INFO: [10.0.0.105]:4900 [development] [3.12] 

Members {size:1, ver:1} [
	Member [10.0.0.105]:4900 - 31ec064c-88ab-4bae-93e4-98c1736603bd this
]

Feb 11, 2020 9:48:07 AM com.hazelcast.internal.jmx.ManagementService
INFO: [10.0.0.105]:4900 [development] [3.12] Hazelcast JMX agent enabled.
Feb 11, 2020 9:48:07 AM com.hazelcast.core.LifecycleService
INFO: [10.0.0.105]:4900 [development] [3.12] [10.0.0.105]:4900 is STARTED
Feb 11, 2020 9:48:07 AM fish.payara.nucleus.hazelcast.HazelcastCore bindToJNDI
INFO: Hazelcast Instance Bound to JNDI at payara/Hazelcast
Feb 11, 2020 9:48:07 AM fish.payara.nucleus.hazelcast.HazelcastCore bindToJNDI
INFO: JSR107 Caching Provider Bound to JNDI at payara/CachingProvider
Feb 11, 2020 9:48:07 AM fish.payara.nucleus.hazelcast.HazelcastCore bindToJNDI
INFO: JSR107 Default Cache Manager Bound to JNDI at payara/CacheManager
Feb 11, 2020 9:48:07 AM com.hazelcast.internal.partition.impl.PartitionStateManager
INFO: [10.0.0.105]:4900 [development] [3.12] Initializing cluster partition table arrangement...
Feb 11, 2020 9:48:08 AM com.sun.enterprise.v3.services.impl.GrizzlyProxy start0
INFO: Network Listener iiop-service started in: 19ms - bound to [/0.0.0.0:3700]
Feb 11, 2020 9:48:08 AM com.sun.enterprise.v3.server.AppServerStartup postStartupJob
INFO: Undefined Product Name - define product and version info in config/branding  0.0.0  (0) startup time : Embedded (2,899ms), startup services(11,370ms), total(14,269ms)
Feb 11, 2020 9:48:08 AM fish.payara.nucleus.notification.NotificationService bootstrapNotificationService
INFO: Payara Notification Service bootstrapped with configuration: NotificationExecutionOptions{enabled=true, notifierConfigurationExecutionOptionsList={LOG=LogNotifierConfigurationExecutionOptions{useSeparateLogFile=false} NotifierConfigurationExecutionOptions{notifierType=LOG, enabled=true, noisy=true}}}
Feb 11, 2020 9:48:08 AM fish.payara.nucleus.cluster.PayaraCluster logClusterStatus
INFO: Data Grid Status 
Payara Data Grid State: DG Version: 35 DG Name: development DG Size: 1
Instances: {
 DataGrid: development Instance Group: MicroShoal Name: server Lite: false This: true UUID: 31ec064c-88ab-4bae-93e4-98c1736603bd Address: /10.0.0.105:4900
}
Feb 11, 2020 9:48:08 AM org.glassfish.admin.mbeanserver.JMXStartupService$JMXConnectorsStarterThread startConnector
INFO: JMXStartupService has started JMXConnector on JMXService URL service:jmx:rmi://0.0.0.0:8686/jndi/rmi://0.0.0.0:8686/jmxrmi
Feb 11, 2020 9:48:08 AM com.sun.enterprise.connectors.jms.util.JmsRaUtil getInstalledMqVersion
WARNING: Check for a new version of MQ installation failed : C:\Users\razan\AppData\Local\Temp\gfembed13489736251029586015tmp\lib\install\applications\jmsra\..\imqjmsra.rar:C:\Users\razan\AppData\Local\Temp\gfembed13489736251029586015tmp\lib\install\applications\jmsra\imqjmsra.rar
Feb 11, 2020 9:48:08 AM com.sun.enterprise.v3.services.impl.GrizzlyProxy start0
INFO: Network Listener JMS_PROXY_default_JMS_host started in: 12ms - bound to [/0.0.0.0:7676]
Feb 11, 2020 9:48:09 AM fish.payara.arquillian.container.payara.embedded.PayaraContainer executeCommand
INFO: command add-resources parameters[Ljava.lang.String;@2162598 result: PlainTextActionReporterSUCCESSDescription: add-resources AdminCommandnull
    JDBC connection pool derby_net_academy_appPool created successfully.
    JDBC resource jdbc/academy created successfully.

Feb 11, 2020 9:48:12 AM org.glassfish.hk2.classmodel.reflect.Parser awaitTermination
INFO: visiting unvisited references
Feb 11, 2020 9:48:12 AM org.glassfish.enterprise.iiop.api.GlassFishORBHelper postConstruct
INFO: GlassFishORBFactory service initialized.
Feb 11, 2020 9:48:12 AM com.sun.enterprise.security.ssl.impl.SecuritySupportImpl checkCertificateDates
WARNING: The SSL certificate has expired: [
[
  Version: V3
  Subject: CN=Entrust.net Certification Authority (2048), OU=(c) 1999 Entrust.net Limited, OU=www.entrust.net/CPS_2048 incorp. by ref. (limits liab.), O=Entrust.net
  Signature Algorithm: SHA1withRSA, OID = 1.2.840.113549.1.1.5

  Key:  Sun RSA public key, 2048 bits
  params: null
  modulus: 21877342614735064986586094209008949861633415438321046094865735894101046869669024974234189221129376235137504163448391667494521959302368300673495711648664420351966300087244240539893392975177816108541817252818998001932142985065266407504518566289301698937041931668276581800733716890145024940625536991682725365140451115767110550542345758164504698636529042078537609343076050570785483670809094993963575569689277704991843533760219663288836022206035538841969109577376809337618824179167781883694301066738001489513517818892302945620562766589172426570508291886401623875028645352783701438149952282706361006848685772598444243814369
  public exponent: 65537
  Validity: [From: Fri Dec 24 18:50:51 CET 1999,
               To: Tue Dec 24 19:20:51 CET 2019]
  Issuer: CN=Entrust.net Certification Authority (2048), OU=(c) 1999 Entrust.net Limited, OU=www.entrust.net/CPS_2048 incorp. by ref. (limits liab.), O=Entrust.net
  SerialNumber: [    3863b966]

Certificate Extensions: 4
[1]: ObjectId: 1.2.840.113533.7.65.0 Criticality=false
Extension unknown: DER encoded OCTET string =
0000: 04 10 30 0E 1B 08 56 35   2E 30 3A 34 2E 30 03 02  ..0...V5.0:4.0..
0010: 04 90                                              ..


[2]: ObjectId: 2.5.29.35 Criticality=false
AuthorityKeyIdentifier [
KeyIdentifier [
0000: 55 E4 81 D1 11 80 BE D8   89 B9 08 A3 31 F9 A1 24  U...........1..$
0010: 09 16 B9 70                                        ...p
]
]

[3]: ObjectId: 2.16.840.1.113730.1.1 Criticality=false
NetscapeCertType [
   SSL CA
   S/MIME CA
   Object Signing CA]

[4]: ObjectId: 2.5.29.14 Criticality=false
SubjectKeyIdentifier [
KeyIdentifier [
0000: 55 E4 81 D1 11 80 BE D8   89 B9 08 A3 31 F9 A1 24  U...........1..$
0010: 09 16 B9 70                                        ...p
]
]

]
  Algorithm: [SHA1withRSA]
  Signature:
0000: 59 47 AC 21 84 8A 17 C9   9C 89 53 1E BA 80 85 1A  YG.!......S.....
0010: C6 3C 4E 3E B1 9C B6 7C   C6 92 5D 18 64 02 E3 D3  .&lt;N&gt;......].d...
0020: 06 08 11 61 7C 63 E3 2B   9D 31 03 70 76 D2 A3 28  ...a.c.+.1.pv..(
0030: A0 F4 BB 9A 63 73 ED 6D   E5 2A DB ED 14 A9 2B C6  ....cs.m.*....+.
0040: 36 11 D0 2B EB 07 8B A5   DA 9E 5C 19 9D 56 12 F5  6..+......\..V..
0050: 54 29 C8 05 ED B2 12 2A   8D F4 03 1B FF E7 92 10  T).....*........
0060: 87 B0 3A B5 C3 9D 05 37   12 A3 C7 F4 15 B9 D5 A4  ..:....7........
0070: 39 16 9B 53 3A 23 91 F1   A8 82 A2 6A 88 68 C1 79  9..S:#.....j.h.y
0080: 02 22 BC AA A6 D6 AE DF   B0 14 5F B8 87 D0 DD 7C  .&quot;........_.....
0090: 7F 7B FF AF 1C CF E6 DB   07 AD 5E DB 85 9D D0 2B  ..........^....+
00A0: 0D 33 DB 04 D1 E6 49 40   13 2B 76 FB 3E E9 9C 89  .3....I@.+v.&gt;...
00B0: 0F 15 CE 18 B0 85 78 21   4F 6B 4F 0E FA 36 67 CD  ......x!OkO..6g.
00C0: 07 F2 FF 08 D0 E2 DE D9   BF 2A AF B8 87 86 21 3C  .........*....!&lt;
00D0: 04 CA B7 94 68 7F CF 3C   E9 98 D7 38 FF EC C0 D9  ....h..&lt;...8....
00E0: 50 F0 2E 4B 58 AE 46 6F   D0 2E C3 60 DA 72 55 72  P..KX.Fo...`.rUr
00F0: BD 4C 45 9E 61 BA BF 84   81 92 03 D1 D2 69 7C C5  .LE.a........i..

]
Feb 11, 2020 9:48:12 AM com.sun.enterprise.security.SecurityLifecycle &lt;init&gt;
INFO: Java security manager is disabled.
Feb 11, 2020 9:48:12 AM com.sun.enterprise.security.SecurityLifecycle onInitialization
INFO: Entering Security Startup Service.
Feb 11, 2020 9:48:12 AM com.sun.enterprise.security.PolicyLoader installPolicyFromClassName
INFO: Loading policy provider com.sun.enterprise.security.provider.PolicyWrapper.
Feb 11, 2020 9:48:12 AM com.sun.enterprise.security.SecurityLifecycle onInitialization
INFO: Security Service(s) started successfully.
Feb 11, 2020 9:48:13 AM com.sun.enterprise.web.WebContainer createHttpListener
INFO: Created HTTP listener http-listener on host/port 0.0.0.0:7070
Feb 11, 2020 9:48:13 AM com.sun.enterprise.web.WebContainer createHttpListener
INFO: Created HTTP listener https-listener on host/port 0.0.0.0:8182
Feb 11, 2020 9:48:13 AM com.sun.enterprise.web.WebContainer createHttpListener
INFO: Created HTTP listener admin-listener on host/port 0.0.0.0:4848
Feb 11, 2020 9:48:13 AM com.sun.enterprise.web.WebContainer createHosts
INFO: Created virtual server server
Feb 11, 2020 9:48:13 AM com.sun.enterprise.web.WebContainer createHosts
INFO: Created virtual server __asadmin
Feb 11, 2020 9:48:13 AM com.sun.enterprise.web.WebContainer loadSystemDefaultWebModules
INFO: Virtual server server loaded default web module 
Feb 11, 2020 9:48:15 AM org.glassfish.hk2.classmodel.reflect.Parser awaitTermination
INFO: visiting unvisited references
Feb 11, 2020 9:48:15 AM org.glassfish.hk2.classmodel.reflect.Parser awaitTermination
INFO: visiting unvisited references
Feb 11, 2020 9:48:15 AM org.glassfish.hk2.classmodel.reflect.Parser awaitTermination
INFO: visiting unvisited references
Feb 11, 2020 9:48:15 AM org.glassfish.hk2.classmodel.reflect.Parser awaitTermination
INFO: visiting unvisited references
Feb 11, 2020 9:48:15 AM org.glassfish.hk2.classmodel.reflect.Parser awaitTermination
INFO: visiting unvisited references
Feb 11, 2020 9:48:15 AM org.glassfish.hk2.classmodel.reflect.Parser awaitTermination
INFO: visiting unvisited references
Feb 11, 2020 9:48:15 AM org.glassfish.hk2.classmodel.reflect.Parser awaitTermination
INFO: visiting unvisited references
Feb 11, 2020 9:48:15 AM org.glassfish.hk2.classmodel.reflect.Parser awaitTermination
INFO: visiting unvisited references
Feb 11, 2020 9:48:15 AM org.glassfish.hk2.classmodel.reflect.Parser awaitTermination
INFO: visiting unvisited references
Feb 11, 2020 9:48:15 AM org.glassfish.hk2.classmodel.reflect.Parser awaitTermination
INFO: visiting unvisited references
Feb 11, 2020 9:48:17 AM org.eclipse.persistence.session./file:/C:/Users/razan/AppData/Local/Temp/gfembed13489736251029586015tmp/applications/114d47f0-5aa8-49be-90d9-ce6f12441a84/WEB-INF/classes/_academy.metadata
SEVERE: The java.lang.Object class was compiled with an unsupported JDK. Report this error to the EclipseLink open source project.
java.lang.IllegalArgumentException: Unsupported class file major version 57
	at org.eclipse.persistence.internal.libraries.asm.ClassReader.&lt;init&gt;(ClassReader.java:184)
	at org.eclipse.persistence.internal.libraries.asm.ClassReader.&lt;init&gt;(ClassReader.java:166)
	at org.eclipse.persistence.internal.libraries.asm.ClassReader.&lt;init&gt;(ClassReader.java:152)
	at org.eclipse.persistence.internal.libraries.asm.ClassReader.&lt;init&gt;(ClassReader.java:273)
	at org.eclipse.persistence.internal.jpa.metadata.accessors.objects.MetadataAsmFactory.buildClassMetadata(MetadataAsmFactory.java:106)
	at org.eclipse.persistence.internal.jpa.metadata.accessors.objects.MetadataAsmFactory.getMetadataClass(MetadataAsmFactory.java:177)
	at org.eclipse.persistence.internal.jpa.metadata.accessors.objects.MetadataAccessibleObject.getMetadataClass(MetadataAccessibleObject.java:73)
	at org.eclipse.persistence.internal.jpa.metadata.accessors.objects.MetadataClass.getSuperclass(MetadataClass.java:405)
	at org.eclipse.persistence.internal.jpa.metadata.accessors.classes.ClassAccessor.processParentClass(ClassAccessor.java:1695)
	at org.eclipse.persistence.internal.jpa.metadata.MetadataProject.addAccessor(MetadataProject.java:421)
	at org.eclipse.persistence.internal.jpa.metadata.MetadataProject.addEntityAccessor(MetadataProject.java:525)
	at org.eclipse.persistence.internal.jpa.metadata.MetadataProcessor.initPersistenceUnitClasses(MetadataProcessor.java:372)
	at org.eclipse.persistence.internal.jpa.metadata.MetadataProcessor.processEntityMappings(MetadataProcessor.java:563)
	at org.eclipse.persistence.internal.jpa.deployment.PersistenceUnitProcessor.processORMetadata(PersistenceUnitProcessor.java:625)
	at org.eclipse.persistence.internal.jpa.EntityManagerSetupImpl.predeploy(EntityManagerSetupImpl.java:2003)
	at org.eclipse.persistence.jpa.PersistenceProvider.createContainerEntityManagerFactoryImpl(PersistenceProvider.java:350)
	at org.eclipse.persistence.jpa.PersistenceProvider.createContainerEntityManagerFactory(PersistenceProvider.java:316)
	at org.glassfish.persistence.jpa.PersistenceUnitLoader.loadPU(PersistenceUnitLoader.java:207)
	at org.glassfish.persistence.jpa.PersistenceUnitLoader.&lt;init&gt;(PersistenceUnitLoader.java:114)
	at org.glassfish.persistence.jpa.JPADeployer$1.visitPUD(JPADeployer.java:225)
	at org.glassfish.persistence.jpa.JPADeployer$PersistenceUnitDescriptorIterator.iteratePUDs(JPADeployer.java:525)
	at org.glassfish.persistence.jpa.JPADeployer.createEMFs(JPADeployer.java:240)
	at org.glassfish.persistence.jpa.JPADeployer.prepare(JPADeployer.java:170)
	at com.sun.enterprise.v3.server.ApplicationLifecycle.prepareModule(ApplicationLifecycle.java:1045)
	at com.sun.enterprise.v3.server.ApplicationLifecycle.prepare(ApplicationLifecycle.java:475)
	at org.glassfish.deployment.admin.DeployCommand.execute(DeployCommand.java:538)
	at com.sun.enterprise.v3.admin.CommandRunnerImpl$2$1.run(CommandRunnerImpl.java:558)
	at com.sun.enterprise.v3.admin.CommandRunnerImpl$2$1.run(CommandRunnerImpl.java:554)
	at java.base/java.security.AccessController.doPrivileged(AccessController.java:391)
	at java.base/javax.security.auth.Subject.doAs(Subject.java:361)
	at com.sun.enterprise.v3.admin.CommandRunnerImpl$2.execute(CommandRunnerImpl.java:553)
	at com.sun.enterprise.v3.admin.CommandRunnerImpl$3.run(CommandRunnerImpl.java:584)
	at com.sun.enterprise.v3.admin.CommandRunnerImpl$3.run(CommandRunnerImpl.java:576)
	at java.base/java.security.AccessController.doPrivileged(AccessController.java:391)
	at java.base/javax.security.auth.Subject.doAs(Subject.java:361)
	at com.sun.enterprise.v3.admin.CommandRunnerImpl.doCommand(CommandRunnerImpl.java:575)
	at com.sun.enterprise.v3.admin.CommandRunnerImpl.doCommand(CommandRunnerImpl.java:1496)
	at com.sun.enterprise.v3.admin.CommandRunnerImpl.access$1300(CommandRunnerImpl.java:120)
	at com.sun.enterprise.v3.admin.CommandRunnerImpl$ExecutionContext.execute(CommandRunnerImpl.java:1878)
	at com.sun.enterprise.v3.admin.CommandRunnerImpl$ExecutionContext.execute(CommandRunnerImpl.java:1754)
	at com.sun.enterprise.admin.cli.embeddable.DeployerImpl.deploy(DeployerImpl.java:137)
	at com.sun.enterprise.admin.cli.embeddable.DeployerImpl.deploy(DeployerImpl.java:113)
	at fish.payara.arquillian.container.payara.embedded.PayaraContainer.deploy(PayaraContainer.java:227)
	at org.jboss.arquillian.container.impl.client.container.ContainerDeployController$3.call(ContainerDeployController.java:151)
	at org.jboss.arquillian.container.impl.client.container.ContainerDeployController$3.call(ContainerDeployController.java:118)
	at org.jboss.arquillian.container.impl.client.container.ContainerDeployController.executeOperation(ContainerDeployController.java:239)
	at org.jboss.arquillian.container.impl.client.container.ContainerDeployController.deploy(ContainerDeployController.java:118)
	at java.base/jdk.internal.reflect.NativeMethodAccessorImpl.invoke0(Native Method)
	at java.base/jdk.internal.reflect.NativeMethodAccessorImpl.invoke(NativeMethodAccessorImpl.java:62)
	at java.base/jdk.internal.reflect.DelegatingMethodAccessorImpl.invoke(DelegatingMethodAccessorImpl.java:43)
	at java.base/java.lang.reflect.Method.invoke(Method.java:567)
	at org.jboss.arquillian.core.impl.ObserverImpl.invoke(ObserverImpl.java:86)
	at org.jboss.arquillian.core.impl.EventContextImpl.invokeObservers(EventContextImpl.java:103)
	at org.jboss.arquillian.core.impl.EventContextImpl.proceed(EventContextImpl.java:90)
	at org.jboss.arquillian.container.impl.client.container.DeploymentExceptionHandler.verifyExpectedExceptionDuringDeploy(DeploymentExceptionHandler.java:47)
	at java.base/jdk.internal.reflect.NativeMethodAccessorImpl.invoke0(Native Method)
	at java.base/jdk.internal.reflect.NativeMethodAccessorImpl.invoke(NativeMethodAccessorImpl.java:62)
	at java.base/jdk.internal.reflect.DelegatingMethodAccessorImpl.invoke(DelegatingMethodAccessorImpl.java:43)
	at java.base/java.lang.reflect.Method.invoke(Method.java:567)
	at org.jboss.arquillian.core.impl.ObserverImpl.invoke(ObserverImpl.java:86)
	at org.jboss.arquillian.core.impl.EventContextImpl.proceed(EventContextImpl.java:95)
	at org.jboss.arquillian.container.impl.client.ContainerDeploymentContextHandler.createContainerContext(ContainerDeploymentContextHandler.java:54)
	at java.base/jdk.internal.reflect.NativeMethodAccessorImpl.invoke0(Native Method)
	at java.base/jdk.internal.reflect.NativeMethodAccessorImpl.invoke(NativeMethodAccessorImpl.java:62)
	at java.base/jdk.internal.reflect.DelegatingMethodAccessorImpl.invoke(DelegatingMethodAccessorImpl.java:43)
	at java.base/java.lang.reflect.Method.invoke(Method.java:567)
	at org.jboss.arquillian.core.impl.ObserverImpl.invoke(ObserverImpl.java:86)
	at org.jboss.arquillian.core.impl.EventContextImpl.proceed(EventContextImpl.java:95)
	at org.jboss.arquillian.container.impl.client.ContainerDeploymentContextHandler.createDeploymentContext(ContainerDeploymentContextHandler.java:71)
	at java.base/jdk.internal.reflect.NativeMethodAccessorImpl.invoke0(Native Method)
	at java.base/jdk.internal.reflect.NativeMethodAccessorImpl.invoke(NativeMethodAccessorImpl.java:62)
	at java.base/jdk.internal.reflect.DelegatingMethodAccessorImpl.invoke(DelegatingMethodAccessorImpl.java:43)
	at java.base/java.lang.reflect.Method.invoke(Method.java:567)
	at org.jboss.arquillian.core.impl.ObserverImpl.invoke(ObserverImpl.java:86)
	at org.jboss.arquillian.core.impl.EventContextImpl.proceed(EventContextImpl.java:95)
	at org.jboss.arquillian.core.impl.ManagerImpl.fire(ManagerImpl.java:133)
	at org.jboss.arquillian.core.impl.ManagerImpl.fire(ManagerImpl.java:105)
	at org.jboss.arquillian.core.impl.EventImpl.fire(EventImpl.java:62)
	at org.jboss.arquillian.container.impl.client.container.ContainerDeployController$1.perform(ContainerDeployController.java:92)
	at org.jboss.arquillian.container.impl.client.container.ContainerDeployController$1.perform(ContainerDeployController.java:77)
	at org.jboss.arquillian.container.impl.client.container.ContainerDeployController.forEachDeployment(ContainerDeployController.java:232)
	at org.jboss.arquillian.container.impl.client.container.ContainerDeployController.forEachManagedDeployment(ContainerDeployController.java:212)
	at org.jboss.arquillian.container.impl.client.container.ContainerDeployController.deployManaged(ContainerDeployController.java:77)
	at java.base/jdk.internal.reflect.NativeMethodAccessorImpl.invoke0(Native Method)
	at java.base/jdk.internal.reflect.NativeMethodAccessorImpl.invoke(NativeMethodAccessorImpl.java:62)
	at java.base/jdk.internal.reflect.DelegatingMethodAccessorImpl.invoke(DelegatingMethodAccessorImpl.java:43)
	at java.base/java.lang.reflect.Method.invoke(Method.java:567)
	at org.jboss.arquillian.core.impl.ObserverImpl.invoke(ObserverImpl.java:86)
	at org.jboss.arquillian.core.impl.EventContextImpl.invokeObservers(EventContextImpl.java:103)
	at org.jboss.arquillian.core.impl.EventContextImpl.proceed(EventContextImpl.java:90)
	at org.jboss.arquillian.core.impl.ManagerImpl.fire(ManagerImpl.java:133)
	at org.jboss.arquillian.core.impl.ManagerImpl.fire(ManagerImpl.java:105)
	at org.jboss.arquillian.core.impl.EventImpl.fire(EventImpl.java:62)
	at org.jboss.arquillian.container.test.impl.client.ContainerEventController.execute(ContainerEventController.java:96)
	at java.base/jdk.internal.reflect.NativeMethodAccessorImpl.invoke0(Native Method)
	at java.base/jdk.internal.reflect.NativeMethodAccessorImpl.invoke(NativeMethodAccessorImpl.java:62)
	at java.base/jdk.internal.reflect.DelegatingMethodAccessorImpl.invoke(DelegatingMethodAccessorImpl.java:43)
	at java.base/java.lang.reflect.Method.invoke(Method.java:567)
	at org.jboss.arquillian.core.impl.ObserverImpl.invoke(ObserverImpl.java:86)
	at org.jboss.arquillian.core.impl.EventContextImpl.invokeObservers(EventContextImpl.java:103)
	at org.jboss.arquillian.core.impl.EventContextImpl.proceed(EventContextImpl.java:90)
	at org.jboss.arquillian.test.impl.TestContextHandler.createSuiteContext(TestContextHandler.java:69)
	at java.base/jdk.internal.reflect.NativeMethodAccessorImpl.invoke0(Native Method)
	at java.base/jdk.internal.reflect.NativeMethodAccessorImpl.invoke(NativeMethodAccessorImpl.java:62)
	at java.base/jdk.internal.reflect.DelegatingMethodAccessorImpl.invoke(DelegatingMethodAccessorImpl.java:43)
	at java.base/java.lang.reflect.Method.invoke(Method.java:567)
	at org.jboss.arquillian.core.impl.ObserverImpl.invoke(ObserverImpl.java:86)
	at org.jboss.arquillian.core.impl.EventContextImpl.proceed(EventContextImpl.java:95)
	at org.jboss.arquillian.test.impl.TestContextHandler.createClassContext(TestContextHandler.java:83)
	at java.base/jdk.internal.reflect.NativeMethodAccessorImpl.invoke0(Native Method)
	at java.base/jdk.internal.reflect.NativeMethodAccessorImpl.invoke(NativeMethodAccessorImpl.java:62)
	at java.base/jdk.internal.reflect.DelegatingMethodAccessorImpl.invoke(DelegatingMethodAccessorImpl.java:43)
	at java.base/java.lang.reflect.Method.invoke(Method.java:567)
	at org.jboss.arquillian.core.impl.ObserverImpl.invoke(ObserverImpl.java:86)
	at org.jboss.arquillian.core.impl.EventContextImpl.proceed(EventContextImpl.java:95)
	at org.jboss.arquillian.core.impl.ManagerImpl.fire(ManagerImpl.java:133)
	at org.jboss.arquillian.core.impl.ManagerImpl.fire(ManagerImpl.java:105)
	at org.jboss.arquillian.test.impl.EventTestRunnerAdaptor.beforeClass(EventTestRunnerAdaptor.java:80)
	at org.jboss.arquillian.junit.Arquillian$2.evaluate(Arquillian.java:171)
	at org.jboss.arquillian.junit.Arquillian.multiExecute(Arquillian.java:376)
	at org.jboss.arquillian.junit.Arquillian.access$200(Arquillian.java:54)
	at org.jboss.arquillian.junit.Arquillian$3.evaluate(Arquillian.java:185)
	at org.junit.runners.ParentRunner.run(ParentRunner.java:363)
	at org.jboss.arquillian.junit.Arquillian.run(Arquillian.java:140)
	at org.apache.maven.surefire.junit4.JUnit4Provider.execute(JUnit4Provider.java:252)
	at org.apache.maven.surefire.junit4.JUnit4Provider.executeTestSet(JUnit4Provider.java:141)
	at org.apache.maven.surefire.junit4.JUnit4Provider.invoke(JUnit4Provider.java:112)
	at java.base/jdk.internal.reflect.NativeMethodAccessorImpl.invoke0(Native Method)
	at java.base/jdk.internal.reflect.NativeMethodAccessorImpl.invoke(NativeMethodAccessorImpl.java:62)
	at java.base/jdk.internal.reflect.DelegatingMethodAccessorImpl.invoke(DelegatingMethodAccessorImpl.java:43)
	at java.base/java.lang.reflect.Method.invoke(Method.java:567)
	at org.apache.maven.surefire.util.ReflectionUtils.invokeMethodWithArray(ReflectionUtils.java:189)
	at org.apache.maven.surefire.booter.ProviderFactory$ProviderProxy.invoke(ProviderFactory.java:165)
	at org.apache.maven.surefire.booter.ProviderFactory.invokeProvider(ProviderFactory.java:85)
	at org.apache.maven.surefire.booter.ForkedBooter.runSuitesInProcess(ForkedBooter.java:115)
	at org.apache.maven.surefire.booter.ForkedBooter.main(ForkedBooter.java:75)

Feb 11, 2020 9:48:17 AM org.eclipse.persistence.session./file:/C:/Users/razan/AppData/Local/Temp/gfembed13489736251029586015tmp/applications/114d47f0-5aa8-49be-90d9-ce6f12441a84/WEB-INF/classes/_academy.metadata
SEVERE: The java.lang.Object class was compiled with an unsupported JDK. Report this error to the EclipseLink open source project.
java.lang.ArrayIndexOutOfBoundsException: Index 8 out of bounds for length 0
	at org.eclipse.persistence.internal.libraries.asm.ClassReader.readUnsignedShort(ClassReader.java:3353)
	at org.eclipse.persistence.internal.libraries.asm.ClassReader.&lt;init&gt;(ClassReader.java:188)
	at org.eclipse.persistence.internal.libraries.asm.EclipseLinkClassReader.&lt;init&gt;(EclipseLinkClassReader.java:32)
	at org.eclipse.persistence.internal.libraries.asm.EclipseLinkClassReader.&lt;init&gt;(EclipseLinkClassReader.java:28)
	at org.eclipse.persistence.internal.libraries.asm.EclipseLinkClassReader.&lt;init&gt;(EclipseLinkClassReader.java:24)
	at org.eclipse.persistence.internal.jpa.metadata.accessors.objects.MetadataAsmFactory.buildClassMetadata(MetadataAsmFactory.java:123)
	at org.eclipse.persistence.internal.jpa.metadata.accessors.objects.MetadataAsmFactory.getMetadataClass(MetadataAsmFactory.java:177)
	at org.eclipse.persistence.internal.jpa.metadata.accessors.objects.MetadataAccessibleObject.getMetadataClass(MetadataAccessibleObject.java:73)
	at org.eclipse.persistence.internal.jpa.metadata.accessors.objects.MetadataClass.getSuperclass(MetadataClass.java:405)
	at org.eclipse.persistence.internal.jpa.metadata.accessors.classes.ClassAccessor.processParentClass(ClassAccessor.java:1695)
	at org.eclipse.persistence.internal.jpa.metadata.MetadataProject.addAccessor(MetadataProject.java:421)
	at org.eclipse.persistence.internal.jpa.metadata.MetadataProject.addEntityAccessor(MetadataProject.java:525)
	at org.eclipse.persistence.internal.jpa.metadata.MetadataProcessor.initPersistenceUnitClasses(MetadataProcessor.java:372)
	at org.eclipse.persistence.internal.jpa.metadata.MetadataProcessor.processEntityMappings(MetadataProcessor.java:563)
	at org.eclipse.persistence.internal.jpa.deployment.PersistenceUnitProcessor.processORMetadata(PersistenceUnitProcessor.java:625)
	at org.eclipse.persistence.internal.jpa.EntityManagerSetupImpl.predeploy(EntityManagerSetupImpl.java:2003)
	at org.eclipse.persistence.jpa.PersistenceProvider.createContainerEntityManagerFactoryImpl(PersistenceProvider.java:350)
	at org.eclipse.persistence.jpa.PersistenceProvider.createContainerEntityManagerFactory(PersistenceProvider.java:316)
	at org.glassfish.persistence.jpa.PersistenceUnitLoader.loadPU(PersistenceUnitLoader.java:207)
	at org.glassfish.persistence.jpa.PersistenceUnitLoader.&lt;init&gt;(PersistenceUnitLoader.java:114)
	at org.glassfish.persistence.jpa.JPADeployer$1.visitPUD(JPADeployer.java:225)
	at org.glassfish.persistence.jpa.JPADeployer$PersistenceUnitDescriptorIterator.iteratePUDs(JPADeployer.java:525)
	at org.glassfish.persistence.jpa.JPADeployer.createEMFs(JPADeployer.java:240)
	at org.glassfish.persistence.jpa.JPADeployer.prepare(JPADeployer.java:170)
	at com.sun.enterprise.v3.server.ApplicationLifecycle.prepareModule(ApplicationLifecycle.java:1045)
	at com.sun.enterprise.v3.server.ApplicationLifecycle.prepare(ApplicationLifecycle.java:475)
	at org.glassfish.deployment.admin.DeployCommand.execute(DeployCommand.java:538)
	at com.sun.enterprise.v3.admin.CommandRunnerImpl$2$1.run(CommandRunnerImpl.java:558)
	at com.sun.enterprise.v3.admin.CommandRunnerImpl$2$1.run(CommandRunnerImpl.java:554)
	at java.base/java.security.AccessController.doPrivileged(AccessController.java:391)
	at java.base/javax.security.auth.Subject.doAs(Subject.java:361)
	at com.sun.enterprise.v3.admin.CommandRunnerImpl$2.execute(CommandRunnerImpl.java:553)
	at com.sun.enterprise.v3.admin.CommandRunnerImpl$3.run(CommandRunnerImpl.java:584)
	at com.sun.enterprise.v3.admin.CommandRunnerImpl$3.run(CommandRunnerImpl.java:576)
	at java.base/java.security.AccessController.doPrivileged(AccessController.java:391)
	at java.base/javax.security.auth.Subject.doAs(Subject.java:361)
	at com.sun.enterprise.v3.admin.CommandRunnerImpl.doCommand(CommandRunnerImpl.java:575)
	at com.sun.enterprise.v3.admin.CommandRunnerImpl.doCommand(CommandRunnerImpl.java:1496)
	at com.sun.enterprise.v3.admin.CommandRunnerImpl.access$1300(CommandRunnerImpl.java:120)
	at com.sun.enterprise.v3.admin.CommandRunnerImpl$ExecutionContext.execute(CommandRunnerImpl.java:1878)
	at com.sun.enterprise.v3.admin.CommandRunnerImpl$ExecutionContext.execute(CommandRunnerImpl.java:1754)
	at com.sun.enterprise.admin.cli.embeddable.DeployerImpl.deploy(DeployerImpl.java:137)
	at com.sun.enterprise.admin.cli.embeddable.DeployerImpl.deploy(DeployerImpl.java:113)
	at fish.payara.arquillian.container.payara.embedded.PayaraContainer.deploy(PayaraContainer.java:227)
	at org.jboss.arquillian.container.impl.client.container.ContainerDeployController$3.call(ContainerDeployController.java:151)
	at org.jboss.arquillian.container.impl.client.container.ContainerDeployController$3.call(ContainerDeployController.java:118)
	at org.jboss.arquillian.container.impl.client.container.ContainerDeployController.executeOperation(ContainerDeployController.java:239)
	at org.jboss.arquillian.container.impl.client.container.ContainerDeployController.deploy(ContainerDeployController.java:118)
	at java.base/jdk.internal.reflect.NativeMethodAccessorImpl.invoke0(Native Method)
	at java.base/jdk.internal.reflect.NativeMethodAccessorImpl.invoke(NativeMethodAccessorImpl.java:62)
	at java.base/jdk.internal.reflect.DelegatingMethodAccessorImpl.invoke(DelegatingMethodAccessorImpl.java:43)
	at java.base/java.lang.reflect.Method.invoke(Method.java:567)
	at org.jboss.arquillian.core.impl.ObserverImpl.invoke(ObserverImpl.java:86)
	at org.jboss.arquillian.core.impl.EventContextImpl.invokeObservers(EventContextImpl.java:103)
	at org.jboss.arquillian.core.impl.EventContextImpl.proceed(EventContextImpl.java:90)
	at org.jboss.arquillian.container.impl.client.container.DeploymentExceptionHandler.verifyExpectedExceptionDuringDeploy(DeploymentExceptionHandler.java:47)
	at java.base/jdk.internal.reflect.NativeMethodAccessorImpl.invoke0(Native Method)
	at java.base/jdk.internal.reflect.NativeMethodAccessorImpl.invoke(NativeMethodAccessorImpl.java:62)
	at java.base/jdk.internal.reflect.DelegatingMethodAccessorImpl.invoke(DelegatingMethodAccessorImpl.java:43)
	at java.base/java.lang.reflect.Method.invoke(Method.java:567)
	at org.jboss.arquillian.core.impl.ObserverImpl.invoke(ObserverImpl.java:86)
	at org.jboss.arquillian.core.impl.EventContextImpl.proceed(EventContextImpl.java:95)
	at org.jboss.arquillian.container.impl.client.ContainerDeploymentContextHandler.createContainerContext(ContainerDeploymentContextHandler.java:54)
	at java.base/jdk.internal.reflect.NativeMethodAccessorImpl.invoke0(Native Method)
	at java.base/jdk.internal.reflect.NativeMethodAccessorImpl.invoke(NativeMethodAccessorImpl.java:62)
	at java.base/jdk.internal.reflect.DelegatingMethodAccessorImpl.invoke(DelegatingMethodAccessorImpl.java:43)
	at java.base/java.lang.reflect.Method.invoke(Method.java:567)
	at org.jboss.arquillian.core.impl.ObserverImpl.invoke(ObserverImpl.java:86)
	at org.jboss.arquillian.core.impl.EventContextImpl.proceed(EventContextImpl.java:95)
	at org.jboss.arquillian.container.impl.client.ContainerDeploymentContextHandler.createDeploymentContext(ContainerDeploymentContextHandler.java:71)
	at java.base/jdk.internal.reflect.NativeMethodAccessorImpl.invoke0(Native Method)
	at java.base/jdk.internal.reflect.NativeMethodAccessorImpl.invoke(NativeMethodAccessorImpl.java:62)
	at java.base/jdk.internal.reflect.DelegatingMethodAccessorImpl.invoke(DelegatingMethodAccessorImpl.java:43)
	at java.base/java.lang.reflect.Method.invoke(Method.java:567)
	at org.jboss.arquillian.core.impl.ObserverImpl.invoke(ObserverImpl.java:86)
	at org.jboss.arquillian.core.impl.EventContextImpl.proceed(EventContextImpl.java:95)
	at org.jboss.arquillian.core.impl.ManagerImpl.fire(ManagerImpl.java:133)
	at org.jboss.arquillian.core.impl.ManagerImpl.fire(ManagerImpl.java:105)
	at org.jboss.arquillian.core.impl.EventImpl.fire(EventImpl.java:62)
	at org.jboss.arquillian.container.impl.client.container.ContainerDeployController$1.perform(ContainerDeployController.java:92)
	at org.jboss.arquillian.container.impl.client.container.ContainerDeployController$1.perform(ContainerDeployController.java:77)
	at org.jboss.arquillian.container.impl.client.container.ContainerDeployController.forEachDeployment(ContainerDeployController.java:232)
	at org.jboss.arquillian.container.impl.client.container.ContainerDeployController.forEachManagedDeployment(ContainerDeployController.java:212)
	at org.jboss.arquillian.container.impl.client.container.ContainerDeployController.deployManaged(ContainerDeployController.java:77)
	at java.base/jdk.internal.reflect.NativeMethodAccessorImpl.invoke0(Native Method)
	at java.base/jdk.internal.reflect.NativeMethodAccessorImpl.invoke(NativeMethodAccessorImpl.java:62)
	at java.base/jdk.internal.reflect.DelegatingMethodAccessorImpl.invoke(DelegatingMethodAccessorImpl.java:43)
	at java.base/java.lang.reflect.Method.invoke(Method.java:567)
	at org.jboss.arquillian.core.impl.ObserverImpl.invoke(ObserverImpl.java:86)
	at org.jboss.arquillian.core.impl.EventContextImpl.invokeObservers(EventContextImpl.java:103)
	at org.jboss.arquillian.core.impl.EventContextImpl.proceed(EventContextImpl.java:90)
	at org.jboss.arquillian.core.impl.ManagerImpl.fire(ManagerImpl.java:133)
	at org.jboss.arquillian.core.impl.ManagerImpl.fire(ManagerImpl.java:105)
	at org.jboss.arquillian.core.impl.EventImpl.fire(EventImpl.java:62)
	at org.jboss.arquillian.container.test.impl.client.ContainerEventController.execute(ContainerEventController.java:96)
	at java.base/jdk.internal.reflect.NativeMethodAccessorImpl.invoke0(Native Method)
	at java.base/jdk.internal.reflect.NativeMethodAccessorImpl.invoke(NativeMethodAccessorImpl.java:62)
	at java.base/jdk.internal.reflect.DelegatingMethodAccessorImpl.invoke(DelegatingMethodAccessorImpl.java:43)
	at java.base/java.lang.reflect.Method.invoke(Method.java:567)
	at org.jboss.arquillian.core.impl.ObserverImpl.invoke(ObserverImpl.java:86)
	at org.jboss.arquillian.core.impl.EventContextImpl.invokeObservers(EventContextImpl.java:103)
	at org.jboss.arquillian.core.impl.EventContextImpl.proceed(EventContextImpl.java:90)
	at org.jboss.arquillian.test.impl.TestContextHandler.createSuiteContext(TestContextHandler.java:69)
	at java.base/jdk.internal.reflect.NativeMethodAccessorImpl.invoke0(Native Method)
	at java.base/jdk.internal.reflect.NativeMethodAccessorImpl.invoke(NativeMethodAccessorImpl.java:62)
	at java.base/jdk.internal.reflect.DelegatingMethodAccessorImpl.invoke(DelegatingMethodAccessorImpl.java:43)
	at java.base/java.lang.reflect.Method.invoke(Method.java:567)
	at org.jboss.arquillian.core.impl.ObserverImpl.invoke(ObserverImpl.java:86)
	at org.jboss.arquillian.core.impl.EventContextImpl.proceed(EventContextImpl.java:95)
	at org.jboss.arquillian.test.impl.TestContextHandler.createClassContext(TestContextHandler.java:83)
	at java.base/jdk.internal.reflect.NativeMethodAccessorImpl.invoke0(Native Method)
	at java.base/jdk.internal.reflect.NativeMethodAccessorImpl.invoke(NativeMethodAccessorImpl.java:62)
	at java.base/jdk.internal.reflect.DelegatingMethodAccessorImpl.invoke(DelegatingMethodAccessorImpl.java:43)
	at java.base/java.lang.reflect.Method.invoke(Method.java:567)
	at org.jboss.arquillian.core.impl.ObserverImpl.invoke(ObserverImpl.java:86)
	at org.jboss.arquillian.core.impl.EventContextImpl.proceed(EventContextImpl.java:95)
	at org.jboss.arquillian.core.impl.ManagerImpl.fire(ManagerImpl.java:133)
	at org.jboss.arquillian.core.impl.ManagerImpl.fire(ManagerImpl.java:105)
	at org.jboss.arquillian.test.impl.EventTestRunnerAdaptor.beforeClass(EventTestRunnerAdaptor.java:80)
	at org.jboss.arquillian.junit.Arquillian$2.evaluate(Arquillian.java:171)
	at org.jboss.arquillian.junit.Arquillian.multiExecute(Arquillian.java:376)
	at org.jboss.arquillian.junit.Arquillian.access$200(Arquillian.java:54)
	at org.jboss.arquillian.junit.Arquillian$3.evaluate(Arquillian.java:185)
	at org.junit.runners.ParentRunner.run(ParentRunner.java:363)
	at org.jboss.arquillian.junit.Arquillian.run(Arquillian.java:140)
	at org.apache.maven.surefire.junit4.JUnit4Provider.execute(JUnit4Provider.java:252)
	at org.apache.maven.surefire.junit4.JUnit4Provider.executeTestSet(JUnit4Provider.java:141)
	at org.apache.maven.surefire.junit4.JUnit4Provider.invoke(JUnit4Provider.java:112)
	at java.base/jdk.internal.reflect.NativeMethodAccessorImpl.invoke0(Native Method)
	at java.base/jdk.internal.reflect.NativeMethodAccessorImpl.invoke(NativeMethodAccessorImpl.java:62)
	at java.base/jdk.internal.reflect.DelegatingMethodAccessorImpl.invoke(DelegatingMethodAccessorImpl.java:43)
	at java.base/java.lang.reflect.Method.invoke(Method.java:567)
	at org.apache.maven.surefire.util.ReflectionUtils.invokeMethodWithArray(ReflectionUtils.java:189)
	at org.apache.maven.surefire.booter.ProviderFactory$ProviderProxy.invoke(ProviderFactory.java:165)
	at org.apache.maven.surefire.booter.ProviderFactory.invokeProvider(ProviderFactory.java:85)
	at org.apache.maven.surefire.booter.ForkedBooter.runSuitesInProcess(ForkedBooter.java:115)
	at org.apache.maven.surefire.booter.ForkedBooter.main(ForkedBooter.java:75)

Feb 11, 2020 9:48:17 AM org.eclipse.persistence.session./file:/C:/Users/razan/AppData/Local/Temp/gfembed13489736251029586015tmp/applications/114d47f0-5aa8-49be-90d9-ce6f12441a84/WEB-INF/classes/_academy.metadata
SEVERE: The java.lang.String class was compiled with an unsupported JDK. Report this error to the EclipseLink open source project.
java.lang.IllegalArgumentException: Unsupported class file major version 57
	at org.eclipse.persistence.internal.libraries.asm.ClassReader.&lt;init&gt;(ClassReader.java:184)
	at org.eclipse.persistence.internal.libraries.asm.ClassReader.&lt;init&gt;(ClassReader.java:166)
	at org.eclipse.persistence.internal.libraries.asm.ClassReader.&lt;init&gt;(ClassReader.java:152)
	at org.eclipse.persistence.internal.libraries.asm.ClassReader.&lt;init&gt;(ClassReader.java:273)
	at org.eclipse.persistence.internal.jpa.metadata.accessors.objects.MetadataAsmFactory.buildClassMetadata(MetadataAsmFactory.java:106)
	at org.eclipse.persistence.internal.jpa.metadata.accessors.objects.MetadataAsmFactory.getMetadataClass(MetadataAsmFactory.java:177)
	at org.eclipse.persistence.internal.jpa.metadata.accessors.objects.MetadataAccessibleObject.getMetadataClass(MetadataAccessibleObject.java:73)
	at org.eclipse.persistence.internal.jpa.metadata.accessors.objects.MetadataAnnotatedElement.getRawClass(MetadataAnnotatedElement.java:367)
	at org.eclipse.persistence.internal.jpa.metadata.accessors.objects.MetadataAnnotatedElement.isOneToOne(MetadataAnnotatedElement.java:712)
	at org.eclipse.persistence.internal.jpa.metadata.accessors.objects.MetadataAnnotatedElement.isDerivedId(MetadataAnnotatedElement.java:603)
	at org.eclipse.persistence.internal.jpa.metadata.accessors.classes.ClassAccessor.buildAccessor(ClassAccessor.java:591)
	at org.eclipse.persistence.internal.jpa.metadata.accessors.classes.ClassAccessor.addAccessorFields(ClassAccessor.java:438)
	at org.eclipse.persistence.internal.jpa.metadata.accessors.classes.ClassAccessor.addAccessors(ClassAccessor.java:410)
	at org.eclipse.persistence.internal.jpa.metadata.accessors.classes.ClassAccessor.preProcess(ClassAccessor.java:1225)
	at org.eclipse.persistence.internal.jpa.metadata.accessors.classes.MappedSuperclassAccessor.preProcess(MappedSuperclassAccessor.java:751)
	at org.eclipse.persistence.internal.jpa.metadata.accessors.classes.EntityAccessor.preProcess(EntityAccessor.java:621)
	at org.eclipse.persistence.internal.jpa.metadata.MetadataProject.processStage1(MetadataProject.java:1826)
	at org.eclipse.persistence.internal.jpa.metadata.MetadataProcessor.processORMMetadata(MetadataProcessor.java:579)
	at org.eclipse.persistence.internal.jpa.deployment.PersistenceUnitProcessor.processORMetadata(PersistenceUnitProcessor.java:629)
	at org.eclipse.persistence.internal.jpa.EntityManagerSetupImpl.predeploy(EntityManagerSetupImpl.java:2003)
	at org.eclipse.persistence.jpa.PersistenceProvider.createContainerEntityManagerFactoryImpl(PersistenceProvider.java:350)
	at org.eclipse.persistence.jpa.PersistenceProvider.createContainerEntityManagerFactory(PersistenceProvider.java:316)
	at org.glassfish.persistence.jpa.PersistenceUnitLoader.loadPU(PersistenceUnitLoader.java:207)
	at org.glassfish.persistence.jpa.PersistenceUnitLoader.&lt;init&gt;(PersistenceUnitLoader.java:114)
	at org.glassfish.persistence.jpa.JPADeployer$1.visitPUD(JPADeployer.java:225)
	at org.glassfish.persistence.jpa.JPADeployer$PersistenceUnitDescriptorIterator.iteratePUDs(JPADeployer.java:525)
	at org.glassfish.persistence.jpa.JPADeployer.createEMFs(JPADeployer.java:240)
	at org.glassfish.persistence.jpa.JPADeployer.prepare(JPADeployer.java:170)
	at com.sun.enterprise.v3.server.ApplicationLifecycle.prepareModule(ApplicationLifecycle.java:1045)
	at com.sun.enterprise.v3.server.ApplicationLifecycle.prepare(ApplicationLifecycle.java:475)
	at org.glassfish.deployment.admin.DeployCommand.execute(DeployCommand.java:538)
	at com.sun.enterprise.v3.admin.CommandRunnerImpl$2$1.run(CommandRunnerImpl.java:558)
	at com.sun.enterprise.v3.admin.CommandRunnerImpl$2$1.run(CommandRunnerImpl.java:554)
	at java.base/java.security.AccessController.doPrivileged(AccessController.java:391)
	at java.base/javax.security.auth.Subject.doAs(Subject.java:361)
	at com.sun.enterprise.v3.admin.CommandRunnerImpl$2.execute(CommandRunnerImpl.java:553)
	at com.sun.enterprise.v3.admin.CommandRunnerImpl$3.run(CommandRunnerImpl.java:584)
	at com.sun.enterprise.v3.admin.CommandRunnerImpl$3.run(CommandRunnerImpl.java:576)
	at java.base/java.security.AccessController.doPrivileged(AccessController.java:391)
	at java.base/javax.security.auth.Subject.doAs(Subject.java:361)
	at com.sun.enterprise.v3.admin.CommandRunnerImpl.doCommand(CommandRunnerImpl.java:575)
	at com.sun.enterprise.v3.admin.CommandRunnerImpl.doCommand(CommandRunnerImpl.java:1496)
	at com.sun.enterprise.v3.admin.CommandRunnerImpl.access$1300(CommandRunnerImpl.java:120)
	at com.sun.enterprise.v3.admin.CommandRunnerImpl$ExecutionContext.execute(CommandRunnerImpl.java:1878)
	at com.sun.enterprise.v3.admin.CommandRunnerImpl$ExecutionContext.execute(CommandRunnerImpl.java:1754)
	at com.sun.enterprise.admin.cli.embeddable.DeployerImpl.deploy(DeployerImpl.java:137)
	at com.sun.enterprise.admin.cli.embeddable.DeployerImpl.deploy(DeployerImpl.java:113)
	at fish.payara.arquillian.container.payara.embedded.PayaraContainer.deploy(PayaraContainer.java:227)
	at org.jboss.arquillian.container.impl.client.container.ContainerDeployController$3.call(ContainerDeployController.java:151)
	at org.jboss.arquillian.container.impl.client.container.ContainerDeployController$3.call(ContainerDeployController.java:118)
	at org.jboss.arquillian.container.impl.client.container.ContainerDeployController.executeOperation(ContainerDeployController.java:239)
	at org.jboss.arquillian.container.impl.client.container.ContainerDeployController.deploy(ContainerDeployController.java:118)
	at java.base/jdk.internal.reflect.NativeMethodAccessorImpl.invoke0(Native Method)
	at java.base/jdk.internal.reflect.NativeMethodAccessorImpl.invoke(NativeMethodAccessorImpl.java:62)
	at java.base/jdk.internal.reflect.DelegatingMethodAccessorImpl.invoke(DelegatingMethodAccessorImpl.java:43)
	at java.base/java.lang.reflect.Method.invoke(Method.java:567)
	at org.jboss.arquillian.core.impl.ObserverImpl.invoke(ObserverImpl.java:86)
	at org.jboss.arquillian.core.impl.EventContextImpl.invokeObservers(EventContextImpl.java:103)
	at org.jboss.arquillian.core.impl.EventContextImpl.proceed(EventContextImpl.java:90)
	at org.jboss.arquillian.container.impl.client.container.DeploymentExceptionHandler.verifyExpectedExceptionDuringDeploy(DeploymentExceptionHandler.java:47)
	at java.base/jdk.internal.reflect.NativeMethodAccessorImpl.invoke0(Native Method)
	at java.base/jdk.internal.reflect.NativeMethodAccessorImpl.invoke(NativeMethodAccessorImpl.java:62)
	at java.base/jdk.internal.reflect.DelegatingMethodAccessorImpl.invoke(DelegatingMethodAccessorImpl.java:43)
	at java.base/java.lang.reflect.Method.invoke(Method.java:567)
	at org.jboss.arquillian.core.impl.ObserverImpl.invoke(ObserverImpl.java:86)
	at org.jboss.arquillian.core.impl.EventContextImpl.proceed(EventContextImpl.java:95)
	at org.jboss.arquillian.container.impl.client.ContainerDeploymentContextHandler.createContainerContext(ContainerDeploymentContextHandler.java:54)
	at java.base/jdk.internal.reflect.NativeMethodAccessorImpl.invoke0(Native Method)
	at java.base/jdk.internal.reflect.NativeMethodAccessorImpl.invoke(NativeMethodAccessorImpl.java:62)
	at java.base/jdk.internal.reflect.DelegatingMethodAccessorImpl.invoke(DelegatingMethodAccessorImpl.java:43)
	at java.base/java.lang.reflect.Method.invoke(Method.java:567)
	at org.jboss.arquillian.core.impl.ObserverImpl.invoke(ObserverImpl.java:86)
	at org.jboss.arquillian.core.impl.EventContextImpl.proceed(EventContextImpl.java:95)
	at org.jboss.arquillian.container.impl.client.ContainerDeploymentContextHandler.createDeploymentContext(ContainerDeploymentContextHandler.java:71)
	at java.base/jdk.internal.reflect.NativeMethodAccessorImpl.invoke0(Native Method)
	at java.base/jdk.internal.reflect.NativeMethodAccessorImpl.invoke(NativeMethodAccessorImpl.java:62)
	at java.base/jdk.internal.reflect.DelegatingMethodAccessorImpl.invoke(DelegatingMethodAccessorImpl.java:43)
	at java.base/java.lang.reflect.Method.invoke(Method.java:567)
	at org.jboss.arquillian.core.impl.ObserverImpl.invoke(ObserverImpl.java:86)
	at org.jboss.arquillian.core.impl.EventContextImpl.proceed(EventContextImpl.java:95)
	at org.jboss.arquillian.core.impl.ManagerImpl.fire(ManagerImpl.java:133)
	at org.jboss.arquillian.core.impl.ManagerImpl.fire(ManagerImpl.java:105)
	at org.jboss.arquillian.core.impl.EventImpl.fire(EventImpl.java:62)
	at org.jboss.arquillian.container.impl.client.container.ContainerDeployController$1.perform(ContainerDeployController.java:92)
	at org.jboss.arquillian.container.impl.client.container.ContainerDeployController$1.perform(ContainerDeployController.java:77)
	at org.jboss.arquillian.container.impl.client.container.ContainerDeployController.forEachDeployment(ContainerDeployController.java:232)
	at org.jboss.arquillian.container.impl.client.container.ContainerDeployController.forEachManagedDeployment(ContainerDeployController.java:212)
	at org.jboss.arquillian.container.impl.client.container.ContainerDeployController.deployManaged(ContainerDeployController.java:77)
	at java.base/jdk.internal.reflect.NativeMethodAccessorImpl.invoke0(Native Method)
	at java.base/jdk.internal.reflect.NativeMethodAccessorImpl.invoke(NativeMethodAccessorImpl.java:62)
	at java.base/jdk.internal.reflect.DelegatingMethodAccessorImpl.invoke(DelegatingMethodAccessorImpl.java:43)
	at java.base/java.lang.reflect.Method.invoke(Method.java:567)
	at org.jboss.arquillian.core.impl.ObserverImpl.invoke(ObserverImpl.java:86)
	at org.jboss.arquillian.core.impl.EventContextImpl.invokeObservers(EventContextImpl.java:103)
	at org.jboss.arquillian.core.impl.EventContextImpl.proceed(EventContextImpl.java:90)
	at org.jboss.arquillian.core.impl.ManagerImpl.fire(ManagerImpl.java:133)
	at org.jboss.arquillian.core.impl.ManagerImpl.fire(ManagerImpl.java:105)
	at org.jboss.arquillian.core.impl.EventImpl.fire(EventImpl.java:62)
	at org.jboss.arquillian.container.test.impl.client.ContainerEventController.execute(ContainerEventController.java:96)
	at java.base/jdk.internal.reflect.NativeMethodAccessorImpl.invoke0(Native Method)
	at java.base/jdk.internal.reflect.NativeMethodAccessorImpl.invoke(NativeMethodAccessorImpl.java:62)
	at java.base/jdk.internal.reflect.DelegatingMethodAccessorImpl.invoke(DelegatingMethodAccessorImpl.java:43)
	at java.base/java.lang.reflect.Method.invoke(Method.java:567)
	at org.jboss.arquillian.core.impl.ObserverImpl.invoke(ObserverImpl.java:86)
	at org.jboss.arquillian.core.impl.EventContextImpl.invokeObservers(EventContextImpl.java:103)
	at org.jboss.arquillian.core.impl.EventContextImpl.proceed(EventContextImpl.java:90)
	at org.jboss.arquillian.test.impl.TestContextHandler.createSuiteContext(TestContextHandler.java:69)
	at java.base/jdk.internal.reflect.NativeMethodAccessorImpl.invoke0(Native Method)
	at java.base/jdk.internal.reflect.NativeMethodAccessorImpl.invoke(NativeMethodAccessorImpl.java:62)
	at java.base/jdk.internal.reflect.DelegatingMethodAccessorImpl.invoke(DelegatingMethodAccessorImpl.java:43)
	at java.base/java.lang.reflect.Method.invoke(Method.java:567)
	at org.jboss.arquillian.core.impl.ObserverImpl.invoke(ObserverImpl.java:86)
	at org.jboss.arquillian.core.impl.EventContextImpl.proceed(EventContextImpl.java:95)
	at org.jboss.arquillian.test.impl.TestContextHandler.createClassContext(TestContextHandler.java:83)
	at java.base/jdk.internal.reflect.NativeMethodAccessorImpl.invoke0(Native Method)
	at java.base/jdk.internal.reflect.NativeMethodAccessorImpl.invoke(NativeMethodAccessorImpl.java:62)
	at java.base/jdk.internal.reflect.DelegatingMethodAccessorImpl.invoke(DelegatingMethodAccessorImpl.java:43)
	at java.base/java.lang.reflect.Method.invoke(Method.java:567)
	at org.jboss.arquillian.core.impl.ObserverImpl.invoke(ObserverImpl.java:86)
	at org.jboss.arquillian.core.impl.EventContextImpl.proceed(EventContextImpl.java:95)
	at org.jboss.arquillian.core.impl.ManagerImpl.fire(ManagerImpl.java:133)
	at org.jboss.arquillian.core.impl.ManagerImpl.fire(ManagerImpl.java:105)
	at org.jboss.arquillian.test.impl.EventTestRunnerAdaptor.beforeClass(EventTestRunnerAdaptor.java:80)
	at org.jboss.arquillian.junit.Arquillian$2.evaluate(Arquillian.java:171)
	at org.jboss.arquillian.junit.Arquillian.multiExecute(Arquillian.java:376)
	at org.jboss.arquillian.junit.Arquillian.access$200(Arquillian.java:54)
	at org.jboss.arquillian.junit.Arquillian$3.evaluate(Arquillian.java:185)
	at org.junit.runners.ParentRunner.run(ParentRunner.java:363)
	at org.jboss.arquillian.junit.Arquillian.run(Arquillian.java:140)
	at org.apache.maven.surefire.junit4.JUnit4Provider.execute(JUnit4Provider.java:252)
	at org.apache.maven.surefire.junit4.JUnit4Provider.executeTestSet(JUnit4Provider.java:141)
	at org.apache.maven.surefire.junit4.JUnit4Provider.invoke(JUnit4Provider.java:112)
	at java.base/jdk.internal.reflect.NativeMethodAccessorImpl.invoke0(Native Method)
	at java.base/jdk.internal.reflect.NativeMethodAccessorImpl.invoke(NativeMethodAccessorImpl.java:62)
	at java.base/jdk.internal.reflect.DelegatingMethodAccessorImpl.invoke(DelegatingMethodAccessorImpl.java:43)
	at java.base/java.lang.reflect.Method.invoke(Method.java:567)
	at org.apache.maven.surefire.util.ReflectionUtils.invokeMethodWithArray(ReflectionUtils.java:189)
	at org.apache.maven.surefire.booter.ProviderFactory$ProviderProxy.invoke(ProviderFactory.java:165)
	at org.apache.maven.surefire.booter.ProviderFactory.invokeProvider(ProviderFactory.java:85)
	at org.apache.maven.surefire.booter.ForkedBooter.runSuitesInProcess(ForkedBooter.java:115)
	at org.apache.maven.surefire.booter.ForkedBooter.main(ForkedBooter.java:75)

Feb 11, 2020 9:48:17 AM org.eclipse.persistence.session./file:/C:/Users/razan/AppData/Local/Temp/gfembed13489736251029586015tmp/applications/114d47f0-5aa8-49be-90d9-ce6f12441a84/WEB-INF/classes/_academy.metadata
SEVERE: The java.lang.String class was compiled with an unsupported JDK. Report this error to the EclipseLink open source project.
java.lang.ArrayIndexOutOfBoundsException: Index 8 out of bounds for length 0
	at org.eclipse.persistence.internal.libraries.asm.ClassReader.readUnsignedShort(ClassReader.java:3353)
	at org.eclipse.persistence.internal.libraries.asm.ClassReader.&lt;init&gt;(ClassReader.java:188)
	at org.eclipse.persistence.internal.libraries.asm.EclipseLinkClassReader.&lt;init&gt;(EclipseLinkClassReader.java:32)
	at org.eclipse.persistence.internal.libraries.asm.EclipseLinkClassReader.&lt;init&gt;(EclipseLinkClassReader.java:28)
	at org.eclipse.persistence.internal.libraries.asm.EclipseLinkClassReader.&lt;init&gt;(EclipseLinkClassReader.java:24)
	at org.eclipse.persistence.internal.jpa.metadata.accessors.objects.MetadataAsmFactory.buildClassMetadata(MetadataAsmFactory.java:123)
	at org.eclipse.persistence.internal.jpa.metadata.accessors.objects.MetadataAsmFactory.getMetadataClass(MetadataAsmFactory.java:177)
	at org.eclipse.persistence.internal.jpa.metadata.accessors.objects.MetadataAccessibleObject.getMetadataClass(MetadataAccessibleObject.java:73)
	at org.eclipse.persistence.internal.jpa.metadata.accessors.objects.MetadataAnnotatedElement.getRawClass(MetadataAnnotatedElement.java:367)
	at org.eclipse.persistence.internal.jpa.metadata.accessors.objects.MetadataAnnotatedElement.isOneToOne(MetadataAnnotatedElement.java:712)
	at org.eclipse.persistence.internal.jpa.metadata.accessors.objects.MetadataAnnotatedElement.isDerivedId(MetadataAnnotatedElement.java:603)
	at org.eclipse.persistence.internal.jpa.metadata.accessors.classes.ClassAccessor.buildAccessor(ClassAccessor.java:591)
	at org.eclipse.persistence.internal.jpa.metadata.accessors.classes.ClassAccessor.addAccessorFields(ClassAccessor.java:438)
	at org.eclipse.persistence.internal.jpa.metadata.accessors.classes.ClassAccessor.addAccessors(ClassAccessor.java:410)
	at org.eclipse.persistence.internal.jpa.metadata.accessors.classes.ClassAccessor.preProcess(ClassAccessor.java:1225)
	at org.eclipse.persistence.internal.jpa.metadata.accessors.classes.MappedSuperclassAccessor.preProcess(MappedSuperclassAccessor.java:751)
	at org.eclipse.persistence.internal.jpa.metadata.accessors.classes.EntityAccessor.preProcess(EntityAccessor.java:621)
	at org.eclipse.persistence.internal.jpa.metadata.MetadataProject.processStage1(MetadataProject.java:1826)
	at org.eclipse.persistence.internal.jpa.metadata.MetadataProcessor.processORMMetadata(MetadataProcessor.java:579)
	at org.eclipse.persistence.internal.jpa.deployment.PersistenceUnitProcessor.processORMetadata(PersistenceUnitProcessor.java:629)
	at org.eclipse.persistence.internal.jpa.EntityManagerSetupImpl.predeploy(EntityManagerSetupImpl.java:2003)
	at org.eclipse.persistence.jpa.PersistenceProvider.createContainerEntityManagerFactoryImpl(PersistenceProvider.java:350)
	at org.eclipse.persistence.jpa.PersistenceProvider.createContainerEntityManagerFactory(PersistenceProvider.java:316)
	at org.glassfish.persistence.jpa.PersistenceUnitLoader.loadPU(PersistenceUnitLoader.java:207)
	at org.glassfish.persistence.jpa.PersistenceUnitLoader.&lt;init&gt;(PersistenceUnitLoader.java:114)
	at org.glassfish.persistence.jpa.JPADeployer$1.visitPUD(JPADeployer.java:225)
	at org.glassfish.persistence.jpa.JPADeployer$PersistenceUnitDescriptorIterator.iteratePUDs(JPADeployer.java:525)
	at org.glassfish.persistence.jpa.JPADeployer.createEMFs(JPADeployer.java:240)
	at org.glassfish.persistence.jpa.JPADeployer.prepare(JPADeployer.java:170)
	at com.sun.enterprise.v3.server.ApplicationLifecycle.prepareModule(ApplicationLifecycle.java:1045)
	at com.sun.enterprise.v3.server.ApplicationLifecycle.prepare(ApplicationLifecycle.java:475)
	at org.glassfish.deployment.admin.DeployCommand.execute(DeployCommand.java:538)
	at com.sun.enterprise.v3.admin.CommandRunnerImpl$2$1.run(CommandRunnerImpl.java:558)
	at com.sun.enterprise.v3.admin.CommandRunnerImpl$2$1.run(CommandRunnerImpl.java:554)
	at java.base/java.security.AccessController.doPrivileged(AccessController.java:391)
	at java.base/javax.security.auth.Subject.doAs(Subject.java:361)
	at com.sun.enterprise.v3.admin.CommandRunnerImpl$2.execute(CommandRunnerImpl.java:553)
	at com.sun.enterprise.v3.admin.CommandRunnerImpl$3.run(CommandRunnerImpl.java:584)
	at com.sun.enterprise.v3.admin.CommandRunnerImpl$3.run(CommandRunnerImpl.java:576)
	at java.base/java.security.AccessController.doPrivileged(AccessController.java:391)
	at java.base/javax.security.auth.Subject.doAs(Subject.java:361)
	at com.sun.enterprise.v3.admin.CommandRunnerImpl.doCommand(CommandRunnerImpl.java:575)
	at com.sun.enterprise.v3.admin.CommandRunnerImpl.doCommand(CommandRunnerImpl.java:1496)
	at com.sun.enterprise.v3.admin.CommandRunnerImpl.access$1300(CommandRunnerImpl.java:120)
	at com.sun.enterprise.v3.admin.CommandRunnerImpl$ExecutionContext.execute(CommandRunnerImpl.java:1878)
	at com.sun.enterprise.v3.admin.CommandRunnerImpl$ExecutionContext.execute(CommandRunnerImpl.java:1754)
	at com.sun.enterprise.admin.cli.embeddable.DeployerImpl.deploy(DeployerImpl.java:137)
	at com.sun.enterprise.admin.cli.embeddable.DeployerImpl.deploy(DeployerImpl.java:113)
	at fish.payara.arquillian.container.payara.embedded.PayaraContainer.deploy(PayaraContainer.java:227)
	at org.jboss.arquillian.container.impl.client.container.ContainerDeployController$3.call(ContainerDeployController.java:151)
	at org.jboss.arquillian.container.impl.client.container.ContainerDeployController$3.call(ContainerDeployController.java:118)
	at org.jboss.arquillian.container.impl.client.container.ContainerDeployController.executeOperation(ContainerDeployController.java:239)
	at org.jboss.arquillian.container.impl.client.container.ContainerDeployController.deploy(ContainerDeployController.java:118)
	at java.base/jdk.internal.reflect.NativeMethodAccessorImpl.invoke0(Native Method)
	at java.base/jdk.internal.reflect.NativeMethodAccessorImpl.invoke(NativeMethodAccessorImpl.java:62)
	at java.base/jdk.internal.reflect.DelegatingMethodAccessorImpl.invoke(DelegatingMethodAccessorImpl.java:43)
	at java.base/java.lang.reflect.Method.invoke(Method.java:567)
	at org.jboss.arquillian.core.impl.ObserverImpl.invoke(ObserverImpl.java:86)
	at org.jboss.arquillian.core.impl.EventContextImpl.invokeObservers(EventContextImpl.java:103)
	at org.jboss.arquillian.core.impl.EventContextImpl.proceed(EventContextImpl.java:90)
	at org.jboss.arquillian.container.impl.client.container.DeploymentExceptionHandler.verifyExpectedExceptionDuringDeploy(DeploymentExceptionHandler.java:47)
	at java.base/jdk.internal.reflect.NativeMethodAccessorImpl.invoke0(Native Method)
	at java.base/jdk.internal.reflect.NativeMethodAccessorImpl.invoke(NativeMethodAccessorImpl.java:62)
	at java.base/jdk.internal.reflect.DelegatingMethodAccessorImpl.invoke(DelegatingMethodAccessorImpl.java:43)
	at java.base/java.lang.reflect.Method.invoke(Method.java:567)
	at org.jboss.arquillian.core.impl.ObserverImpl.invoke(ObserverImpl.java:86)
	at org.jboss.arquillian.core.impl.EventContextImpl.proceed(EventContextImpl.java:95)
	at org.jboss.arquillian.container.impl.client.ContainerDeploymentContextHandler.createContainerContext(ContainerDeploymentContextHandler.java:54)
	at java.base/jdk.internal.reflect.NativeMethodAccessorImpl.invoke0(Native Method)
	at java.base/jdk.internal.reflect.NativeMethodAccessorImpl.invoke(NativeMethodAccessorImpl.java:62)
	at java.base/jdk.internal.reflect.DelegatingMethodAccessorImpl.invoke(DelegatingMethodAccessorImpl.java:43)
	at java.base/java.lang.reflect.Method.invoke(Method.java:567)
	at org.jboss.arquillian.core.impl.ObserverImpl.invoke(ObserverImpl.java:86)
	at org.jboss.arquillian.core.impl.EventContextImpl.proceed(EventContextImpl.java:95)
	at org.jboss.arquillian.container.impl.client.ContainerDeploymentContextHandler.createDeploymentContext(ContainerDeploymentContextHandler.java:71)
	at java.base/jdk.internal.reflect.NativeMethodAccessorImpl.invoke0(Native Method)
	at java.base/jdk.internal.reflect.NativeMethodAccessorImpl.invoke(NativeMethodAccessorImpl.java:62)
	at java.base/jdk.internal.reflect.DelegatingMethodAccessorImpl.invoke(DelegatingMethodAccessorImpl.java:43)
	at java.base/java.lang.reflect.Method.invoke(Method.java:567)
	at org.jboss.arquillian.core.impl.ObserverImpl.invoke(ObserverImpl.java:86)
	at org.jboss.arquillian.core.impl.EventContextImpl.proceed(EventContextImpl.java:95)
	at org.jboss.arquillian.core.impl.ManagerImpl.fire(ManagerImpl.java:133)
	at org.jboss.arquillian.core.impl.ManagerImpl.fire(ManagerImpl.java:105)
	at org.jboss.arquillian.core.impl.EventImpl.fire(EventImpl.java:62)
	at org.jboss.arquillian.container.impl.client.container.ContainerDeployController$1.perform(ContainerDeployController.java:92)
	at org.jboss.arquillian.container.impl.client.container.ContainerDeployController$1.perform(ContainerDeployController.java:77)
	at org.jboss.arquillian.container.impl.client.container.ContainerDeployController.forEachDeployment(ContainerDeployController.java:232)
	at org.jboss.arquillian.container.impl.client.container.ContainerDeployController.forEachManagedDeployment(ContainerDeployController.java:212)
	at org.jboss.arquillian.container.impl.client.container.ContainerDeployController.deployManaged(ContainerDeployController.java:77)
	at java.base/jdk.internal.reflect.NativeMethodAccessorImpl.invoke0(Native Method)
	at java.base/jdk.internal.reflect.NativeMethodAccessorImpl.invoke(NativeMethodAccessorImpl.java:62)
	at java.base/jdk.internal.reflect.DelegatingMethodAccessorImpl.invoke(DelegatingMethodAccessorImpl.java:43)
	at java.base/java.lang.reflect.Method.invoke(Method.java:567)
	at org.jboss.arquillian.core.impl.ObserverImpl.invoke(ObserverImpl.java:86)
	at org.jboss.arquillian.core.impl.EventContextImpl.invokeObservers(EventContextImpl.java:103)
	at org.jboss.arquillian.core.impl.EventContextImpl.proceed(EventContextImpl.java:90)
	at org.jboss.arquillian.core.impl.ManagerImpl.fire(ManagerImpl.java:133)
	at org.jboss.arquillian.core.impl.ManagerImpl.fire(ManagerImpl.java:105)
	at org.jboss.arquillian.core.impl.EventImpl.fire(EventImpl.java:62)
	at org.jboss.arquillian.container.test.impl.client.ContainerEventController.execute(ContainerEventController.java:96)
	at java.base/jdk.internal.reflect.NativeMethodAccessorImpl.invoke0(Native Method)
	at java.base/jdk.internal.reflect.NativeMethodAccessorImpl.invoke(NativeMethodAccessorImpl.java:62)
	at java.base/jdk.internal.reflect.DelegatingMethodAccessorImpl.invoke(DelegatingMethodAccessorImpl.java:43)
	at java.base/java.lang.reflect.Method.invoke(Method.java:567)
	at org.jboss.arquillian.core.impl.ObserverImpl.invoke(ObserverImpl.java:86)
	at org.jboss.arquillian.core.impl.EventContextImpl.invokeObservers(EventContextImpl.java:103)
	at org.jboss.arquillian.core.impl.EventContextImpl.proceed(EventContextImpl.java:90)
	at org.jboss.arquillian.test.impl.TestContextHandler.createSuiteContext(TestContextHandler.java:69)
	at java.base/jdk.internal.reflect.NativeMethodAccessorImpl.invoke0(Native Method)
	at java.base/jdk.internal.reflect.NativeMethodAccessorImpl.invoke(NativeMethodAccessorImpl.java:62)
	at java.base/jdk.internal.reflect.DelegatingMethodAccessorImpl.invoke(DelegatingMethodAccessorImpl.java:43)
	at java.base/java.lang.reflect.Method.invoke(Method.java:567)
	at org.jboss.arquillian.core.impl.ObserverImpl.invoke(ObserverImpl.java:86)
	at org.jboss.arquillian.core.impl.EventContextImpl.proceed(EventContextImpl.java:95)
	at org.jboss.arquillian.test.impl.TestContextHandler.createClassContext(TestContextHandler.java:83)
	at java.base/jdk.internal.reflect.NativeMethodAccessorImpl.invoke0(Native Method)
	at java.base/jdk.internal.reflect.NativeMethodAccessorImpl.invoke(NativeMethodAccessorImpl.java:62)
	at java.base/jdk.internal.reflect.DelegatingMethodAccessorImpl.invoke(DelegatingMethodAccessorImpl.java:43)
	at java.base/java.lang.reflect.Method.invoke(Method.java:567)
	at org.jboss.arquillian.core.impl.ObserverImpl.invoke(ObserverImpl.java:86)
	at org.jboss.arquillian.core.impl.EventContextImpl.proceed(EventContextImpl.java:95)
	at org.jboss.arquillian.core.impl.ManagerImpl.fire(ManagerImpl.java:133)
	at org.jboss.arquillian.core.impl.ManagerImpl.fire(ManagerImpl.java:105)
	at org.jboss.arquillian.test.impl.EventTestRunnerAdaptor.beforeClass(EventTestRunnerAdaptor.java:80)
	at org.jboss.arquillian.junit.Arquillian$2.evaluate(Arquillian.java:171)
	at org.jboss.arquillian.junit.Arquillian.multiExecute(Arquillian.java:376)
	at org.jboss.arquillian.junit.Arquillian.access$200(Arquillian.java:54)
	at org.jboss.arquillian.junit.Arquillian$3.evaluate(Arquillian.java:185)
	at org.junit.runners.ParentRunner.run(ParentRunner.java:363)
	at org.jboss.arquillian.junit.Arquillian.run(Arquillian.java:140)
	at org.apache.maven.surefire.junit4.JUnit4Provider.execute(JUnit4Provider.java:252)
	at org.apache.maven.surefire.junit4.JUnit4Provider.executeTestSet(JUnit4Provider.java:141)
	at org.apache.maven.surefire.junit4.JUnit4Provider.invoke(JUnit4Provider.java:112)
	at java.base/jdk.internal.reflect.NativeMethodAccessorImpl.invoke0(Native Method)
	at java.base/jdk.internal.reflect.NativeMethodAccessorImpl.invoke(NativeMethodAccessorImpl.java:62)
	at java.base/jdk.internal.reflect.DelegatingMethodAccessorImpl.invoke(DelegatingMethodAccessorImpl.java:43)
	at java.base/java.lang.reflect.Method.invoke(Method.java:567)
	at org.apache.maven.surefire.util.ReflectionUtils.invokeMethodWithArray(ReflectionUtils.java:189)
	at org.apache.maven.surefire.booter.ProviderFactory$ProviderProxy.invoke(ProviderFactory.java:165)
	at org.apache.maven.surefire.booter.ProviderFactory.invokeProvider(ProviderFactory.java:85)
	at org.apache.maven.surefire.booter.ForkedBooter.runSuitesInProcess(ForkedBooter.java:115)
	at org.apache.maven.surefire.booter.ForkedBooter.main(ForkedBooter.java:75)

Feb 11, 2020 9:48:17 AM com.sun.logging.LogDomains getResourceBundle
INFO: Cannot find the resource bundle for the name com.sun.logging.enterprise.system.util for class com.sun.appserv.ClassLoaderUtil using jdk.internal.loader.ClassLoaders$AppClassLoader@c387f44
Feb 11, 2020 9:48:17 AM com.sun.appserv.ClassLoaderUtil releaseLoader
WARNING: classloaderutil.errorReleasingLoader
java.lang.reflect.InaccessibleObjectException: Unable to make field private final java.util.ArrayList jdk.internal.loader.URLClassPath.loaders accessible: module java.base does not &quot;opens jdk.internal.loader&quot; to unnamed module @411f53a0
	at java.base/java.lang.reflect.AccessibleObject.checkCanSetAccessible(AccessibleObject.java:344)
	at java.base/java.lang.reflect.AccessibleObject.checkCanSetAccessible(AccessibleObject.java:284)
	at java.base/java.lang.reflect.Field.checkCanSetAccessible(Field.java:176)
	at java.base/java.lang.reflect.Field.setAccessible(Field.java:170)
	at com.sun.appserv.ClassLoaderUtil.getField(ClassLoaderUtil.java:308)
	at com.sun.appserv.ClassLoaderUtil.initForClosingJars(ClassLoaderUtil.java:290)
	at com.sun.appserv.ClassLoaderUtil.init(ClassLoaderUtil.java:263)
	at com.sun.appserv.ClassLoaderUtil.releaseLoader(ClassLoaderUtil.java:139)
[...]
	at org.jboss.arquillian.core.impl.EventContextImpl.proceed(EventContextImpl.java:95)
	at org.jboss.arquillian.container.impl.client.ContainerDeploymentContextHandler.createContainerContext(ContainerDeploymentContextHandler.java:54)
	at java.base/jdk.internal.reflect.NativeMethodAccessorImpl.invoke0(Native Method)
	at java.base/jdk.internal.reflect.NativeMethodAccessorImpl.invoke(NativeMethodAccessorImpl.java:62)
	at java.base/jdk.internal.reflect.DelegatingMethodAccessorImpl.invoke(DelegatingMethodAccessorImpl.java:43)
	at java.base/java.lang.reflect.Method.invoke(Method.java:567)
	at org.jboss.arquillian.core.impl.ObserverImpl.invoke(ObserverImpl.java:86)
	at org.jboss.arquillian.core.impl.EventContextImpl.proceed(EventContextImpl.java:95)
	at org.jboss.arquillian.container.impl.client.ContainerDeploymentContextHandler.createDeploymentContext(ContainerDeploymentContextHandler.java:71)
	at java.base/jdk.internal.reflect.NativeMethodAccessorImpl.invoke0(Native Method)
	at java.base/jdk.internal.reflect.NativeMethodAccessorImpl.invoke(NativeMethodAccessorImpl.java:62)
	at java.base/jdk.internal.reflect.DelegatingMethodAccessorImpl.invoke(DelegatingMethodAccessorImpl.java:43)
	at java.base/java.lang.reflect.Method.invoke(Method.java:567)
	at org.jboss.arquillian.core.impl.ObserverImpl.invoke(ObserverImpl.java:86)
	at org.jboss.arquillian.core.impl.EventContextImpl.proceed(EventContextImpl.java:95)
	at org.jboss.arquillian.core.impl.ManagerImpl.fire(ManagerImpl.java:133)
	at org.jboss.arquillian.core.impl.ManagerImpl.fire(ManagerImpl.java:105)
	at org.jboss.arquillian.core.impl.EventImpl.fire(EventImpl.java:62)
	at org.jboss.arquillian.container.impl.client.container.ContainerDeployController$1.perform(ContainerDeployController.java:92)
	at org.jboss.arquillian.container.impl.client.container.ContainerDeployController$1.perform(ContainerDeployController.java:77)
	at org.jboss.arquillian.container.impl.client.container.ContainerDeployController.forEachDeployment(ContainerDeployController.java:232)
	at org.jboss.arquillian.container.impl.client.container.ContainerDeployController.forEachManagedDeployment(ContainerDeployController.java:212)
	at org.jboss.arquillian.container.impl.client.container.ContainerDeployController.deployManaged(ContainerDeployController.java:77)
	at java.base/jdk.internal.reflect.NativeMethodAccessorImpl.invoke0(Native Method)
	at java.base/jdk.internal.reflect.NativeMethodAccessorImpl.invoke(NativeMethodAccessorImpl.java:62)
	at java.base/jdk.internal.reflect.DelegatingMethodAccessorImpl.invoke(DelegatingMethodAccessorImpl.java:43)
	at java.base/java.lang.reflect.Method.invoke(Method.java:567)
	at org.jboss.arquillian.core.impl.ObserverImpl.invoke(ObserverImpl.java:86)
	at org.jboss.arquillian.core.impl.EventContextImpl.invokeObservers(EventContextImpl.java:103)
	at org.jboss.arquillian.core.impl.EventContextImpl.proceed(EventContextImpl.java:90)
	at org.jboss.arquillian.core.impl.ManagerImpl.fire(ManagerImpl.java:133)
	at org.jboss.arquillian.core.impl.ManagerImpl.fire(ManagerImpl.java:105)
	at org.jboss.arquillian.core.impl.EventImpl.fire(EventImpl.java:62)
	at org.jboss.arquillian.container.test.impl.client.ContainerEventController.execute(ContainerEventController.java:96)
	at java.base/jdk.internal.reflect.NativeMethodAccessorImpl.invoke0(Native Method)
	at java.base/jdk.internal.reflect.NativeMethodAccessorImpl.invoke(NativeMethodAccessorImpl.java:62)
	at java.base/jdk.internal.reflect.DelegatingMethodAccessorImpl.invoke(DelegatingMethodAccessorImpl.java:43)
	at java.base/java.lang.reflect.Method.invoke(Method.java:567)
	at org.jboss.arquillian.core.impl.ObserverImpl.invoke(ObserverImpl.java:86)
	at org.jboss.arquillian.core.impl.EventContextImpl.invokeObservers(EventContextImpl.java:103)
	at org.jboss.arquillian.core.impl.EventContextImpl.proceed(EventContextImpl.java:90)
	at org.jboss.arquillian.test.impl.TestContextHandler.createSuiteContext(TestContextHandler.java:69)
	at java.base/jdk.internal.reflect.NativeMethodAccessorImpl.invoke0(Native Method)
	at java.base/jdk.internal.reflect.NativeMethodAccessorImpl.invoke(NativeMethodAccessorImpl.java:62)
	at java.base/jdk.internal.reflect.DelegatingMethodAccessorImpl.invoke(DelegatingMethodAccessorImpl.java:43)
	at java.base/java.lang.reflect.Method.invoke(Method.java:567)
	at org.jboss.arquillian.core.impl.ObserverImpl.invoke(ObserverImpl.java:86)
	at org.jboss.arquillian.core.impl.EventContextImpl.proceed(EventContextImpl.java:95)
	at org.jboss.arquillian.test.impl.TestContextHandler.createClassContext(TestContextHandler.java:83)
	at java.base/jdk.internal.reflect.NativeMethodAccessorImpl.invoke0(Native Method)
	at java.base/jdk.internal.reflect.NativeMethodAccessorImpl.invoke(NativeMethodAccessorImpl.java:62)
	at java.base/jdk.internal.reflect.DelegatingMethodAccessorImpl.invoke(DelegatingMethodAccessorImpl.java:43)
	at java.base/java.lang.reflect.Method.invoke(Method.java:567)
	at org.jboss.arquillian.core.impl.ObserverImpl.invoke(ObserverImpl.java:86)
	at org.jboss.arquillian.core.impl.EventContextImpl.proceed(EventContextImpl.java:95)
	at org.jboss.arquillian.core.impl.ManagerImpl.fire(ManagerImpl.java:133)
	at org.jboss.arquillian.core.impl.ManagerImpl.fire(ManagerImpl.java:105)
	at org.jboss.arquillian.test.impl.EventTestRunnerAdaptor.beforeClass(EventTestRunnerAdaptor.java:80)
	at org.jboss.arquillian.junit.Arquillian$2.evaluate(Arquillian.java:171)
	at org.jboss.arquillian.junit.Arquillian.multiExecute(Arquillian.java:376)
	at org.jboss.arquillian.junit.Arquillian.access$200(Arquillian.java:54)
	at org.jboss.arquillian.junit.Arquillian$3.evaluate(Arquillian.java:185)
	at org.junit.runners.ParentRunner.run(ParentRunner.java:363)
	at org.jboss.arquillian.junit.Arquillian.run(Arquillian.java:140)
	at org.apache.maven.surefire.junit4.JUnit4Provider.execute(JUnit4Provider.java:252)
	at org.apache.maven.surefire.junit4.JUnit4Provider.executeTestSet(JUnit4Provider.java:141)
	at org.apache.maven.surefire.junit4.JUnit4Provider.invoke(JUnit4Provider.java:112)
	at java.base/jdk.internal.reflect.NativeMethodAccessorImpl.invoke0(Native Method)
	at java.base/jdk.internal.reflect.NativeMethodAccessorImpl.invoke(NativeMethodAccessorImpl.java:62)
	at java.base/jdk.internal.reflect.DelegatingMethodAccessorImpl.invoke(DelegatingMethodAccessorImpl.java:43)
	at java.base/java.lang.reflect.Method.invoke(Method.java:567)
	at org.apache.maven.surefire.util.ReflectionUtils.invokeMethodWithArray(ReflectionUtils.java:189)
	at org.apache.maven.surefire.booter.ProviderFactory$ProviderProxy.invoke(ProviderFactory.java:165)
	at org.apache.maven.surefire.booter.ProviderFactory.invokeProvider(ProviderFactory.java:85)
	at org.apache.maven.surefire.booter.ForkedBooter.runSuitesInProcess(ForkedBooter.java:115)
	at org.apache.maven.surefire.booter.ForkedBooter.main(ForkedBooter.java:75)

Feb 11, 2020 9:48:19 AM org.glassfish.api.ActionReport failure
SEVERE: Exception while loading the app
Feb 11, 2020 9:48:19 AM com.sun.enterprise.web.WebContainer unloadWebModule
SEVERE: Undeployment failed for context /114d47f0-5aa8-49be-90d9-ce6f12441a84
Feb 11, 2020 9:48:19 AM com.sun.logging.LogDomains getResourceBundle
INFO: Cannot find the resource bundle for the name com.sun.logging.enterprise.system.util for class com.sun.appserv.ClassLoaderUtil using jdk.internal.loader.ClassLoaders$AppClassLoader@c387f44
Feb 11, 2020 9:48:19 AM com.sun.appserv.ClassLoaderUtil releaseLoader
WARNING: classloaderutil.errorReleasingLoader
java.lang.reflect.InaccessibleObjectException: Unable to make field private final java.util.ArrayList jdk.internal.loader.URLClassPath.loaders accessible: module java.base does not &quot;opens jdk.internal.loader&quot; to unnamed module @411f53a0
	at java.base/java.lang.reflect.AccessibleObject.checkCanSetAccessible(AccessibleObject.java:344)
	at java.base/java.lang.reflect.AccessibleObject.checkCanSetAccessible(AccessibleObject.java:284)
	at java.base/java.lang.reflect.Field.checkCanSetAccessible(Field.java:176)
	at java.base/java.lang.reflect.Field.setAccessible(Field.java:170)
	at com.sun.appserv.ClassLoaderUtil.getField(ClassLoaderUtil.java:308)
	at com.sun.appserv.ClassLoaderUtil.initForClosingJars(ClassLoaderUtil.java:290)
	at com.sun.appserv.ClassLoaderUtil.init(ClassLoaderUtil.java:263)
	at com.sun.appserv.ClassLoaderUtil.releaseLoader(ClassLoaderUtil.java:139)
	at com.sun.appserv.ClassLoaderUtil.releaseLoader(ClassLoaderUtil.java:111)
	at org.glassfish.web.loader.WebappClassLoader.stop(WebappClassLoader.java:1870)
	at org.glassfish.web.loader.WebappClassLoader.preDestroy(WebappClassLoader.java:1831)
	at org.glassfish.deployment.common.DeploymentContextImpl.preDestroy(DeploymentContextImpl.java:176)
	at com.sun.enterprise.v3.server.ApplicationLifecycle$3.actOn(ApplicationLifecycle.java:298)
	at com.sun.enterprise.v3.server.ApplicationLifecycle.prepare(ApplicationLifecycle.java:537)
	at org.glassfish.deployment.admin.DeployCommand.execute(DeployCommand.java:538)
	at com.sun.enterprise.v3.admin.CommandRunnerImpl$2$1.run(CommandRunnerImpl.java:558)
	at com.sun.enterprise.v3.admin.CommandRunnerImpl$2$1.run(CommandRunnerImpl.java:554)
	at java.base/java.security.AccessController.doPrivileged(AccessController.java:391)
	at java.base/javax.security.auth.Subject.doAs(Subject.java:361)
	at com.sun.enterprise.v3.admin.CommandRunnerImpl$2.execute(CommandRunnerImpl.java:553)
	at com.sun.enterprise.v3.admin.CommandRunnerImpl$3.run(CommandRunnerImpl.java:584)
	at com.sun.enterprise.v3.admin.CommandRunnerImpl$3.run(CommandRunnerImpl.java:576)
	at java.base/java.security.AccessController.doPrivileged(AccessController.java:391)
	at java.base/javax.security.auth.Subject.doAs(Subject.java:361)
	at com.sun.enterprise.v3.admin.CommandRunnerImpl.doCommand(CommandRunnerImpl.java:575)
	at com.sun.enterprise.v3.admin.CommandRunnerImpl.doCommand(CommandRunnerImpl.java:1496)
	at com.sun.enterprise.v3.admin.CommandRunnerImpl.access$1300(CommandRunnerImpl.java:120)
	at com.sun.enterprise.v3.admin.CommandRunnerImpl$ExecutionContext.execute(CommandRunnerImpl.java:1878)
	at com.sun.enterprise.v3.admin.CommandRunnerImpl$ExecutionContext.execute(CommandRunnerImpl.java:1754)
	at com.sun.enterprise.admin.cli.embeddable.DeployerImpl.deploy(DeployerImpl.java:137)
	at com.sun.enterprise.admin.cli.embeddable.DeployerImpl.deploy(DeployerImpl.java:113)
	at fish.payara.arquillian.container.payara.embedded.PayaraContainer.deploy(PayaraContainer.java:227)
	at org.jboss.arquillian.container.impl.client.container.ContainerDeployController$3.call(ContainerDeployController.java:151)
	at org.jboss.arquillian.container.impl.client.container.ContainerDeployController$3.call(ContainerDeployController.java:118)
	at org.jboss.arquillian.container.impl.client.container.ContainerDeployController.executeOperation(ContainerDeployController.java:239)
	at org.jboss.arquillian.container.impl.client.container.ContainerDeployController.deploy(ContainerDeployController.java:118)
	at java.base/jdk.internal.reflect.NativeMethodAccessorImpl.invoke0(Native Method)
	at java.base/jdk.internal.reflect.NativeMethodAccessorImpl.invoke(NativeMethodAccessorImpl.java:62)
	at java.base/jdk.internal.reflect.DelegatingMethodAccessorImpl.invoke(DelegatingMethodAccessorImpl.java:43)
	at java.base/java.lang.reflect.Method.invoke(Method.java:567)
	at org.jboss.arquillian.core.impl.ObserverImpl.invoke(ObserverImpl.java:86)
	at org.jboss.arquillian.core.impl.EventContextImpl.invokeObservers(EventContextImpl.java:103)
	at org.jboss.arquillian.core.impl.EventContextImpl.proceed(EventContextImpl.java:90)
	at org.jboss.arquillian.container.impl.client.container.DeploymentExceptionHandler.verifyExpectedExceptionDuringDeploy(DeploymentExceptionHandler.java:47)
	at java.base/jdk.internal.reflect.NativeMethodAccessorImpl.invoke0(Native Method)
	at java.base/jdk.internal.reflect.NativeMethodAccessorImpl.invoke(NativeMethodAccessorImpl.java:62)
	at java.base/jdk.internal.reflect.DelegatingMethodAccessorImpl.invoke(DelegatingMethodAccessorImpl.java:43)
	at java.base/java.lang.reflect.Method.invoke(Method.java:567)
	at org.jboss.arquillian.core.impl.ObserverImpl.invoke(ObserverImpl.java:86)
	at org.jboss.arquillian.core.impl.EventContextImpl.proceed(EventContextImpl.java:95)
	at org.jboss.arquillian.container.impl.client.ContainerDeploymentContextHandler.createContainerContext(ContainerDeploymentContextHandler.java:54)
	at java.base/jdk.internal.reflect.NativeMethodAccessorImpl.invoke0(Native Method)
	at java.base/jdk.internal.reflect.NativeMethodAccessorImpl.invoke(NativeMethodAccessorImpl.java:62)
	at java.base/jdk.internal.reflect.DelegatingMethodAccessorImpl.invoke(DelegatingMethodAccessorImpl.java:43)
	at java.base/java.lang.reflect.Method.invoke(Method.java:567)
	at org.jboss.arquillian.core.impl.ObserverImpl.invoke(ObserverImpl.java:86)
	at org.jboss.arquillian.core.impl.EventContextImpl.proceed(EventContextImpl.java:95)
	at org.jboss.arquillian.container.impl.client.ContainerDeploymentContextHandler.createDeploymentContext(ContainerDeploymentContextHandler.java:71)
	at java.base/jdk.internal.reflect.NativeMethodAccessorImpl.invoke0(Native Method)
	at java.base/jdk.internal.reflect.NativeMethodAccessorImpl.invoke(NativeMethodAccessorImpl.java:62)
	at java.base/jdk.internal.reflect.DelegatingMethodAccessorImpl.invoke(DelegatingMethodAccessorImpl.java:43)
	at java.base/java.lang.reflect.Method.invoke(Method.java:567)
	at org.jboss.arquillian.core.impl.ObserverImpl.invoke(ObserverImpl.java:86)
	at org.jboss.arquillian.core.impl.EventContextImpl.proceed(EventContextImpl.java:95)
	at org.jboss.arquillian.core.impl.ManagerImpl.fire(ManagerImpl.java:133)
	at org.jboss.arquillian.core.impl.ManagerImpl.fire(ManagerImpl.java:105)
	at org.jboss.arquillian.core.impl.EventImpl.fire(EventImpl.java:62)
	at org.jboss.arquillian.container.impl.client.container.ContainerDeployController$1.perform(ContainerDeployController.java:92)
	at org.jboss.arquillian.container.impl.client.container.ContainerDeployController$1.perform(ContainerDeployController.java:77)
	at org.jboss.arquillian.container.impl.client.container.ContainerDeployController.forEachDeployment(ContainerDeployController.java:232)
	at org.jboss.arquillian.container.impl.client.container.ContainerDeployController.forEachManagedDeployment(ContainerDeployController.java:212)
	at org.jboss.arquillian.container.impl.client.container.ContainerDeployController.deployManaged(ContainerDeployController.java:77)
	at java.base/jdk.internal.reflect.NativeMethodAccessorImpl.invoke0(Native Method)
	at java.base/jdk.internal.reflect.NativeMethodAccessorImpl.invoke(NativeMethodAccessorImpl.java:62)
	at java.base/jdk.internal.reflect.DelegatingMethodAccessorImpl.invoke(DelegatingMethodAccessorImpl.java:43)
	at java.base/java.lang.reflect.Method.invoke(Method.java:567)
	at org.jboss.arquillian.core.impl.ObserverImpl.invoke(ObserverImpl.java:86)
	at org.jboss.arquillian.core.impl.EventContextImpl.invokeObservers(EventContextImpl.java:103)
	at org.jboss.arquillian.core.impl.EventContextImpl.proceed(EventContextImpl.java:90)
	at org.jboss.arquillian.core.impl.ManagerImpl.fire(ManagerImpl.java:133)
	at org.jboss.arquillian.core.impl.ManagerImpl.fire(ManagerImpl.java:105)
	at org.jboss.arquillian.core.impl.EventImpl.fire(EventImpl.java:62)
	at org.jboss.arquillian.container.test.impl.client.ContainerEventController.execute(ContainerEventController.java:96)
	at java.base/jdk.internal.reflect.NativeMethodAccessorImpl.invoke0(Native Method)
	at java.base/jdk.internal.reflect.NativeMethodAccessorImpl.invoke(NativeMethodAccessorImpl.java:62)
	at java.base/jdk.internal.reflect.DelegatingMethodAccessorImpl.invoke(DelegatingMethodAccessorImpl.java:43)
	at java.base/java.lang.reflect.Method.invoke(Method.java:567)
	at org.jboss.arquillian.core.impl.ObserverImpl.invoke(ObserverImpl.java:86)
	at org.jboss.arquillian.core.impl.EventContextImpl.invokeObservers(EventContextImpl.java:103)
	at org.jboss.arquillian.core.impl.EventContextImpl.proceed(EventContextImpl.java:90)
	at org.jboss.arquillian.test.impl.TestContextHandler.createSuiteContext(TestContextHandler.java:69)
	at java.base/jdk.internal.reflect.NativeMethodAccessorImpl.invoke0(Native Method)
	at java.base/jdk.internal.reflect.NativeMethodAccessorImpl.invoke(NativeMethodAccessorImpl.java:62)
	at java.base/jdk.internal.reflect.DelegatingMethodAccessorImpl.invoke(DelegatingMethodAccessorImpl.java:43)
	at java.base/java.lang.reflect.Method.invoke(Method.java:567)
	at org.jboss.arquillian.core.impl.ObserverImpl.invoke(ObserverImpl.java:86)
	at org.jboss.arquillian.core.impl.EventContextImpl.proceed(EventContextImpl.java:95)
	at org.jboss.arquillian.test.impl.TestContextHandler.createClassContext(TestContextHandler.java:83)
	at java.base/jdk.internal.reflect.NativeMethodAccessorImpl.invoke0(Native Method)
	at java.base/jdk.internal.reflect.NativeMethodAccessorImpl.invoke(NativeMethodAccessorImpl.java:62)
	at java.base/jdk.internal.reflect.DelegatingMethodAccessorImpl.invoke(DelegatingMethodAccessorImpl.java:43)
	at java.base/java.lang.reflect.Method.invoke(Method.java:567)
	at org.jboss.arquillian.core.impl.ObserverImpl.invoke(ObserverImpl.java:86)
	at org.jboss.arquillian.core.impl.EventContextImpl.proceed(EventContextImpl.java:95)
	at org.jboss.arquillian.core.impl.ManagerImpl.fire(ManagerImpl.java:133)
	at org.jboss.arquillian.core.impl.ManagerImpl.fire(ManagerImpl.java:105)
	at org.jboss.arquillian.test.impl.EventTestRunnerAdaptor.beforeClass(EventTestRunnerAdaptor.java:80)
	at org.jboss.arquillian.junit.Arquillian$2.evaluate(Arquillian.java:171)
	at org.jboss.arquillian.junit.Arquillian.multiExecute(Arquillian.java:376)
	at org.jboss.arquillian.junit.Arquillian.access$200(Arquillian.java:54)
	at org.jboss.arquillian.junit.Arquillian$3.evaluate(Arquillian.java:185)
	at org.junit.runners.ParentRunner.run(ParentRunner.java:363)
	at org.jboss.arquillian.junit.Arquillian.run(Arquillian.java:140)
	at org.apache.maven.surefire.junit4.JUnit4Provider.execute(JUnit4Provider.java:252)
	at org.apache.maven.surefire.junit4.JUnit4Provider.executeTestSet(JUnit4Provider.java:141)
	at org.apache.maven.surefire.junit4.JUnit4Provider.invoke(JUnit4Provider.java:112)
	at java.base/jdk.internal.reflect.NativeMethodAccessorImpl.invoke0(Native Method)
	at java.base/jdk.internal.reflect.NativeMethodAccessorImpl.invoke(NativeMethodAccessorImpl.java:62)
	at java.base/jdk.internal.reflect.DelegatingMethodAccessorImpl.invoke(DelegatingMethodAccessorImpl.java:43)
	at java.base/java.lang.reflect.Method.invoke(Method.java:567)
	at org.apache.maven.surefire.util.ReflectionUtils.invokeMethodWithArray(ReflectionUtils.java:189)
	at org.apache.maven.surefire.booter.ProviderFactory$ProviderProxy.invoke(ProviderFactory.java:165)
	at org.apache.maven.surefire.booter.ProviderFactory.invokeProvider(ProviderFactory.java:85)
	at org.apache.maven.surefire.booter.ForkedBooter.runSuitesInProcess(ForkedBooter.java:115)
	at org.apache.maven.surefire.booter.ForkedBooter.main(ForkedBooter.java:75)

Feb 11, 2020 9:48:19 AM org.eclipse.persistence.session./file:/C:/Users/razan/AppData/Local/Temp/gfembed13489736251029586015tmp/applications/114d47f0-5aa8-49be-90d9-ce6f12441a84/WEB-INF/classes/_academy.connection
INFO: /file:/C:/Users/razan/AppData/Local/Temp/gfembed13489736251029586015tmp/applications/114d47f0-5aa8-49be-90d9-ce6f12441a84/WEB-INF/classes/_academy logout successful
Feb 11, 2020 9:48:19 AM org.glassfish.deployment.admin.DeployCommand execute
SEVERE: Exception while loading the app : CDI deployment failure:WELD-001524: Unable to load proxy class for bean Built-in Bean [javax.transaction.UserTransaction] with qualifiers [@Default] with class interface javax.transaction.UserTransaction -- WELD-001524: Unable to load proxy class for bean Built-in Bean [javax.transaction.UserTransaction] with qualifiers [@Default] with class interface javax.transaction.UserTransaction
</system-err>
  </testcase>
</testsuite>