<?xml version="1.0" encoding="UTF-8" ?>
<testsuite tests="1" failures="0" name="com.ejwa.orm.model.dao.CategoryDAOTest" time="16.664" errors="1" skipped="0">
  <properties>
[...]
</properties>
  <testcase classname="com.ejwa.orm.model.dao.CategoryDAOTest" name="com.ejwa.orm.model.dao.CategoryDAOTest" time="16.664">
    <error message="Could not start GlassFish Embedded" type="org.jboss.arquillian.container.spi.client.container.LifecycleException">org.jboss.arquillian.container.spi.client.container.LifecycleException: Could not start GlassFish Embedded
	at fish.payara.arquillian.container.payara.embedded.PayaraContainer.start(PayaraContainer.java:200)
	at org.jboss.arquillian.container.impl.ContainerImpl.start(ContainerImpl.java:179)
	at org.jboss.arquillian.container.impl.client.container.ContainerLifecycleController$8.perform(ContainerLifecycleController.java:137)
	at org.jboss.arquillian.container.impl.client.container.ContainerLifecycleController$8.perform(ContainerLifecycleController.java:133)
	at org.jboss.arquillian.container.impl.client.container.ContainerLifecycleController.forContainer(ContainerLifecycleController.java:208)
	at org.jboss.arquillian.container.impl.client.container.ContainerLifecycleController.startContainer(ContainerLifecycleController.java:133)
	at java.base/jdk.internal.reflect.NativeMethodAccessorImpl.invoke0(Native Method)
	at java.base/jdk.internal.reflect.NativeMethodAccessorImpl.invoke(NativeMethodAccessorImpl.java:62)
	at java.base/jdk.internal.reflect.DelegatingMethodAccessorImpl.invoke(DelegatingMethodAccessorImpl.java:43)
	at java.base/java.lang.reflect.Method.invoke(Method.java:566)
	at org.jboss.arquillian.core.impl.ObserverImpl.invoke(ObserverImpl.java:86)
	at org.jboss.arquillian.core.impl.EventContextImpl.invokeObservers(EventContextImpl.java:103)
	at org.jboss.arquillian.core.impl.EventContextImpl.proceed(EventContextImpl.java:90)
	at org.jboss.arquillian.container.impl.client.ContainerDeploymentContextHandler.createContainerContext(ContainerDeploymentContextHandler.java:54)
	at java.base/jdk.internal.reflect.NativeMethodAccessorImpl.invoke0(Native Method)
	at java.base/jdk.internal.reflect.NativeMethodAccessorImpl.invoke(NativeMethodAccessorImpl.java:62)
	at java.base/jdk.internal.reflect.DelegatingMethodAccessorImpl.invoke(DelegatingMethodAccessorImpl.java:43)
	at java.base/java.lang.reflect.Method.invoke(Method.java:566)
	at org.jboss.arquillian.core.impl.ObserverImpl.invoke(ObserverImpl.java:86)
	at org.jboss.arquillian.core.impl.EventContextImpl.proceed(EventContextImpl.java:95)
	at org.jboss.arquillian.core.impl.ManagerImpl.fire(ManagerImpl.java:133)
	at org.jboss.arquillian.core.impl.ManagerImpl.fire(ManagerImpl.java:105)
	at org.jboss.arquillian.core.impl.EventImpl.fire(EventImpl.java:62)
	at org.jboss.arquillian.container.impl.client.container.ContainerLifecycleController$2.perform(ContainerLifecycleController.java:70)
	at org.jboss.arquillian.container.impl.client.container.ContainerLifecycleController$2.perform(ContainerLifecycleController.java:64)
	at org.jboss.arquillian.container.impl.client.container.ContainerLifecycleController.forEachSuiteContainer(ContainerLifecycleController.java:181)
	at org.jboss.arquillian.container.impl.client.container.ContainerLifecycleController.startSuiteContainers(ContainerLifecycleController.java:64)
	at java.base/jdk.internal.reflect.NativeMethodAccessorImpl.invoke0(Native Method)
	at java.base/jdk.internal.reflect.NativeMethodAccessorImpl.invoke(NativeMethodAccessorImpl.java:62)
	at java.base/jdk.internal.reflect.DelegatingMethodAccessorImpl.invoke(DelegatingMethodAccessorImpl.java:43)
	at java.base/java.lang.reflect.Method.invoke(Method.java:566)
	at org.jboss.arquillian.core.impl.ObserverImpl.invoke(ObserverImpl.java:86)
	at org.jboss.arquillian.core.impl.EventContextImpl.invokeObservers(EventContextImpl.java:103)
	at org.jboss.arquillian.core.impl.EventContextImpl.proceed(EventContextImpl.java:90)
	at org.jboss.arquillian.core.impl.ManagerImpl.fire(ManagerImpl.java:133)
	at org.jboss.arquillian.core.impl.ManagerImpl.fire(ManagerImpl.java:105)
	at org.jboss.arquillian.core.impl.EventImpl.fire(EventImpl.java:62)
	at org.jboss.arquillian.container.test.impl.client.ContainerEventController.execute(ContainerEventController.java:83)
	at java.base/jdk.internal.reflect.NativeMethodAccessorImpl.invoke0(Native Method)
	at java.base/jdk.internal.reflect.NativeMethodAccessorImpl.invoke(NativeMethodAccessorImpl.java:62)
	at java.base/jdk.internal.reflect.DelegatingMethodAccessorImpl.invoke(DelegatingMethodAccessorImpl.java:43)
	at java.base/java.lang.reflect.Method.invoke(Method.java:566)
	at org.jboss.arquillian.core.impl.ObserverImpl.invoke(ObserverImpl.java:86)
	at org.jboss.arquillian.core.impl.EventContextImpl.invokeObservers(EventContextImpl.java:103)
	at org.jboss.arquillian.core.impl.EventContextImpl.proceed(EventContextImpl.java:90)
	at org.jboss.arquillian.test.impl.TestContextHandler.createSuiteContext(TestContextHandler.java:69)
	at java.base/jdk.internal.reflect.NativeMethodAccessorImpl.invoke0(Native Method)
	at java.base/jdk.internal.reflect.NativeMethodAccessorImpl.invoke(NativeMethodAccessorImpl.java:62)
	at java.base/jdk.internal.reflect.DelegatingMethodAccessorImpl.invoke(DelegatingMethodAccessorImpl.java:43)
	at java.base/java.lang.reflect.Method.invoke(Method.java:566)
	at org.jboss.arquillian.core.impl.ObserverImpl.invoke(ObserverImpl.java:86)
	at org.jboss.arquillian.core.impl.EventContextImpl.proceed(EventContextImpl.java:95)
	at org.jboss.arquillian.core.impl.ManagerImpl.fire(ManagerImpl.java:133)
	at org.jboss.arquillian.core.impl.ManagerImpl.fire(ManagerImpl.java:105)
	at org.jboss.arquillian.test.impl.EventTestRunnerAdaptor.beforeSuite(EventTestRunnerAdaptor.java:70)
	at org.jboss.arquillian.junit.Arquillian.run(Arquillian.java:103)
	at org.apache.maven.surefire.junit4.JUnit4Provider.execute(JUnit4Provider.java:252)
	at org.apache.maven.surefire.junit4.JUnit4Provider.executeTestSet(JUnit4Provider.java:141)
	at org.apache.maven.surefire.junit4.JUnit4Provider.invoke(JUnit4Provider.java:112)
	at java.base/jdk.internal.reflect.NativeMethodAccessorImpl.invoke0(Native Method)
	at java.base/jdk.internal.reflect.NativeMethodAccessorImpl.invoke(NativeMethodAccessorImpl.java:62)
	at java.base/jdk.internal.reflect.DelegatingMethodAccessorImpl.invoke(DelegatingMethodAccessorImpl.java:43)
	at java.base/java.lang.reflect.Method.invoke(Method.java:566)
	at org.apache.maven.surefire.util.ReflectionUtils.invokeMethodWithArray(ReflectionUtils.java:189)
	at org.apache.maven.surefire.booter.ProviderFactory$ProviderProxy.invoke(ProviderFactory.java:165)
	at org.apache.maven.surefire.booter.ProviderFactory.invokeProvider(ProviderFactory.java:85)
	at org.apache.maven.surefire.booter.ForkedBooter.runSuitesInProcess(ForkedBooter.java:115)
	at org.apache.maven.surefire.booter.ForkedBooter.main(ForkedBooter.java:75)
Caused by: org.glassfish.embeddable.GlassFishException: Server failed to start
	at com.sun.enterprise.v3.server.AppServerStartup.doStart(AppServerStartup.java:247)
	at com.sun.enterprise.v3.server.AppServerStartup.start(AppServerStartup.java:226)
	at com.sun.enterprise.glassfish.bootstrap.GlassFishImpl.start(GlassFishImpl.java:84)
	at fish.payara.arquillian.container.payara.embedded.PayaraContainer.start(PayaraContainer.java:194)
	... 67 more
</error>
    <system-err>Feb 20, 2020 9:12:05 AM com.sun.enterprise.v3.server.CommonClassLoaderServiceImpl findDerbyClient
INFO: Cannot find javadb client jar file, derby jdbc driver will not be available by default.
Feb 20, 2020 9:12:05 AM com.sun.enterprise.v3.server.CommonClassLoaderServiceImpl findH2Client
INFO: Cannot find h2db client jar file, h2 jdbc driver will not be available by default.
Feb 20, 2020 9:12:06 AM org.hibernate.validator.internal.util.Version &lt;clinit&gt;
INFO: HV000001: Hibernate Validator null
Feb 20, 2020 9:12:08 AM com.sun.enterprise.v3.services.impl.GrizzlyProxy start0
INFO: Network Listener http-listener started in: 35ms - bound to [/0.0.0.0:7070]
Feb 20, 2020 9:12:08 AM org.glassfish.grizzly.http2.Http2AddOn setup
WARNING: TLS ALPN (Application-Layer Protocol Negotiation) support is not available. HTTP/2 support will not be enabled.
Feb 20, 2020 9:12:08 AM com.sun.enterprise.v3.services.impl.GrizzlyProxy start0
INFO: Network Listener https-listener started in: 14ms - bound to [/0.0.0.0:8182]
Feb 20, 2020 9:12:08 AM com.sun.enterprise.v3.services.impl.GrizzlyService postConstruct
INFO: Grizzly 2.4.3 started in: 748ms - bound to [http-listener:7070, https-listener:8182, admin-listener:4848]
Feb 20, 2020 9:12:10 AM com.hazelcast.instance.HazelcastInstanceFactory
WARNING: Hazelcast is starting in a Java modular environment (Java 9 and newer) but without proper access to required Java packages. Use additional Java arguments to provide Hazelcast access to Java internal API. The internal API access is used to get the best performance results. Arguments to be used:
 --add-modules java.se --add-exports java.base/jdk.internal.ref=ALL-UNNAMED --add-opens java.base/java.lang=ALL-UNNAMED --add-opens java.base/java.nio=ALL-UNNAMED --add-opens java.base/sun.nio.ch=ALL-UNNAMED --add-opens java.management/sun.management=ALL-UNNAMED --add-opens jdk.management/com.sun.management.internal=ALL-UNNAMED
Feb 20, 2020 9:12:10 AM com.hazelcast.instance.AddressPicker
INFO: [LOCAL] [development] [3.12] Using bind address: /172.17.76.193:4901
Feb 20, 2020 9:12:10 AM com.hazelcast.instance.AddressPicker
INFO: [LOCAL] [development] [3.12] Using public address: /172.17.76.193:4900
Feb 20, 2020 9:12:10 AM com.hazelcast.system
INFO: [172.17.76.193]:4900 [development] [3.12] Hazelcast 3.12 (20190409 - 915d83a) starting at [172.17.76.193]:4900
Feb 20, 2020 9:12:10 AM com.hazelcast.system
INFO: [172.17.76.193]:4900 [development] [3.12] Copyright (c) 2008-2019, Hazelcast, Inc. All Rights Reserved.
Feb 20, 2020 9:12:10 AM com.hazelcast.instance.Node
INFO: [172.17.76.193]:4900 [development] [3.12] A non-empty group password is configured for the Hazelcast member. Since version 3.8.2, members with the same group name, but with different group passwords (that do not use authentication) form a cluster. The group password configuration will be removed completely in a future release.
Feb 20, 2020 9:12:10 AM com.hazelcast.spi.impl.operationservice.impl.BackpressureRegulator
INFO: [172.17.76.193]:4900 [development] [3.12] Backpressure is disabled
Feb 20, 2020 9:12:11 AM com.hazelcast.instance.Node
INFO: [172.17.76.193]:4900 [development] [3.12] Activating Discovery SPI Joiner
Feb 20, 2020 9:12:12 AM com.hazelcast.spi.impl.operationexecutor.impl.OperationExecutorImpl
INFO: [172.17.76.193]:4900 [development] [3.12] Starting 4 partition threads and 3 generic threads (1 dedicated for priority tasks)
Feb 20, 2020 9:12:12 AM com.hazelcast.internal.diagnostics.Diagnostics
INFO: [172.17.76.193]:4900 [development] [3.12] Diagnostics disabled. To enable add -Dhazelcast.diagnostics.enabled=true to the JVM arguments.
Feb 20, 2020 9:12:12 AM com.hazelcast.core.LifecycleService
INFO: [172.17.76.193]:4900 [development] [3.12] [172.17.76.193]:4900 is STARTING
Feb 20, 2020 9:12:13 AM com.hazelcast.nio.tcp.TcpIpConnector
INFO: [172.17.76.193]:4900 [development] [3.12] Connecting to /172.17.76.193:5900, timeout: 10000, bind-any: true
Feb 20, 2020 9:12:13 AM com.hazelcast.nio.tcp.TcpIpConnector
INFO: [172.17.76.193]:4900 [development] [3.12] Connecting to /10.0.75.1:5900, timeout: 10000, bind-any: true
Feb 20, 2020 9:12:13 AM com.hazelcast.nio.tcp.TcpIpConnector
INFO: [172.17.76.193]:4900 [development] [3.12] Connecting to /172.29.0.1:5900, timeout: 10000, bind-any: true
Feb 20, 2020 9:12:15 AM com.hazelcast.nio.tcp.TcpIpConnector
INFO: [172.17.76.193]:4900 [development] [3.12] Could not connect to: /10.0.75.1:5900. Reason: SocketException[Connection refused: no further information to address /10.0.75.1:5900]
Feb 20, 2020 9:12:15 AM com.hazelcast.nio.tcp.TcpIpConnector
INFO: [172.17.76.193]:4900 [development] [3.12] Could not connect to: /172.29.0.1:5900. Reason: SocketException[Connection refused: no further information to address /172.29.0.1:5900]
Feb 20, 2020 9:12:15 AM com.hazelcast.internal.cluster.impl.DiscoveryJoiner
INFO: [172.17.76.193]:4900 [development] [3.12] [10.0.75.1]:5900 is added to the blacklist.
Feb 20, 2020 9:12:15 AM com.hazelcast.nio.tcp.TcpIpConnector
INFO: [172.17.76.193]:4900 [development] [3.12] Could not connect to: /172.17.76.193:5900. Reason: SocketException[Connection refused: no further information to address /172.17.76.193:5900]
Feb 20, 2020 9:12:15 AM com.hazelcast.internal.cluster.impl.DiscoveryJoiner
INFO: [172.17.76.193]:4900 [development] [3.12] [172.29.0.1]:5900 is added to the blacklist.
Feb 20, 2020 9:12:15 AM com.hazelcast.internal.cluster.impl.DiscoveryJoiner
INFO: [172.17.76.193]:4900 [development] [3.12] [172.17.76.193]:5900 is added to the blacklist.
Feb 20, 2020 9:12:16 AM com.hazelcast.internal.cluster.ClusterService
INFO: [172.17.76.193]:4900 [development] [3.12] 

Members {size:1, ver:1} [
	Member [172.17.76.193]:4900 - 4fb43ab0-764a-4c4a-b65d-1de89d5f5cf2 this
]

Feb 20, 2020 9:12:16 AM com.hazelcast.internal.jmx.ManagementService
INFO: [172.17.76.193]:4900 [development] [3.12] Hazelcast JMX agent enabled.
Feb 20, 2020 9:12:16 AM com.hazelcast.core.LifecycleService
INFO: [172.17.76.193]:4900 [development] [3.12] [172.17.76.193]:4900 is STARTED
Feb 20, 2020 9:12:16 AM fish.payara.nucleus.hazelcast.HazelcastCore bindToJNDI
INFO: Hazelcast Instance Bound to JNDI at payara/Hazelcast
Feb 20, 2020 9:12:16 AM fish.payara.nucleus.hazelcast.HazelcastCore bindToJNDI
INFO: JSR107 Caching Provider Bound to JNDI at payara/CachingProvider
Feb 20, 2020 9:12:16 AM fish.payara.nucleus.hazelcast.HazelcastCore bindToJNDI
INFO: JSR107 Default Cache Manager Bound to JNDI at payara/CacheManager
Feb 20, 2020 9:12:17 AM com.hazelcast.internal.partition.impl.PartitionStateManager
INFO: [172.17.76.193]:4900 [development] [3.12] Initializing cluster partition table arrangement...
Feb 20, 2020 9:12:17 AM com.sun.enterprise.v3.server.AppServerStartup postStartupJob
INFO: Undefined Product Name - define product and version info in config/branding  0.0.0  (0) startup time : Embedded (3,226ms), startup services(10,586ms), total(13,812ms)
Feb 20, 2020 9:12:17 AM com.sun.enterprise.v3.server.AppServerStartup postStartupJob
SEVERE: Shutting down server due to startup exception
java.net.BindException: Address already in use: bind
	at java.base/sun.nio.ch.Net.bind0(Native Method)
	at java.base/sun.nio.ch.Net.bind(Net.java:461)
	at java.base/sun.nio.ch.Net.bind(Net.java:453)
	at java.base/sun.nio.ch.ServerSocketChannelImpl.bind(ServerSocketChannelImpl.java:227)
	at java.base/sun.nio.ch.ServerSocketAdaptor.bind(ServerSocketAdaptor.java:80)
	at org.glassfish.grizzly.nio.transport.TCPNIOBindingHandler.bindToChannelAndAddress(TCPNIOBindingHandler.java:107)
	at org.glassfish.grizzly.nio.transport.TCPNIOBindingHandler.bind(TCPNIOBindingHandler.java:64)
	at org.glassfish.grizzly.nio.transport.TCPNIOTransport.bind(TCPNIOTransport.java:215)
	at org.glassfish.grizzly.nio.transport.TCPNIOTransport.bind(TCPNIOTransport.java:204)
	at org.glassfish.grizzly.nio.transport.TCPNIOTransport.bind(TCPNIOTransport.java:53)
	at org.glassfish.grizzly.config.GenericGrizzlyListener.bindTransport(GenericGrizzlyListener.java:211)
	at org.glassfish.grizzly.config.GenericGrizzlyListener.configure(GenericGrizzlyListener.java:339)
	at com.sun.enterprise.v3.services.impl.GrizzlyProxy.initialize(GrizzlyProxy.java:126)
	at com.sun.enterprise.v3.services.impl.GrizzlyService.createNetworkProxy(GrizzlyService.java:664)
	at com.sun.enterprise.v3.services.impl.GrizzlyService.postConstruct(GrizzlyService.java:586)
	at org.jvnet.hk2.internal.ClazzCreator.postConstructMe(ClazzCreator.java:303)
	at org.jvnet.hk2.internal.ClazzCreator.create(ClazzCreator.java:351)
	at org.jvnet.hk2.internal.SystemDescriptor.create(SystemDescriptor.java:463)
	at org.glassfish.hk2.runlevel.internal.AsyncRunLevelContext.findOrCreate(AsyncRunLevelContext.java:281)
	at org.glassfish.hk2.runlevel.RunLevelContext.findOrCreate(RunLevelContext.java:65)
	at org.jvnet.hk2.internal.Utilities.createService(Utilities.java:2102)
	at org.jvnet.hk2.internal.ServiceHandleImpl.getService(ServiceHandleImpl.java:93)
	at org.jvnet.hk2.internal.ServiceHandleImpl.getService(ServiceHandleImpl.java:67)
	at org.glassfish.hk2.runlevel.internal.CurrentTaskFuture$QueueRunner.oneJob(CurrentTaskFuture.java:1213)
	at org.glassfish.hk2.runlevel.internal.CurrentTaskFuture$QueueRunner.run(CurrentTaskFuture.java:1144)
	at org.glassfish.hk2.runlevel.internal.CurrentTaskFuture$UpOneLevel.run(CurrentTaskFuture.java:762)
	at org.glassfish.hk2.runlevel.internal.CurrentTaskFuture$UpAllTheWay.go(CurrentTaskFuture.java:561)
	at org.glassfish.hk2.runlevel.internal.CurrentTaskFuture$UpAllTheWay.access$100(CurrentTaskFuture.java:443)
	at org.glassfish.hk2.runlevel.internal.CurrentTaskFuture.go(CurrentTaskFuture.java:133)
	at org.glassfish.hk2.runlevel.internal.CurrentTaskFuture.go(CurrentTaskFuture.java:128)
	at org.glassfish.hk2.runlevel.internal.AsyncRunLevelContext.proceedTo(AsyncRunLevelContext.java:511)
	at org.glassfish.hk2.runlevel.internal.RunLevelControllerImpl.proceedTo(RunLevelControllerImpl.java:48)
	at com.sun.enterprise.v3.server.AppServerStartup.proceedTo(AppServerStartup.java:554)
	at com.sun.enterprise.v3.server.AppServerStartup.run(AppServerStartup.java:358)
	at com.sun.enterprise.v3.server.AppServerStartup.doStart(AppServerStartup.java:244)
	at com.sun.enterprise.v3.server.AppServerStartup.start(AppServerStartup.java:226)
	at com.sun.enterprise.glassfish.bootstrap.GlassFishImpl.start(GlassFishImpl.java:84)
	at fish.payara.arquillian.container.payara.embedded.PayaraContainer.start(PayaraContainer.java:194)
	at org.jboss.arquillian.container.impl.ContainerImpl.start(ContainerImpl.java:179)
	at org.jboss.arquillian.container.impl.client.container.ContainerLifecycleController$8.perform(ContainerLifecycleController.java:137)
	at org.jboss.arquillian.container.impl.client.container.ContainerLifecycleController$8.perform(ContainerLifecycleController.java:133)
	at org.jboss.arquillian.container.impl.client.container.ContainerLifecycleController.forContainer(ContainerLifecycleController.java:208)
	at org.jboss.arquillian.container.impl.client.container.ContainerLifecycleController.startContainer(ContainerLifecycleController.java:133)
	at java.base/jdk.internal.reflect.NativeMethodAccessorImpl.invoke0(Native Method)
	at java.base/jdk.internal.reflect.NativeMethodAccessorImpl.invoke(NativeMethodAccessorImpl.java:62)
	at java.base/jdk.internal.reflect.DelegatingMethodAccessorImpl.invoke(DelegatingMethodAccessorImpl.java:43)
	at java.base/java.lang.reflect.Method.invoke(Method.java:566)
	at org.jboss.arquillian.core.impl.ObserverImpl.invoke(ObserverImpl.java:86)
	at org.jboss.arquillian.core.impl.EventContextImpl.invokeObservers(EventContextImpl.java:103)
	at org.jboss.arquillian.core.impl.EventContextImpl.proceed(EventContextImpl.java:90)
	at org.jboss.arquillian.container.impl.client.ContainerDeploymentContextHandler.createContainerContext(ContainerDeploymentContextHandler.java:54)
	at java.base/jdk.internal.reflect.NativeMethodAccessorImpl.invoke0(Native Method)
	at java.base/jdk.internal.reflect.NativeMethodAccessorImpl.invoke(NativeMethodAccessorImpl.java:62)
	at java.base/jdk.internal.reflect.DelegatingMethodAccessorImpl.invoke(DelegatingMethodAccessorImpl.java:43)
	at java.base/java.lang.reflect.Method.invoke(Method.java:566)
	at org.jboss.arquillian.core.impl.ObserverImpl.invoke(ObserverImpl.java:86)
	at org.jboss.arquillian.core.impl.EventContextImpl.proceed(EventContextImpl.java:95)
	at org.jboss.arquillian.core.impl.ManagerImpl.fire(ManagerImpl.java:133)
	at org.jboss.arquillian.core.impl.ManagerImpl.fire(ManagerImpl.java:105)
	at org.jboss.arquillian.core.impl.EventImpl.fire(EventImpl.java:62)
	at org.jboss.arquillian.container.impl.client.container.ContainerLifecycleController$2.perform(ContainerLifecycleController.java:70)
	at org.jboss.arquillian.container.impl.client.container.ContainerLifecycleController$2.perform(ContainerLifecycleController.java:64)
	at org.jboss.arquillian.container.impl.client.container.ContainerLifecycleController.forEachSuiteContainer(ContainerLifecycleController.java:181)
	at org.jboss.arquillian.container.impl.client.container.ContainerLifecycleController.startSuiteContainers(ContainerLifecycleController.java:64)
	at java.base/jdk.internal.reflect.NativeMethodAccessorImpl.invoke0(Native Method)
	at java.base/jdk.internal.reflect.NativeMethodAccessorImpl.invoke(NativeMethodAccessorImpl.java:62)
	at java.base/jdk.internal.reflect.DelegatingMethodAccessorImpl.invoke(DelegatingMethodAccessorImpl.java:43)
	at java.base/java.lang.reflect.Method.invoke(Method.java:566)
	at org.jboss.arquillian.core.impl.ObserverImpl.invoke(ObserverImpl.java:86)
	at org.jboss.arquillian.core.impl.EventContextImpl.invokeObservers(EventContextImpl.java:103)
	at org.jboss.arquillian.core.impl.EventContextImpl.proceed(EventContextImpl.java:90)
	at org.jboss.arquillian.core.impl.ManagerImpl.fire(ManagerImpl.java:133)
	at org.jboss.arquillian.core.impl.ManagerImpl.fire(ManagerImpl.java:105)
	at org.jboss.arquillian.core.impl.EventImpl.fire(EventImpl.java:62)
	at org.jboss.arquillian.container.test.impl.client.ContainerEventController.execute(ContainerEventController.java:83)
	at java.base/jdk.internal.reflect.NativeMethodAccessorImpl.invoke0(Native Method)
	at java.base/jdk.internal.reflect.NativeMethodAccessorImpl.invoke(NativeMethodAccessorImpl.java:62)
	at java.base/jdk.internal.reflect.DelegatingMethodAccessorImpl.invoke(DelegatingMethodAccessorImpl.java:43)
	at java.base/java.lang.reflect.Method.invoke(Method.java:566)
	at org.jboss.arquillian.core.impl.ObserverImpl.invoke(ObserverImpl.java:86)
	at org.jboss.arquillian.core.impl.EventContextImpl.invokeObservers(EventContextImpl.java:103)
	at org.jboss.arquillian.core.impl.EventContextImpl.proceed(EventContextImpl.java:90)
	at org.jboss.arquillian.test.impl.TestContextHandler.createSuiteContext(TestContextHandler.java:69)
	at java.base/jdk.internal.reflect.NativeMethodAccessorImpl.invoke0(Native Method)
	at java.base/jdk.internal.reflect.NativeMethodAccessorImpl.invoke(NativeMethodAccessorImpl.java:62)
	at java.base/jdk.internal.reflect.DelegatingMethodAccessorImpl.invoke(DelegatingMethodAccessorImpl.java:43)
	at java.base/java.lang.reflect.Method.invoke(Method.java:566)
	at org.jboss.arquillian.core.impl.ObserverImpl.invoke(ObserverImpl.java:86)
	at org.jboss.arquillian.core.impl.EventContextImpl.proceed(EventContextImpl.java:95)
	at org.jboss.arquillian.core.impl.ManagerImpl.fire(ManagerImpl.java:133)
	at org.jboss.arquillian.core.impl.ManagerImpl.fire(ManagerImpl.java:105)
	at org.jboss.arquillian.test.impl.EventTestRunnerAdaptor.beforeSuite(EventTestRunnerAdaptor.java:70)
	at org.jboss.arquillian.junit.Arquillian.run(Arquillian.java:103)
	at org.apache.maven.surefire.junit4.JUnit4Provider.execute(JUnit4Provider.java:252)
	at org.apache.maven.surefire.junit4.JUnit4Provider.executeTestSet(JUnit4Provider.java:141)
	at org.apache.maven.surefire.junit4.JUnit4Provider.invoke(JUnit4Provider.java:112)
	at java.base/jdk.internal.reflect.NativeMethodAccessorImpl.invoke0(Native Method)
	at java.base/jdk.internal.reflect.NativeMethodAccessorImpl.invoke(NativeMethodAccessorImpl.java:62)
	at java.base/jdk.internal.reflect.DelegatingMethodAccessorImpl.invoke(DelegatingMethodAccessorImpl.java:43)
	at java.base/java.lang.reflect.Method.invoke(Method.java:566)
	at org.apache.maven.surefire.util.ReflectionUtils.invokeMethodWithArray(ReflectionUtils.java:189)
	at org.apache.maven.surefire.booter.ProviderFactory$ProviderProxy.invoke(ProviderFactory.java:165)
	at org.apache.maven.surefire.booter.ProviderFactory.invokeProvider(ProviderFactory.java:85)
	at org.apache.maven.surefire.booter.ForkedBooter.runSuitesInProcess(ForkedBooter.java:115)
	at org.apache.maven.surefire.booter.ForkedBooter.main(ForkedBooter.java:75)

Feb 20, 2020 9:12:17 AM com.sun.enterprise.v3.server.AppServerStartup doStart
SEVERE: Failed to start, exiting
Feb 20, 2020 9:12:17 AM fish.payara.nucleus.cluster.PayaraCluster logClusterStatus
INFO: Data Grid Status 
Payara Data Grid State: DG Version: 35 DG Name: development DG Size: 1
Instances: {
 DataGrid: development Instance Group: MicroShoal Name: server Lite: false This: true UUID: 4fb43ab0-764a-4c4a-b65d-1de89d5f5cf2 Address: /172.17.76.193:4900
}
Feb 20, 2020 9:12:17 AM fish.payara.nucleus.hazelcast.HazelcastCore unbindFromJNDI
INFO: Hazelcast Instance Unbound from JNDI at payara/Hazelcast
Feb 20, 2020 9:12:17 AM fish.payara.nucleus.hazelcast.HazelcastCore unbindFromJNDI
INFO: JSR107 Caching Provider Unbound from JNDI at payara/CachingProvider
Feb 20, 2020 9:12:17 AM fish.payara.nucleus.hazelcast.HazelcastCore unbindFromJNDI
INFO: JSR107 Cache Manager Unbound from JNDI at payara/CacheManager
Feb 20, 2020 9:12:17 AM com.hazelcast.core.LifecycleService
INFO: [172.17.76.193]:4900 [development] [3.12] [172.17.76.193]:4900 is SHUTTING_DOWN
Feb 20, 2020 9:12:17 AM com.hazelcast.internal.partition.impl.MigrationManager
INFO: [172.17.76.193]:4900 [development] [3.12] Shutdown request of Member [172.17.76.193]:4900 - 4fb43ab0-764a-4c4a-b65d-1de89d5f5cf2 this is handled
Feb 20, 2020 9:12:17 AM com.hazelcast.instance.Node
INFO: [172.17.76.193]:4900 [development] [3.12] Shutting down connection manager...
Feb 20, 2020 9:12:17 AM com.hazelcast.instance.Node
INFO: [172.17.76.193]:4900 [development] [3.12] Shutting down node engine...
Feb 20, 2020 9:12:17 AM com.hazelcast.instance.NodeExtension
INFO: [172.17.76.193]:4900 [development] [3.12] Destroying node NodeExtension.
Feb 20, 2020 9:12:17 AM com.hazelcast.instance.Node
INFO: [172.17.76.193]:4900 [development] [3.12] Hazelcast Shutdown is completed in 76 ms.
Feb 20, 2020 9:12:17 AM com.hazelcast.core.LifecycleService
INFO: [172.17.76.193]:4900 [development] [3.12] [172.17.76.193]:4900 is SHUTDOWN
Feb 20, 2020 9:12:17 AM fish.payara.nucleus.hazelcast.HazelcastCore shutdownHazelcast
INFO: Shutdown Hazelcast
Feb 20, 2020 9:12:18 AM com.sun.enterprise.v3.server.AppServerStartup stop
INFO: Shutdown procedure finished
</system-err>
  </testcase>
</testsuite>