<?xml version="1.0" encoding="UTF-8" ?>
<testsuite tests="9" failures="0" name="com.ejwa.orm.model.dao.CustomerDAOTest" time="0.015" errors="9" skipped="0">
  <properties>
[...]
</properties>
  <testcase classname="com.ejwa.orm.model.dao.CustomerDAOTest" name="checkThatRegister_customer_signup_email_passwordMatchesCorrectly" time="0.015">
    <error message="Expecting a stackmap frame at branch target 48
Exception Details:
  Location:
    com/ejwa/orm/model/entity/Customer.setPassword(Ljava/lang/String;)V @23: ifnonnull
  Reason:
    Expected stackmap frame at this location.
  Bytecode:
    0000000: 033d 11ff ff3e 1222 1100 0fb8 0028 2b11
    0000010: 000f 3d11 0000 3ec7 0019 1222 1c1d 04b8
    0000020: 0053 11ff ff3e bb00 5559 125c b700 59bf
    0000030: 1d9b 000f 1222 1c1d 03b8 0053 11ff ff3e
    0000040: 2a2b b500 2fb1                         
  Stackmap Table:
    same_frame_extended(@64)
" type="java.lang.VerifyError">java.lang.VerifyError: Expecting a stackmap frame at branch target 48
Exception Details:
  Location:
    com/ejwa/orm/model/entity/Customer.setPassword(Ljava/lang/String;)V @23: ifnonnull
  Reason:
    Expected stackmap frame at this location.
  Bytecode:
    0000000: 033d 11ff ff3e 1222 1100 0fb8 0028 2b11
    0000010: 000f 3d11 0000 3ec7 0019 1222 1c1d 04b8
    0000020: 0053 11ff ff3e bb00 5559 125c b700 59bf
    0000030: 1d9b 000f 1222 1c1d 03b8 0053 11ff ff3e
    0000040: 2a2b b500 2fb1                         
  Stackmap Table:
    same_frame_extended(@64)

	at com.ejwa.orm.model.dao.CustomerDAOTest.&lt;init&gt;(CustomerDAOTest.java:30)
	at java.base/jdk.internal.reflect.NativeConstructorAccessorImpl.newInstance0(Native Method)
	at java.base/jdk.internal.reflect.NativeConstructorAccessorImpl.newInstance(NativeConstructorAccessorImpl.java:62)
	at java.base/jdk.internal.reflect.DelegatingConstructorAccessorImpl.newInstance(DelegatingConstructorAccessorImpl.java:45)
	at java.base/java.lang.reflect.Constructor.newInstance(Constructor.java:490)
	at org.junit.runners.BlockJUnit4ClassRunner.createTest(BlockJUnit4ClassRunner.java:217)
	at org.jboss.arquillian.junit.Arquillian.access$300(Arquillian.java:54)
	at org.jboss.arquillian.junit.Arquillian$6.runReflectiveCall(Arquillian.java:248)
	at org.junit.internal.runners.model.ReflectiveCallable.run(ReflectiveCallable.java:12)
	at org.jboss.arquillian.junit.Arquillian.methodBlock(Arquillian.java:250)
	at org.junit.runners.BlockJUnit4ClassRunner.runChild(BlockJUnit4ClassRunner.java:78)
	at org.junit.runners.BlockJUnit4ClassRunner.runChild(BlockJUnit4ClassRunner.java:57)
	at org.junit.runners.ParentRunner$3.run(ParentRunner.java:290)
	at org.junit.runners.ParentRunner$1.schedule(ParentRunner.java:71)
	at org.junit.runners.ParentRunner.runChildren(ParentRunner.java:288)
	at org.junit.runners.ParentRunner.access$000(ParentRunner.java:58)
	at org.junit.runners.ParentRunner$2.evaluate(ParentRunner.java:268)
	at org.jboss.arquillian.junit.Arquillian$2.evaluate(Arquillian.java:174)
	at org.jboss.arquillian.junit.Arquillian.multiExecute(Arquillian.java:376)
	at org.jboss.arquillian.junit.Arquillian.access$200(Arquillian.java:54)
	at org.jboss.arquillian.junit.Arquillian$3.evaluate(Arquillian.java:185)
	at org.junit.runners.ParentRunner.run(ParentRunner.java:363)
	at org.jboss.arquillian.junit.Arquillian.run(Arquillian.java:140)
	at org.apache.maven.surefire.junit4.JUnit4Provider.execute(JUnit4Provider.java:252)
	at org.apache.maven.surefire.junit4.JUnit4Provider.executeTestSet(JUnit4Provider.java:141)
	at org.apache.maven.surefire.junit4.JUnit4Provider.invoke(JUnit4Provider.java:112)
	at java.base/jdk.internal.reflect.NativeMethodAccessorImpl.invoke0(Native Method)
	at java.base/jdk.internal.reflect.NativeMethodAccessorImpl.invoke(NativeMethodAccessorImpl.java:62)
	at java.base/jdk.internal.reflect.DelegatingMethodAccessorImpl.invoke(DelegatingMethodAccessorImpl.java:43)
	at java.base/java.lang.reflect.Method.invoke(Method.java:566)
	at org.apache.maven.surefire.util.ReflectionUtils.invokeMethodWithArray(ReflectionUtils.java:189)
	at org.apache.maven.surefire.booter.ProviderFactory$ProviderProxy.invoke(ProviderFactory.java:165)
	at org.apache.maven.surefire.booter.ProviderFactory.invokeProvider(ProviderFactory.java:85)
	at org.apache.maven.surefire.booter.ForkedBooter.runSuitesInProcess(ForkedBooter.java:115)
	at org.apache.maven.surefire.booter.ForkedBooter.main(ForkedBooter.java:75)
</error>
    <system-err>Feb 16, 2020 3:58:09 PM org.glassfish.hk2.classmodel.reflect.Parser awaitTermination
INFO: visiting unvisited references
Feb 16, 2020 3:58:09 PM org.glassfish.hk2.classmodel.reflect.Parser awaitTermination
INFO: visiting unvisited references
Feb 16, 2020 3:58:09 PM org.glassfish.deployment.admin.DeployCommand execute
SEVERE: Expecting a stackmap frame at branch target 145
Exception Details:
  Location:
    com/ejwa/orm/model/dao/CustomerDAO.remove_Customer(Ljava/lang/String;Ljava/lang/String;)Z @24: ldc
  Reason:
    Expected stackmap frame at this location.
  Bytecode:
    0000000: 033e 11ff ff36 0412 1211 0041 b800 18bb
    0000010: 004c 59b7 004e 3a05 1212 1100 43b8 0018
    0000020: bb00 5059 2ab6 0054 b700 5712 1ab6 005b
    0000030: 1905 b400 5e2b 1212 1100 45b8 0018 b600
    0000040: 6419 05b4 0066 2c12 1211 0046 b800 18b6
    0000050: 0064 1212 1100 45b8 0018 b600 6c12 1211
    0000060: 0044 b800 18b6 0072 1212 1100 47b8 0018
    0000070: b600 76c0 001a 3a06 1212 1100 48b8 0018
    0000080: 2a19 06b6 0081 1212 1100 4bb8 0018 a700
    0000090: 1712 1211 0049 b800 183a 0612 1211 004a
    00000a0: b800 1803 ac12 1211 004c b800 1804 ac  
  Exception Handler Table:
    bci [24, 134] =&gt; handler: 145
  Stackmap Table:
    full_frame(@153,{Object[#2],Object[#120],Object[#120],Object[#76]},{Object[#74]})
    same_frame(@173)

</system-err>
  </testcase>
  <testcase classname="com.ejwa.orm.model.dao.CustomerDAOTest" name="checkThatRegister_customer_signup_email_AllCorrectly" time="0">
    <error message="Expecting a stackmap frame at branch target 48
Exception Details:
  Location:
    com/ejwa/orm/model/entity/Customer.setPassword(Ljava/lang/String;)V @23: ifnonnull
  Reason:
    Expected stackmap frame at this location.
  Bytecode:
    0000000: 033d 11ff ff3e 1222 1100 0fb8 0028 2b11
    0000010: 000f 3d11 0000 3ec7 0019 1222 1c1d 04b8
    0000020: 0053 11ff ff3e bb00 5559 125c b700 59bf
    0000030: 1d9b 000f 1222 1c1d 03b8 0053 11ff ff3e
    0000040: 2a2b b500 2fb1                         
  Stackmap Table:
    same_frame_extended(@64)
" type="java.lang.VerifyError">java.lang.VerifyError: Expecting a stackmap frame at branch target 48
Exception Details:
  Location:
    com/ejwa/orm/model/entity/Customer.setPassword(Ljava/lang/String;)V @23: ifnonnull
  Reason:
    Expected stackmap frame at this location.
  Bytecode:
    0000000: 033d 11ff ff3e 1222 1100 0fb8 0028 2b11
    0000010: 000f 3d11 0000 3ec7 0019 1222 1c1d 04b8
    0000020: 0053 11ff ff3e bb00 5559 125c b700 59bf
    0000030: 1d9b 000f 1222 1c1d 03b8 0053 11ff ff3e
    0000040: 2a2b b500 2fb1                         
  Stackmap Table:
    same_frame_extended(@64)

	at com.ejwa.orm.model.dao.CustomerDAOTest.&lt;init&gt;(CustomerDAOTest.java:30)
	at java.base/jdk.internal.reflect.NativeConstructorAccessorImpl.newInstance0(Native Method)
	at java.base/jdk.internal.reflect.NativeConstructorAccessorImpl.newInstance(NativeConstructorAccessorImpl.java:62)
	at java.base/jdk.internal.reflect.DelegatingConstructorAccessorImpl.newInstance(DelegatingConstructorAccessorImpl.java:45)
	at java.base/java.lang.reflect.Constructor.newInstance(Constructor.java:490)
	at org.junit.runners.BlockJUnit4ClassRunner.createTest(BlockJUnit4ClassRunner.java:217)
	at org.jboss.arquillian.junit.Arquillian.access$300(Arquillian.java:54)
	at org.jboss.arquillian.junit.Arquillian$6.runReflectiveCall(Arquillian.java:248)
	at org.junit.internal.runners.model.ReflectiveCallable.run(ReflectiveCallable.java:12)
	at org.jboss.arquillian.junit.Arquillian.methodBlock(Arquillian.java:250)
	at org.junit.runners.BlockJUnit4ClassRunner.runChild(BlockJUnit4ClassRunner.java:78)
	at org.junit.runners.BlockJUnit4ClassRunner.runChild(BlockJUnit4ClassRunner.java:57)
	at org.junit.runners.ParentRunner$3.run(ParentRunner.java:290)
	at org.junit.runners.ParentRunner$1.schedule(ParentRunner.java:71)
	at org.junit.runners.ParentRunner.runChildren(ParentRunner.java:288)
	at org.junit.runners.ParentRunner.access$000(ParentRunner.java:58)
	at org.junit.runners.ParentRunner$2.evaluate(ParentRunner.java:268)
	at org.jboss.arquillian.junit.Arquillian$2.evaluate(Arquillian.java:174)
	at org.jboss.arquillian.junit.Arquillian.multiExecute(Arquillian.java:376)
	at org.jboss.arquillian.junit.Arquillian.access$200(Arquillian.java:54)
	at org.jboss.arquillian.junit.Arquillian$3.evaluate(Arquillian.java:185)
	at org.junit.runners.ParentRunner.run(ParentRunner.java:363)
	at org.jboss.arquillian.junit.Arquillian.run(Arquillian.java:140)
	at org.apache.maven.surefire.junit4.JUnit4Provider.execute(JUnit4Provider.java:252)
	at org.apache.maven.surefire.junit4.JUnit4Provider.executeTestSet(JUnit4Provider.java:141)
	at org.apache.maven.surefire.junit4.JUnit4Provider.invoke(JUnit4Provider.java:112)
	at java.base/jdk.internal.reflect.NativeMethodAccessorImpl.invoke0(Native Method)
	at java.base/jdk.internal.reflect.NativeMethodAccessorImpl.invoke(NativeMethodAccessorImpl.java:62)
	at java.base/jdk.internal.reflect.DelegatingMethodAccessorImpl.invoke(DelegatingMethodAccessorImpl.java:43)
	at java.base/java.lang.reflect.Method.invoke(Method.java:566)
	at org.apache.maven.surefire.util.ReflectionUtils.invokeMethodWithArray(ReflectionUtils.java:189)
	at org.apache.maven.surefire.booter.ProviderFactory$ProviderProxy.invoke(ProviderFactory.java:165)
	at org.apache.maven.surefire.booter.ProviderFactory.invokeProvider(ProviderFactory.java:85)
	at org.apache.maven.surefire.booter.ForkedBooter.runSuitesInProcess(ForkedBooter.java:115)
	at org.apache.maven.surefire.booter.ForkedBooter.main(ForkedBooter.java:75)
</error>
  </testcase>
  <testcase classname="com.ejwa.orm.model.dao.CustomerDAOTest" name="checkThatFindCustomerMatchingHomeAdressMatchesCorrectly" time="0">
    <error message="Expecting a stackmap frame at branch target 48
Exception Details:
  Location:
    com/ejwa/orm/model/entity/Customer.setPassword(Ljava/lang/String;)V @23: ifnonnull
  Reason:
    Expected stackmap frame at this location.
  Bytecode:
    0000000: 033d 11ff ff3e 1222 1100 0fb8 0028 2b11
    0000010: 000f 3d11 0000 3ec7 0019 1222 1c1d 04b8
    0000020: 0053 11ff ff3e bb00 5559 125c b700 59bf
    0000030: 1d9b 000f 1222 1c1d 03b8 0053 11ff ff3e
    0000040: 2a2b b500 2fb1                         
  Stackmap Table:
    same_frame_extended(@64)
" type="java.lang.VerifyError">java.lang.VerifyError: Expecting a stackmap frame at branch target 48
Exception Details:
  Location:
    com/ejwa/orm/model/entity/Customer.setPassword(Ljava/lang/String;)V @23: ifnonnull
  Reason:
    Expected stackmap frame at this location.
  Bytecode:
    0000000: 033d 11ff ff3e 1222 1100 0fb8 0028 2b11
    0000010: 000f 3d11 0000 3ec7 0019 1222 1c1d 04b8
    0000020: 0053 11ff ff3e bb00 5559 125c b700 59bf
    0000030: 1d9b 000f 1222 1c1d 03b8 0053 11ff ff3e
    0000040: 2a2b b500 2fb1                         
  Stackmap Table:
    same_frame_extended(@64)

	at com.ejwa.orm.model.dao.CustomerDAOTest.&lt;init&gt;(CustomerDAOTest.java:30)
	at java.base/jdk.internal.reflect.NativeConstructorAccessorImpl.newInstance0(Native Method)
	at java.base/jdk.internal.reflect.NativeConstructorAccessorImpl.newInstance(NativeConstructorAccessorImpl.java:62)
	at java.base/jdk.internal.reflect.DelegatingConstructorAccessorImpl.newInstance(DelegatingConstructorAccessorImpl.java:45)
	at java.base/java.lang.reflect.Constructor.newInstance(Constructor.java:490)
	at org.junit.runners.BlockJUnit4ClassRunner.createTest(BlockJUnit4ClassRunner.java:217)
	at org.jboss.arquillian.junit.Arquillian.access$300(Arquillian.java:54)
	at org.jboss.arquillian.junit.Arquillian$6.runReflectiveCall(Arquillian.java:248)
	at org.junit.internal.runners.model.ReflectiveCallable.run(ReflectiveCallable.java:12)
	at org.jboss.arquillian.junit.Arquillian.methodBlock(Arquillian.java:250)
	at org.junit.runners.BlockJUnit4ClassRunner.runChild(BlockJUnit4ClassRunner.java:78)
	at org.junit.runners.BlockJUnit4ClassRunner.runChild(BlockJUnit4ClassRunner.java:57)
	at org.junit.runners.ParentRunner$3.run(ParentRunner.java:290)
	at org.junit.runners.ParentRunner$1.schedule(ParentRunner.java:71)
	at org.junit.runners.ParentRunner.runChildren(ParentRunner.java:288)
	at org.junit.runners.ParentRunner.access$000(ParentRunner.java:58)
	at org.junit.runners.ParentRunner$2.evaluate(ParentRunner.java:268)
	at org.jboss.arquillian.junit.Arquillian$2.evaluate(Arquillian.java:174)
	at org.jboss.arquillian.junit.Arquillian.multiExecute(Arquillian.java:376)
	at org.jboss.arquillian.junit.Arquillian.access$200(Arquillian.java:54)
	at org.jboss.arquillian.junit.Arquillian$3.evaluate(Arquillian.java:185)
	at org.junit.runners.ParentRunner.run(ParentRunner.java:363)
	at org.jboss.arquillian.junit.Arquillian.run(Arquillian.java:140)
	at org.apache.maven.surefire.junit4.JUnit4Provider.execute(JUnit4Provider.java:252)
	at org.apache.maven.surefire.junit4.JUnit4Provider.executeTestSet(JUnit4Provider.java:141)
	at org.apache.maven.surefire.junit4.JUnit4Provider.invoke(JUnit4Provider.java:112)
	at java.base/jdk.internal.reflect.NativeMethodAccessorImpl.invoke0(Native Method)
	at java.base/jdk.internal.reflect.NativeMethodAccessorImpl.invoke(NativeMethodAccessorImpl.java:62)
	at java.base/jdk.internal.reflect.DelegatingMethodAccessorImpl.invoke(DelegatingMethodAccessorImpl.java:43)
	at java.base/java.lang.reflect.Method.invoke(Method.java:566)
	at org.apache.maven.surefire.util.ReflectionUtils.invokeMethodWithArray(ReflectionUtils.java:189)
	at org.apache.maven.surefire.booter.ProviderFactory$ProviderProxy.invoke(ProviderFactory.java:165)
	at org.apache.maven.surefire.booter.ProviderFactory.invokeProvider(ProviderFactory.java:85)
	at org.apache.maven.surefire.booter.ForkedBooter.runSuitesInProcess(ForkedBooter.java:115)
	at org.apache.maven.surefire.booter.ForkedBooter.main(ForkedBooter.java:75)
</error>
  </testcase>
  <testcase classname="com.ejwa.orm.model.dao.CustomerDAOTest" name="checkThatAuthenticateCustomerMatchesCorrectly" time="0">
    <error message="Expecting a stackmap frame at branch target 48
Exception Details:
  Location:
    com/ejwa/orm/model/entity/Customer.setPassword(Ljava/lang/String;)V @23: ifnonnull
  Reason:
    Expected stackmap frame at this location.
  Bytecode:
    0000000: 033d 11ff ff3e 1222 1100 0fb8 0028 2b11
    0000010: 000f 3d11 0000 3ec7 0019 1222 1c1d 04b8
    0000020: 0053 11ff ff3e bb00 5559 125c b700 59bf
    0000030: 1d9b 000f 1222 1c1d 03b8 0053 11ff ff3e
    0000040: 2a2b b500 2fb1                         
  Stackmap Table:
    same_frame_extended(@64)
" type="java.lang.VerifyError">java.lang.VerifyError: Expecting a stackmap frame at branch target 48
Exception Details:
  Location:
    com/ejwa/orm/model/entity/Customer.setPassword(Ljava/lang/String;)V @23: ifnonnull
  Reason:
    Expected stackmap frame at this location.
  Bytecode:
    0000000: 033d 11ff ff3e 1222 1100 0fb8 0028 2b11
    0000010: 000f 3d11 0000 3ec7 0019 1222 1c1d 04b8
    0000020: 0053 11ff ff3e bb00 5559 125c b700 59bf
    0000030: 1d9b 000f 1222 1c1d 03b8 0053 11ff ff3e
    0000040: 2a2b b500 2fb1                         
  Stackmap Table:
    same_frame_extended(@64)

	at com.ejwa.orm.model.dao.CustomerDAOTest.&lt;init&gt;(CustomerDAOTest.java:30)
	at java.base/jdk.internal.reflect.NativeConstructorAccessorImpl.newInstance0(Native Method)
	at java.base/jdk.internal.reflect.NativeConstructorAccessorImpl.newInstance(NativeConstructorAccessorImpl.java:62)
	at java.base/jdk.internal.reflect.DelegatingConstructorAccessorImpl.newInstance(DelegatingConstructorAccessorImpl.java:45)
	at java.base/java.lang.reflect.Constructor.newInstance(Constructor.java:490)
	at org.junit.runners.BlockJUnit4ClassRunner.createTest(BlockJUnit4ClassRunner.java:217)
	at org.jboss.arquillian.junit.Arquillian.access$300(Arquillian.java:54)
	at org.jboss.arquillian.junit.Arquillian$6.runReflectiveCall(Arquillian.java:248)
	at org.junit.internal.runners.model.ReflectiveCallable.run(ReflectiveCallable.java:12)
	at org.jboss.arquillian.junit.Arquillian.methodBlock(Arquillian.java:250)
	at org.junit.runners.BlockJUnit4ClassRunner.runChild(BlockJUnit4ClassRunner.java:78)
	at org.junit.runners.BlockJUnit4ClassRunner.runChild(BlockJUnit4ClassRunner.java:57)
	at org.junit.runners.ParentRunner$3.run(ParentRunner.java:290)
	at org.junit.runners.ParentRunner$1.schedule(ParentRunner.java:71)
	at org.junit.runners.ParentRunner.runChildren(ParentRunner.java:288)
	at org.junit.runners.ParentRunner.access$000(ParentRunner.java:58)
	at org.junit.runners.ParentRunner$2.evaluate(ParentRunner.java:268)
	at org.jboss.arquillian.junit.Arquillian$2.evaluate(Arquillian.java:174)
	at org.jboss.arquillian.junit.Arquillian.multiExecute(Arquillian.java:376)
	at org.jboss.arquillian.junit.Arquillian.access$200(Arquillian.java:54)
	at org.jboss.arquillian.junit.Arquillian$3.evaluate(Arquillian.java:185)
	at org.junit.runners.ParentRunner.run(ParentRunner.java:363)
	at org.jboss.arquillian.junit.Arquillian.run(Arquillian.java:140)
	at org.apache.maven.surefire.junit4.JUnit4Provider.execute(JUnit4Provider.java:252)
	at org.apache.maven.surefire.junit4.JUnit4Provider.executeTestSet(JUnit4Provider.java:141)
	at org.apache.maven.surefire.junit4.JUnit4Provider.invoke(JUnit4Provider.java:112)
	at java.base/jdk.internal.reflect.NativeMethodAccessorImpl.invoke0(Native Method)
	at java.base/jdk.internal.reflect.NativeMethodAccessorImpl.invoke(NativeMethodAccessorImpl.java:62)
	at java.base/jdk.internal.reflect.DelegatingMethodAccessorImpl.invoke(DelegatingMethodAccessorImpl.java:43)
	at java.base/java.lang.reflect.Method.invoke(Method.java:566)
	at org.apache.maven.surefire.util.ReflectionUtils.invokeMethodWithArray(ReflectionUtils.java:189)
	at org.apache.maven.surefire.booter.ProviderFactory$ProviderProxy.invoke(ProviderFactory.java:165)
	at org.apache.maven.surefire.booter.ProviderFactory.invokeProvider(ProviderFactory.java:85)
	at org.apache.maven.surefire.booter.ForkedBooter.runSuitesInProcess(ForkedBooter.java:115)
	at org.apache.maven.surefire.booter.ForkedBooter.main(ForkedBooter.java:75)
</error>
  </testcase>
  <testcase classname="com.ejwa.orm.model.dao.CustomerDAOTest" name="checkThatFindCustomerMatchingLastNameMatchesCorrectly" time="0">
    <error message="Expecting a stackmap frame at branch target 48
Exception Details:
  Location:
    com/ejwa/orm/model/entity/Customer.setPassword(Ljava/lang/String;)V @23: ifnonnull
  Reason:
    Expected stackmap frame at this location.
  Bytecode:
    0000000: 033d 11ff ff3e 1222 1100 0fb8 0028 2b11
    0000010: 000f 3d11 0000 3ec7 0019 1222 1c1d 04b8
    0000020: 0053 11ff ff3e bb00 5559 125c b700 59bf
    0000030: 1d9b 000f 1222 1c1d 03b8 0053 11ff ff3e
    0000040: 2a2b b500 2fb1                         
  Stackmap Table:
    same_frame_extended(@64)
" type="java.lang.VerifyError">java.lang.VerifyError: Expecting a stackmap frame at branch target 48
Exception Details:
  Location:
    com/ejwa/orm/model/entity/Customer.setPassword(Ljava/lang/String;)V @23: ifnonnull
  Reason:
    Expected stackmap frame at this location.
  Bytecode:
    0000000: 033d 11ff ff3e 1222 1100 0fb8 0028 2b11
    0000010: 000f 3d11 0000 3ec7 0019 1222 1c1d 04b8
    0000020: 0053 11ff ff3e bb00 5559 125c b700 59bf
    0000030: 1d9b 000f 1222 1c1d 03b8 0053 11ff ff3e
    0000040: 2a2b b500 2fb1                         
  Stackmap Table:
    same_frame_extended(@64)

	at com.ejwa.orm.model.dao.CustomerDAOTest.&lt;init&gt;(CustomerDAOTest.java:30)
	at java.base/jdk.internal.reflect.NativeConstructorAccessorImpl.newInstance0(Native Method)
	at java.base/jdk.internal.reflect.NativeConstructorAccessorImpl.newInstance(NativeConstructorAccessorImpl.java:62)
	at java.base/jdk.internal.reflect.DelegatingConstructorAccessorImpl.newInstance(DelegatingConstructorAccessorImpl.java:45)
	at java.base/java.lang.reflect.Constructor.newInstance(Constructor.java:490)
	at org.junit.runners.BlockJUnit4ClassRunner.createTest(BlockJUnit4ClassRunner.java:217)
	at org.jboss.arquillian.junit.Arquillian.access$300(Arquillian.java:54)
	at org.jboss.arquillian.junit.Arquillian$6.runReflectiveCall(Arquillian.java:248)
	at org.junit.internal.runners.model.ReflectiveCallable.run(ReflectiveCallable.java:12)
	at org.jboss.arquillian.junit.Arquillian.methodBlock(Arquillian.java:250)
	at org.junit.runners.BlockJUnit4ClassRunner.runChild(BlockJUnit4ClassRunner.java:78)
	at org.junit.runners.BlockJUnit4ClassRunner.runChild(BlockJUnit4ClassRunner.java:57)
	at org.junit.runners.ParentRunner$3.run(ParentRunner.java:290)
	at org.junit.runners.ParentRunner$1.schedule(ParentRunner.java:71)
	at org.junit.runners.ParentRunner.runChildren(ParentRunner.java:288)
	at org.junit.runners.ParentRunner.access$000(ParentRunner.java:58)
	at org.junit.runners.ParentRunner$2.evaluate(ParentRunner.java:268)
	at org.jboss.arquillian.junit.Arquillian$2.evaluate(Arquillian.java:174)
	at org.jboss.arquillian.junit.Arquillian.multiExecute(Arquillian.java:376)
	at org.jboss.arquillian.junit.Arquillian.access$200(Arquillian.java:54)
	at org.jboss.arquillian.junit.Arquillian$3.evaluate(Arquillian.java:185)
	at org.junit.runners.ParentRunner.run(ParentRunner.java:363)
	at org.jboss.arquillian.junit.Arquillian.run(Arquillian.java:140)
	at org.apache.maven.surefire.junit4.JUnit4Provider.execute(JUnit4Provider.java:252)
	at org.apache.maven.surefire.junit4.JUnit4Provider.executeTestSet(JUnit4Provider.java:141)
	at org.apache.maven.surefire.junit4.JUnit4Provider.invoke(JUnit4Provider.java:112)
	at java.base/jdk.internal.reflect.NativeMethodAccessorImpl.invoke0(Native Method)
	at java.base/jdk.internal.reflect.NativeMethodAccessorImpl.invoke(NativeMethodAccessorImpl.java:62)
	at java.base/jdk.internal.reflect.DelegatingMethodAccessorImpl.invoke(DelegatingMethodAccessorImpl.java:43)
	at java.base/java.lang.reflect.Method.invoke(Method.java:566)
	at org.apache.maven.surefire.util.ReflectionUtils.invokeMethodWithArray(ReflectionUtils.java:189)
	at org.apache.maven.surefire.booter.ProviderFactory$ProviderProxy.invoke(ProviderFactory.java:165)
	at org.apache.maven.surefire.booter.ProviderFactory.invokeProvider(ProviderFactory.java:85)
	at org.apache.maven.surefire.booter.ForkedBooter.runSuitesInProcess(ForkedBooter.java:115)
	at org.apache.maven.surefire.booter.ForkedBooter.main(ForkedBooter.java:75)
</error>
  </testcase>
  <testcase classname="com.ejwa.orm.model.dao.CustomerDAOTest" name="checkThatFindCustomerMatchingFirstNameMatchesCorrectly" time="0">
    <error message="Expecting a stackmap frame at branch target 48
Exception Details:
  Location:
    com/ejwa/orm/model/entity/Customer.setPassword(Ljava/lang/String;)V @23: ifnonnull
  Reason:
    Expected stackmap frame at this location.
  Bytecode:
    0000000: 033d 11ff ff3e 1222 1100 0fb8 0028 2b11
    0000010: 000f 3d11 0000 3ec7 0019 1222 1c1d 04b8
    0000020: 0053 11ff ff3e bb00 5559 125c b700 59bf
    0000030: 1d9b 000f 1222 1c1d 03b8 0053 11ff ff3e
    0000040: 2a2b b500 2fb1                         
  Stackmap Table:
    same_frame_extended(@64)
" type="java.lang.VerifyError">java.lang.VerifyError: Expecting a stackmap frame at branch target 48
Exception Details:
  Location:
    com/ejwa/orm/model/entity/Customer.setPassword(Ljava/lang/String;)V @23: ifnonnull
  Reason:
    Expected stackmap frame at this location.
  Bytecode:
    0000000: 033d 11ff ff3e 1222 1100 0fb8 0028 2b11
    0000010: 000f 3d11 0000 3ec7 0019 1222 1c1d 04b8
    0000020: 0053 11ff ff3e bb00 5559 125c b700 59bf
    0000030: 1d9b 000f 1222 1c1d 03b8 0053 11ff ff3e
    0000040: 2a2b b500 2fb1                         
  Stackmap Table:
    same_frame_extended(@64)

	at com.ejwa.orm.model.dao.CustomerDAOTest.&lt;init&gt;(CustomerDAOTest.java:30)
	at java.base/jdk.internal.reflect.NativeConstructorAccessorImpl.newInstance0(Native Method)
	at java.base/jdk.internal.reflect.NativeConstructorAccessorImpl.newInstance(NativeConstructorAccessorImpl.java:62)
	at java.base/jdk.internal.reflect.DelegatingConstructorAccessorImpl.newInstance(DelegatingConstructorAccessorImpl.java:45)
	at java.base/java.lang.reflect.Constructor.newInstance(Constructor.java:490)
	at org.junit.runners.BlockJUnit4ClassRunner.createTest(BlockJUnit4ClassRunner.java:217)
	at org.jboss.arquillian.junit.Arquillian.access$300(Arquillian.java:54)
	at org.jboss.arquillian.junit.Arquillian$6.runReflectiveCall(Arquillian.java:248)
	at org.junit.internal.runners.model.ReflectiveCallable.run(ReflectiveCallable.java:12)
	at org.jboss.arquillian.junit.Arquillian.methodBlock(Arquillian.java:250)
	at org.junit.runners.BlockJUnit4ClassRunner.runChild(BlockJUnit4ClassRunner.java:78)
	at org.junit.runners.BlockJUnit4ClassRunner.runChild(BlockJUnit4ClassRunner.java:57)
	at org.junit.runners.ParentRunner$3.run(ParentRunner.java:290)
	at org.junit.runners.ParentRunner$1.schedule(ParentRunner.java:71)
	at org.junit.runners.ParentRunner.runChildren(ParentRunner.java:288)
	at org.junit.runners.ParentRunner.access$000(ParentRunner.java:58)
	at org.junit.runners.ParentRunner$2.evaluate(ParentRunner.java:268)
	at org.jboss.arquillian.junit.Arquillian$2.evaluate(Arquillian.java:174)
	at org.jboss.arquillian.junit.Arquillian.multiExecute(Arquillian.java:376)
	at org.jboss.arquillian.junit.Arquillian.access$200(Arquillian.java:54)
	at org.jboss.arquillian.junit.Arquillian$3.evaluate(Arquillian.java:185)
	at org.junit.runners.ParentRunner.run(ParentRunner.java:363)
	at org.jboss.arquillian.junit.Arquillian.run(Arquillian.java:140)
	at org.apache.maven.surefire.junit4.JUnit4Provider.execute(JUnit4Provider.java:252)
	at org.apache.maven.surefire.junit4.JUnit4Provider.executeTestSet(JUnit4Provider.java:141)
	at org.apache.maven.surefire.junit4.JUnit4Provider.invoke(JUnit4Provider.java:112)
	at java.base/jdk.internal.reflect.NativeMethodAccessorImpl.invoke0(Native Method)
	at java.base/jdk.internal.reflect.NativeMethodAccessorImpl.invoke(NativeMethodAccessorImpl.java:62)
	at java.base/jdk.internal.reflect.DelegatingMethodAccessorImpl.invoke(DelegatingMethodAccessorImpl.java:43)
	at java.base/java.lang.reflect.Method.invoke(Method.java:566)
	at org.apache.maven.surefire.util.ReflectionUtils.invokeMethodWithArray(ReflectionUtils.java:189)
	at org.apache.maven.surefire.booter.ProviderFactory$ProviderProxy.invoke(ProviderFactory.java:165)
	at org.apache.maven.surefire.booter.ProviderFactory.invokeProvider(ProviderFactory.java:85)
	at org.apache.maven.surefire.booter.ForkedBooter.runSuitesInProcess(ForkedBooter.java:115)
	at org.apache.maven.surefire.booter.ForkedBooter.main(ForkedBooter.java:75)
</error>
  </testcase>
  <testcase classname="com.ejwa.orm.model.dao.CustomerDAOTest" name="checkThatFindCustomerMatchingFShippingAdressMatchesCorrectly" time="0">
    <error message="Expecting a stackmap frame at branch target 48
Exception Details:
  Location:
    com/ejwa/orm/model/entity/Customer.setPassword(Ljava/lang/String;)V @23: ifnonnull
  Reason:
    Expected stackmap frame at this location.
  Bytecode:
    0000000: 033d 11ff ff3e 1222 1100 0fb8 0028 2b11
    0000010: 000f 3d11 0000 3ec7 0019 1222 1c1d 04b8
    0000020: 0053 11ff ff3e bb00 5559 125c b700 59bf
    0000030: 1d9b 000f 1222 1c1d 03b8 0053 11ff ff3e
    0000040: 2a2b b500 2fb1                         
  Stackmap Table:
    same_frame_extended(@64)
" type="java.lang.VerifyError">java.lang.VerifyError: Expecting a stackmap frame at branch target 48
Exception Details:
  Location:
    com/ejwa/orm/model/entity/Customer.setPassword(Ljava/lang/String;)V @23: ifnonnull
  Reason:
    Expected stackmap frame at this location.
  Bytecode:
    0000000: 033d 11ff ff3e 1222 1100 0fb8 0028 2b11
    0000010: 000f 3d11 0000 3ec7 0019 1222 1c1d 04b8
    0000020: 0053 11ff ff3e bb00 5559 125c b700 59bf
    0000030: 1d9b 000f 1222 1c1d 03b8 0053 11ff ff3e
    0000040: 2a2b b500 2fb1                         
  Stackmap Table:
    same_frame_extended(@64)

	at com.ejwa.orm.model.dao.CustomerDAOTest.&lt;init&gt;(CustomerDAOTest.java:30)
	at java.base/jdk.internal.reflect.NativeConstructorAccessorImpl.newInstance0(Native Method)
	at java.base/jdk.internal.reflect.NativeConstructorAccessorImpl.newInstance(NativeConstructorAccessorImpl.java:62)
	at java.base/jdk.internal.reflect.DelegatingConstructorAccessorImpl.newInstance(DelegatingConstructorAccessorImpl.java:45)
	at java.base/java.lang.reflect.Constructor.newInstance(Constructor.java:490)
	at org.junit.runners.BlockJUnit4ClassRunner.createTest(BlockJUnit4ClassRunner.java:217)
	at org.jboss.arquillian.junit.Arquillian.access$300(Arquillian.java:54)
	at org.jboss.arquillian.junit.Arquillian$6.runReflectiveCall(Arquillian.java:248)
	at org.junit.internal.runners.model.ReflectiveCallable.run(ReflectiveCallable.java:12)
	at org.jboss.arquillian.junit.Arquillian.methodBlock(Arquillian.java:250)
	at org.junit.runners.BlockJUnit4ClassRunner.runChild(BlockJUnit4ClassRunner.java:78)
	at org.junit.runners.BlockJUnit4ClassRunner.runChild(BlockJUnit4ClassRunner.java:57)
	at org.junit.runners.ParentRunner$3.run(ParentRunner.java:290)
	at org.junit.runners.ParentRunner$1.schedule(ParentRunner.java:71)
	at org.junit.runners.ParentRunner.runChildren(ParentRunner.java:288)
	at org.junit.runners.ParentRunner.access$000(ParentRunner.java:58)
	at org.junit.runners.ParentRunner$2.evaluate(ParentRunner.java:268)
	at org.jboss.arquillian.junit.Arquillian$2.evaluate(Arquillian.java:174)
	at org.jboss.arquillian.junit.Arquillian.multiExecute(Arquillian.java:376)
	at org.jboss.arquillian.junit.Arquillian.access$200(Arquillian.java:54)
	at org.jboss.arquillian.junit.Arquillian$3.evaluate(Arquillian.java:185)
	at org.junit.runners.ParentRunner.run(ParentRunner.java:363)
	at org.jboss.arquillian.junit.Arquillian.run(Arquillian.java:140)
	at org.apache.maven.surefire.junit4.JUnit4Provider.execute(JUnit4Provider.java:252)
	at org.apache.maven.surefire.junit4.JUnit4Provider.executeTestSet(JUnit4Provider.java:141)
	at org.apache.maven.surefire.junit4.JUnit4Provider.invoke(JUnit4Provider.java:112)
	at java.base/jdk.internal.reflect.NativeMethodAccessorImpl.invoke0(Native Method)
	at java.base/jdk.internal.reflect.NativeMethodAccessorImpl.invoke(NativeMethodAccessorImpl.java:62)
	at java.base/jdk.internal.reflect.DelegatingMethodAccessorImpl.invoke(DelegatingMethodAccessorImpl.java:43)
	at java.base/java.lang.reflect.Method.invoke(Method.java:566)
	at org.apache.maven.surefire.util.ReflectionUtils.invokeMethodWithArray(ReflectionUtils.java:189)
	at org.apache.maven.surefire.booter.ProviderFactory$ProviderProxy.invoke(ProviderFactory.java:165)
	at org.apache.maven.surefire.booter.ProviderFactory.invokeProvider(ProviderFactory.java:85)
	at org.apache.maven.surefire.booter.ForkedBooter.runSuitesInProcess(ForkedBooter.java:115)
	at org.apache.maven.surefire.booter.ForkedBooter.main(ForkedBooter.java:75)
</error>
  </testcase>
  <testcase classname="com.ejwa.orm.model.dao.CustomerDAOTest" name="checkThatFindCustomerMatchingIDMatchesCorrectly" time="0">
    <error message="Expecting a stackmap frame at branch target 48
Exception Details:
  Location:
    com/ejwa/orm/model/entity/Customer.setPassword(Ljava/lang/String;)V @23: ifnonnull
  Reason:
    Expected stackmap frame at this location.
  Bytecode:
    0000000: 033d 11ff ff3e 1222 1100 0fb8 0028 2b11
    0000010: 000f 3d11 0000 3ec7 0019 1222 1c1d 04b8
    0000020: 0053 11ff ff3e bb00 5559 125c b700 59bf
    0000030: 1d9b 000f 1222 1c1d 03b8 0053 11ff ff3e
    0000040: 2a2b b500 2fb1                         
  Stackmap Table:
    same_frame_extended(@64)
" type="java.lang.VerifyError">java.lang.VerifyError: Expecting a stackmap frame at branch target 48
Exception Details:
  Location:
    com/ejwa/orm/model/entity/Customer.setPassword(Ljava/lang/String;)V @23: ifnonnull
  Reason:
    Expected stackmap frame at this location.
  Bytecode:
    0000000: 033d 11ff ff3e 1222 1100 0fb8 0028 2b11
    0000010: 000f 3d11 0000 3ec7 0019 1222 1c1d 04b8
    0000020: 0053 11ff ff3e bb00 5559 125c b700 59bf
    0000030: 1d9b 000f 1222 1c1d 03b8 0053 11ff ff3e
    0000040: 2a2b b500 2fb1                         
  Stackmap Table:
    same_frame_extended(@64)

	at com.ejwa.orm.model.dao.CustomerDAOTest.&lt;init&gt;(CustomerDAOTest.java:30)
	at java.base/jdk.internal.reflect.NativeConstructorAccessorImpl.newInstance0(Native Method)
	at java.base/jdk.internal.reflect.NativeConstructorAccessorImpl.newInstance(NativeConstructorAccessorImpl.java:62)
	at java.base/jdk.internal.reflect.DelegatingConstructorAccessorImpl.newInstance(DelegatingConstructorAccessorImpl.java:45)
	at java.base/java.lang.reflect.Constructor.newInstance(Constructor.java:490)
	at org.junit.runners.BlockJUnit4ClassRunner.createTest(BlockJUnit4ClassRunner.java:217)
	at org.jboss.arquillian.junit.Arquillian.access$300(Arquillian.java:54)
	at org.jboss.arquillian.junit.Arquillian$6.runReflectiveCall(Arquillian.java:248)
	at org.junit.internal.runners.model.ReflectiveCallable.run(ReflectiveCallable.java:12)
	at org.jboss.arquillian.junit.Arquillian.methodBlock(Arquillian.java:250)
	at org.junit.runners.BlockJUnit4ClassRunner.runChild(BlockJUnit4ClassRunner.java:78)
	at org.junit.runners.BlockJUnit4ClassRunner.runChild(BlockJUnit4ClassRunner.java:57)
	at org.junit.runners.ParentRunner$3.run(ParentRunner.java:290)
	at org.junit.runners.ParentRunner$1.schedule(ParentRunner.java:71)
	at org.junit.runners.ParentRunner.runChildren(ParentRunner.java:288)
	at org.junit.runners.ParentRunner.access$000(ParentRunner.java:58)
	at org.junit.runners.ParentRunner$2.evaluate(ParentRunner.java:268)
	at org.jboss.arquillian.junit.Arquillian$2.evaluate(Arquillian.java:174)
	at org.jboss.arquillian.junit.Arquillian.multiExecute(Arquillian.java:376)
	at org.jboss.arquillian.junit.Arquillian.access$200(Arquillian.java:54)
	at org.jboss.arquillian.junit.Arquillian$3.evaluate(Arquillian.java:185)
	at org.junit.runners.ParentRunner.run(ParentRunner.java:363)
	at org.jboss.arquillian.junit.Arquillian.run(Arquillian.java:140)
	at org.apache.maven.surefire.junit4.JUnit4Provider.execute(JUnit4Provider.java:252)
	at org.apache.maven.surefire.junit4.JUnit4Provider.executeTestSet(JUnit4Provider.java:141)
	at org.apache.maven.surefire.junit4.JUnit4Provider.invoke(JUnit4Provider.java:112)
	at java.base/jdk.internal.reflect.NativeMethodAccessorImpl.invoke0(Native Method)
	at java.base/jdk.internal.reflect.NativeMethodAccessorImpl.invoke(NativeMethodAccessorImpl.java:62)
	at java.base/jdk.internal.reflect.DelegatingMethodAccessorImpl.invoke(DelegatingMethodAccessorImpl.java:43)
	at java.base/java.lang.reflect.Method.invoke(Method.java:566)
	at org.apache.maven.surefire.util.ReflectionUtils.invokeMethodWithArray(ReflectionUtils.java:189)
	at org.apache.maven.surefire.booter.ProviderFactory$ProviderProxy.invoke(ProviderFactory.java:165)
	at org.apache.maven.surefire.booter.ProviderFactory.invokeProvider(ProviderFactory.java:85)
	at org.apache.maven.surefire.booter.ForkedBooter.runSuitesInProcess(ForkedBooter.java:115)
	at org.apache.maven.surefire.booter.ForkedBooter.main(ForkedBooter.java:75)
</error>
  </testcase>
  <testcase classname="com.ejwa.orm.model.dao.CustomerDAOTest" name="checkThatis_registered_CustomerCorrectly" time="0">
    <error message="Expecting a stackmap frame at branch target 48
Exception Details:
  Location:
    com/ejwa/orm/model/entity/Customer.setPassword(Ljava/lang/String;)V @23: ifnonnull
  Reason:
    Expected stackmap frame at this location.
  Bytecode:
    0000000: 033d 11ff ff3e 1222 1100 0fb8 0028 2b11
    0000010: 000f 3d11 0000 3ec7 0019 1222 1c1d 04b8
    0000020: 0053 11ff ff3e bb00 5559 125c b700 59bf
    0000030: 1d9b 000f 1222 1c1d 03b8 0053 11ff ff3e
    0000040: 2a2b b500 2fb1                         
  Stackmap Table:
    same_frame_extended(@64)
" type="java.lang.VerifyError">java.lang.VerifyError: Expecting a stackmap frame at branch target 48
Exception Details:
  Location:
    com/ejwa/orm/model/entity/Customer.setPassword(Ljava/lang/String;)V @23: ifnonnull
  Reason:
    Expected stackmap frame at this location.
  Bytecode:
    0000000: 033d 11ff ff3e 1222 1100 0fb8 0028 2b11
    0000010: 000f 3d11 0000 3ec7 0019 1222 1c1d 04b8
    0000020: 0053 11ff ff3e bb00 5559 125c b700 59bf
    0000030: 1d9b 000f 1222 1c1d 03b8 0053 11ff ff3e
    0000040: 2a2b b500 2fb1                         
  Stackmap Table:
    same_frame_extended(@64)

	at com.ejwa.orm.model.dao.CustomerDAOTest.&lt;init&gt;(CustomerDAOTest.java:30)
	at java.base/jdk.internal.reflect.NativeConstructorAccessorImpl.newInstance0(Native Method)
	at java.base/jdk.internal.reflect.NativeConstructorAccessorImpl.newInstance(NativeConstructorAccessorImpl.java:62)
	at java.base/jdk.internal.reflect.DelegatingConstructorAccessorImpl.newInstance(DelegatingConstructorAccessorImpl.java:45)
	at java.base/java.lang.reflect.Constructor.newInstance(Constructor.java:490)
	at org.junit.runners.BlockJUnit4ClassRunner.createTest(BlockJUnit4ClassRunner.java:217)
	at org.jboss.arquillian.junit.Arquillian.access$300(Arquillian.java:54)
	at org.jboss.arquillian.junit.Arquillian$6.runReflectiveCall(Arquillian.java:248)
	at org.junit.internal.runners.model.ReflectiveCallable.run(ReflectiveCallable.java:12)
	at org.jboss.arquillian.junit.Arquillian.methodBlock(Arquillian.java:250)
	at org.junit.runners.BlockJUnit4ClassRunner.runChild(BlockJUnit4ClassRunner.java:78)
	at org.junit.runners.BlockJUnit4ClassRunner.runChild(BlockJUnit4ClassRunner.java:57)
	at org.junit.runners.ParentRunner$3.run(ParentRunner.java:290)
	at org.junit.runners.ParentRunner$1.schedule(ParentRunner.java:71)
	at org.junit.runners.ParentRunner.runChildren(ParentRunner.java:288)
	at org.junit.runners.ParentRunner.access$000(ParentRunner.java:58)
	at org.junit.runners.ParentRunner$2.evaluate(ParentRunner.java:268)
	at org.jboss.arquillian.junit.Arquillian$2.evaluate(Arquillian.java:174)
	at org.jboss.arquillian.junit.Arquillian.multiExecute(Arquillian.java:376)
	at org.jboss.arquillian.junit.Arquillian.access$200(Arquillian.java:54)
	at org.jboss.arquillian.junit.Arquillian$3.evaluate(Arquillian.java:185)
	at org.junit.runners.ParentRunner.run(ParentRunner.java:363)
	at org.jboss.arquillian.junit.Arquillian.run(Arquillian.java:140)
	at org.apache.maven.surefire.junit4.JUnit4Provider.execute(JUnit4Provider.java:252)
	at org.apache.maven.surefire.junit4.JUnit4Provider.executeTestSet(JUnit4Provider.java:141)
	at org.apache.maven.surefire.junit4.JUnit4Provider.invoke(JUnit4Provider.java:112)
	at java.base/jdk.internal.reflect.NativeMethodAccessorImpl.invoke0(Native Method)
	at java.base/jdk.internal.reflect.NativeMethodAccessorImpl.invoke(NativeMethodAccessorImpl.java:62)
	at java.base/jdk.internal.reflect.DelegatingMethodAccessorImpl.invoke(DelegatingMethodAccessorImpl.java:43)
	at java.base/java.lang.reflect.Method.invoke(Method.java:566)
	at org.apache.maven.surefire.util.ReflectionUtils.invokeMethodWithArray(ReflectionUtils.java:189)
	at org.apache.maven.surefire.booter.ProviderFactory$ProviderProxy.invoke(ProviderFactory.java:165)
	at org.apache.maven.surefire.booter.ProviderFactory.invokeProvider(ProviderFactory.java:85)
	at org.apache.maven.surefire.booter.ForkedBooter.runSuitesInProcess(ForkedBooter.java:115)
	at org.apache.maven.surefire.booter.ForkedBooter.main(ForkedBooter.java:75)
</error>
  </testcase>
</testsuite>